Using pre-set license
Built from '2021.3/staging' branch; Version is '2021.3.13f1 (9e7d58001ecf) revision 10386776'; Using compiler version '192829333'; Build Type 'Release'
OS: 'Windows 10  (10.0.19045) 64bit Core' Language: 'en' Physical Memory: 8061 MB
BatchMode: 1, IsHumanControllingUs: 0, StartBugReporterOnCrash: 0, Is64bit: 1, IsPro: 1

COMMAND LINE ARGUMENTS:
C:\Program Files\Unity 2021.3.13f1\Editor\Unity.exe
-adb2
-batchMode
-noUpm
-name
AssetImportWorker6
-projectPath
C:/Users/eoinz/Desktop/geme/ProPacProject/Tank game
-logFile
Logs/AssetImportWorker6.log
-srvPort
50521
Successfully changed project path to: C:/Users/eoinz/Desktop/geme/ProPacProject/Tank game
C:/Users/eoinz/Desktop/geme/ProPacProject/Tank game
[UnityMemory] Configuration Parameters - Can be set up in boot.config
    "memorysetup-bucket-allocator-granularity=16"
    "memorysetup-bucket-allocator-bucket-count=8"
    "memorysetup-bucket-allocator-block-size=33554432"
    "memorysetup-bucket-allocator-block-count=8"
    "memorysetup-main-allocator-block-size=16777216"
    "memorysetup-thread-allocator-block-size=16777216"
    "memorysetup-gfx-main-allocator-block-size=16777216"
    "memorysetup-gfx-thread-allocator-block-size=16777216"
    "memorysetup-cache-allocator-block-size=4194304"
    "memorysetup-typetree-allocator-block-size=2097152"
    "memorysetup-profiler-bucket-allocator-granularity=16"
    "memorysetup-profiler-bucket-allocator-bucket-count=8"
    "memorysetup-profiler-bucket-allocator-block-size=33554432"
    "memorysetup-profiler-bucket-allocator-block-count=8"
    "memorysetup-profiler-allocator-block-size=16777216"
    "memorysetup-profiler-editor-allocator-block-size=1048576"
    "memorysetup-temp-allocator-size-main=16777216"
    "memorysetup-job-temp-allocator-block-size=2097152"
    "memorysetup-job-temp-allocator-block-size-background=1048576"
    "memorysetup-job-temp-allocator-reduction-small-platforms=262144"
    "memorysetup-temp-allocator-size-background-worker=32768"
    "memorysetup-temp-allocator-size-job-worker=262144"
    "memorysetup-temp-allocator-size-preload-manager=33554432"
    "memorysetup-temp-allocator-size-nav-mesh-worker=65536"
    "memorysetup-temp-allocator-size-audio-worker=65536"
    "memorysetup-temp-allocator-size-cloud-worker=32768"
    "memorysetup-temp-allocator-size-gi-baking-worker=262144"
    "memorysetup-temp-allocator-size-gfx=262144"
Refreshing native plugins compatible for Editor in 180.00 ms, found 3 plugins.
Preloading 0 native plugins for Editor in 0.00 ms.
Initialize engine version: 2021.3.13f1 (9e7d58001ecf)
[Subsystems] Discovering subsystems at path C:/Program Files/Unity 2021.3.13f1/Editor/Data/Resources/UnitySubsystems
[Subsystems] Discovering subsystems at path C:/Users/eoinz/Desktop/geme/ProPacProject/Tank game/Assets
GfxDevice: creating device client; threaded=0; jobified=0
Direct3D:
    Version:  Direct3D 11.0 [level 11.1]
    Renderer: NVIDIA GeForce RTX 2060 (ID=0x1f15)
    Vendor:   NVIDIA
    VRAM:     5980 MB
    Driver:   30.0.14.7219
Initialize mono
Mono path[0] = 'C:/Program Files/Unity 2021.3.13f1/Editor/Data/Managed'
Mono path[1] = 'C:/Program Files/Unity 2021.3.13f1/Editor/Data/MonoBleedingEdge/lib/mono/unityjit-win32'
Mono config path = 'C:/Program Files/Unity 2021.3.13f1/Editor/Data/MonoBleedingEdge/etc'
Using monoOptions --debugger-agent=transport=dt_socket,embedding=1,server=y,suspend=n,address=127.0.0.1:56916
Begin MonoManager ReloadAssembly
Registering precompiled unity dll's ...
Register platform support module: C:/Program Files/Unity 2021.3.13f1/Editor/Data/PlaybackEngines/WindowsStandaloneSupport/UnityEditor.WindowsStandalone.Extensions.dll
Registered in 0.017528 seconds.
Native extension for WindowsStandalone target not found
Refreshing native plugins compatible for Editor in 155.22 ms, found 3 plugins.
Preloading 0 native plugins for Editor in 0.00 ms.
Mono: successfully reloaded assembly
- Completed reload, in  1.150 seconds
Domain Reload Profiling:
	ReloadAssembly (1150ms)
		BeginReloadAssembly (187ms)
			ExecutionOrderSort (0ms)
			DisableScriptedObjects (0ms)
			BackupInstance (0ms)
			ReleaseScriptingObjects (0ms)
			CreateAndSetChildDomain (2ms)
		EndReloadAssembly (770ms)
			LoadAssemblies (178ms)
			RebuildTransferFunctionScriptingTraits (0ms)
			SetupTypeCache (152ms)
			ReleaseScriptCaches (0ms)
			RebuildScriptCaches (43ms)
			SetupLoadedEditorAssemblies (497ms)
				LogAssemblyErrors (0ms)
				InitializePlatformSupportModulesInManaged (13ms)
				SetLoadedEditorAssemblies (0ms)
				RefreshPlugins (155ms)
				BeforeProcessingInitializeOnLoad (2ms)
				ProcessInitializeOnLoadAttributes (245ms)
				ProcessInitializeOnLoadMethodAttributes (81ms)
				AfterProcessingInitializeOnLoad (0ms)
				EditorAssembliesLoaded (0ms)
			ExecutionOrderSort2 (0ms)
			AwakeInstancesAfterBackupRestoration (0ms)
Platform modules already initialized, skipping
Registering precompiled user dll's ...
Registered in 0.012641 seconds.
Begin MonoManager ReloadAssembly
Native extension for WindowsStandalone target not found
Refreshing native plugins compatible for Editor in 1.25 ms, found 3 plugins.
Preloading 0 native plugins for Editor in 0.00 ms.
Mono: successfully reloaded assembly
- Completed reload, in  1.882 seconds
Domain Reload Profiling:
	ReloadAssembly (1883ms)
		BeginReloadAssembly (242ms)
			ExecutionOrderSort (0ms)
			DisableScriptedObjects (8ms)
			BackupInstance (0ms)
			ReleaseScriptingObjects (1ms)
			CreateAndSetChildDomain (37ms)
		EndReloadAssembly (1452ms)
			LoadAssemblies (156ms)
			RebuildTransferFunctionScriptingTraits (0ms)
			SetupTypeCache (449ms)
			ReleaseScriptCaches (1ms)
			RebuildScriptCaches (87ms)
			SetupLoadedEditorAssemblies (691ms)
				LogAssemblyErrors (0ms)
				InitializePlatformSupportModulesInManaged (12ms)
				SetLoadedEditorAssemblies (1ms)
				RefreshPlugins (1ms)
				BeforeProcessingInitializeOnLoad (144ms)
				ProcessInitializeOnLoadAttributes (446ms)
				ProcessInitializeOnLoadMethodAttributes (69ms)
				AfterProcessingInitializeOnLoad (18ms)
				EditorAssembliesLoaded (0ms)
			ExecutionOrderSort2 (0ms)
			AwakeInstancesAfterBackupRestoration (11ms)
Platform modules already initialized, skipping
========================================================================
Worker process is ready to serve import requests
Launched and connected shader compiler UnityShaderCompiler.exe after 0.07 seconds
Refreshing native plugins compatible for Editor in 0.76 ms, found 3 plugins.
Preloading 0 native plugins for Editor in 0.00 ms.
Unloading 3570 Unused Serialized files (Serialized files now loaded: 0)
Unloading 40 unused Assets / (184.1 KB). Loaded Objects now: 4042.
Memory consumption went from 140.4 MB to 140.2 MB.
Total: 4.289500 ms (FindLiveObjects: 0.365800 ms CreateObjectMapping: 0.151200 ms MarkObjects: 3.601100 ms  DeleteObjects: 0.169700 ms)

AssetImportParameters requested are different than current active one (requested -> active):
  custom:video-decoder-ogg-theora: a1e56fd34408186e4bbccfd4996cb3dc -> 
  custom:container-muxer-webm: aa71ff27fc2769a1b78a27578f13a17b -> 
  custom:container-demuxer-webm: 4f35f7cbe854078d1ac9338744f61a02 -> 
  custom:video-encoder-webm-vp8: eb34c28f22e8b96e1ab97ce403110664 -> 
  custom:audio-encoder-webm-vorbis: bf7c407c2cedff20999df2af8eb42d56 -> 
  custom:framework-win-MediaFoundation: 216162199b28c13a410421893ffa2e32 -> 
  custom:container-demuxer-ogg: 62fdf1f143b41e24485cea50d1cbac27 -> 
  custom:video-decoder-webm-vp8: 9c59270c3fd7afecdb556c50c9e8de78 -> 
  custom:audio-decoder-ogg-vorbis: bf7c407c2cedff20999df2af8eb42d56 -> 
========================================================================
Received Import Request.
  Time since last request: 444813.471993 seconds.
  path: Assets/models/landscape/roads/tall/Prefabs/road12bisbis.prefab
  artifactKey: Guid(a7c817f99f8e97e45acfebfaccc7fe09) Importer(815301076,1909f56bfc062723c751e8b465ee728b)
Start importing Assets/models/landscape/roads/tall/Prefabs/road12bisbis.prefab using Guid(a7c817f99f8e97e45acfebfaccc7fe09) Importer(815301076,1909f56bfc062723c751e8b465ee728b)  -> (artifact id: '347b79b68646e24ff8608f2b354be8a0') in 0.120351 seconds 
========================================================================
Received Import Request.
  Time since last request: 0.000068 seconds.
  path: Assets/models/landscape/roads/tall/Prefabs/road14bisbis.prefab
  artifactKey: Guid(6d550d31a1332d146a14cc1c43ca3b85) Importer(815301076,1909f56bfc062723c751e8b465ee728b)
Start importing Assets/models/landscape/roads/tall/Prefabs/road14bisbis.prefab using Guid(6d550d31a1332d146a14cc1c43ca3b85) Importer(815301076,1909f56bfc062723c751e8b465ee728b)  -> (artifact id: 'e77618569f8ff1dbcf1507de93e1f2de') in 0.008512 seconds 
========================================================================
Received Import Request.
  Time since last request: 0.000050 seconds.
  path: Assets/models/landscape/roads/tall/Prefabs/road13.prefab
  artifactKey: Guid(5584b606ff5fd854a9a5846d073d2fc3) Importer(815301076,1909f56bfc062723c751e8b465ee728b)
Start importing Assets/models/landscape/roads/tall/Prefabs/road13.prefab using Guid(5584b606ff5fd854a9a5846d073d2fc3) Importer(815301076,1909f56bfc062723c751e8b465ee728b)  -> (artifact id: 'f32cd070b9a8ac915d23a95e19000195') in 0.006046 seconds 
========================================================================
Received Import Request.
  Time since last request: 81.017128 seconds.
  path: Assets/UI/bullets.png
  artifactKey: Guid(6c443aac5ac8d95448df5d13a10db97e) Importer(815301076,1909f56bfc062723c751e8b465ee728b)
Start importing Assets/UI/bullets.png using Guid(6c443aac5ac8d95448df5d13a10db97e) Importer(815301076,1909f56bfc062723c751e8b465ee728b)  -> (artifact id: 'a1cee1631e23bd62fd165486e4e094ad') in 0.150885 seconds 
========================================================================
Received Import Request.
  Time since last request: 0.000098 seconds.
  path: Assets/UI/heart.png
  artifactKey: Guid(5547963a7f0606c49afbf73ed6f9054a) Importer(815301076,1909f56bfc062723c751e8b465ee728b)
Start importing Assets/UI/heart.png using Guid(5547963a7f0606c49afbf73ed6f9054a) Importer(815301076,1909f56bfc062723c751e8b465ee728b)  -> (artifact id: '55c5d0aec153b9a0aec4cff097d6ab30') in 0.025135 seconds 
========================================================================
Received Import Request.
  Time since last request: 0.000065 seconds.
  path: Assets/UI/sliderSheet.png
  artifactKey: Guid(0862a7a7d4a5a73439b7afc7821ab341) Importer(815301076,1909f56bfc062723c751e8b465ee728b)
Start importing Assets/UI/sliderSheet.png using Guid(0862a7a7d4a5a73439b7afc7821ab341) Importer(815301076,1909f56bfc062723c751e8b465ee728b)  -> (artifact id: '5464044a641b46bd36d6b65c01739535') in 0.032219 seconds 
========================================================================
Received Import Request.
  Time since last request: 0.000056 seconds.
  path: Assets/UI/shell.png
  artifactKey: Guid(4f0ea27ec21569246b2fa3a1b711551e) Importer(815301076,1909f56bfc062723c751e8b465ee728b)
Start importing Assets/UI/shell.png using Guid(4f0ea27ec21569246b2fa3a1b711551e) Importer(815301076,1909f56bfc062723c751e8b465ee728b)  -> (artifact id: '5a4e802458a24eead922bda411c85783') in 0.024655 seconds 
========================================================================
Received Import Request.
  Time since last request: 0.000039 seconds.
  path: Assets/UI/map.asset
  artifactKey: Guid(d68af126667caaa45813c3eb4546a674) Importer(815301076,1909f56bfc062723c751e8b465ee728b)
Start importing Assets/UI/map.asset using Guid(d68af126667caaa45813c3eb4546a674) Importer(815301076,1909f56bfc062723c751e8b465ee728b)  -> (artifact id: '851444ea5c6d6fd99e953563ca303289') in 0.033806 seconds 
Editor requested this worker to shutdown with reason: Scaling down because of idle timeout
AssetImportWorker is now disconnected from the server
Process exiting
Exiting without the bug reporter. Application will terminate with return code 0