Using pre-set license
Built from '2021.3/staging' branch; Version is '2021.3.13f1 (9e7d58001ecf) revision 10386776'; Using compiler version '192829333'; Build Type 'Release'
OS: 'Windows 10  (10.0.19045) 64bit Core' Language: 'en' Physical Memory: 8061 MB
BatchMode: 1, IsHumanControllingUs: 0, StartBugReporterOnCrash: 0, Is64bit: 1, IsPro: 1

COMMAND LINE ARGUMENTS:
C:\Program Files\Unity 2021.3.13f1\Editor\Unity.exe
-adb2
-batchMode
-noUpm
-name
AssetImportWorker2
-projectPath
C:/Users/eoinz/Desktop/geme/ProPacProject/Tank game
-logFile
Logs/AssetImportWorker2.log
-srvPort
50521
Successfully changed project path to: C:/Users/eoinz/Desktop/geme/ProPacProject/Tank game
C:/Users/eoinz/Desktop/geme/ProPacProject/Tank game
[UnityMemory] Configuration Parameters - Can be set up in boot.config
    "memorysetup-bucket-allocator-granularity=16"
    "memorysetup-bucket-allocator-bucket-count=8"
    "memorysetup-bucket-allocator-block-size=33554432"
    "memorysetup-bucket-allocator-block-count=8"
    "memorysetup-main-allocator-block-size=16777216"
    "memorysetup-thread-allocator-block-size=16777216"
    "memorysetup-gfx-main-allocator-block-size=16777216"
    "memorysetup-gfx-thread-allocator-block-size=16777216"
    "memorysetup-cache-allocator-block-size=4194304"
    "memorysetup-typetree-allocator-block-size=2097152"
    "memorysetup-profiler-bucket-allocator-granularity=16"
    "memorysetup-profiler-bucket-allocator-bucket-count=8"
    "memorysetup-profiler-bucket-allocator-block-size=33554432"
    "memorysetup-profiler-bucket-allocator-block-count=8"
    "memorysetup-profiler-allocator-block-size=16777216"
    "memorysetup-profiler-editor-allocator-block-size=1048576"
    "memorysetup-temp-allocator-size-main=16777216"
    "memorysetup-job-temp-allocator-block-size=2097152"
    "memorysetup-job-temp-allocator-block-size-background=1048576"
    "memorysetup-job-temp-allocator-reduction-small-platforms=262144"
    "memorysetup-temp-allocator-size-background-worker=32768"
    "memorysetup-temp-allocator-size-job-worker=262144"
    "memorysetup-temp-allocator-size-preload-manager=33554432"
    "memorysetup-temp-allocator-size-nav-mesh-worker=65536"
    "memorysetup-temp-allocator-size-audio-worker=65536"
    "memorysetup-temp-allocator-size-cloud-worker=32768"
    "memorysetup-temp-allocator-size-gi-baking-worker=262144"
    "memorysetup-temp-allocator-size-gfx=262144"
Refreshing native plugins compatible for Editor in 167.96 ms, found 3 plugins.
Preloading 0 native plugins for Editor in 0.00 ms.
Initialize engine version: 2021.3.13f1 (9e7d58001ecf)
[Subsystems] Discovering subsystems at path C:/Program Files/Unity 2021.3.13f1/Editor/Data/Resources/UnitySubsystems
[Subsystems] Discovering subsystems at path C:/Users/eoinz/Desktop/geme/ProPacProject/Tank game/Assets
GfxDevice: creating device client; threaded=0; jobified=0
Direct3D:
    Version:  Direct3D 11.0 [level 11.1]
    Renderer: NVIDIA GeForce RTX 2060 (ID=0x1f15)
    Vendor:   NVIDIA
    VRAM:     5980 MB
    Driver:   30.0.14.7219
Initialize mono
Mono path[0] = 'C:/Program Files/Unity 2021.3.13f1/Editor/Data/Managed'
Mono path[1] = 'C:/Program Files/Unity 2021.3.13f1/Editor/Data/MonoBleedingEdge/lib/mono/unityjit-win32'
Mono config path = 'C:/Program Files/Unity 2021.3.13f1/Editor/Data/MonoBleedingEdge/etc'
Using monoOptions --debugger-agent=transport=dt_socket,embedding=1,server=y,suspend=n,address=127.0.0.1:56044
Begin MonoManager ReloadAssembly
Registering precompiled unity dll's ...
Register platform support module: C:/Program Files/Unity 2021.3.13f1/Editor/Data/PlaybackEngines/WindowsStandaloneSupport/UnityEditor.WindowsStandalone.Extensions.dll
Registered in 0.009216 seconds.
Native extension for WindowsStandalone target not found
Refreshing native plugins compatible for Editor in 139.84 ms, found 3 plugins.
Preloading 0 native plugins for Editor in 0.00 ms.
Mono: successfully reloaded assembly
- Completed reload, in  1.084 seconds
Domain Reload Profiling:
	ReloadAssembly (1085ms)
		BeginReloadAssembly (182ms)
			ExecutionOrderSort (0ms)
			DisableScriptedObjects (0ms)
			BackupInstance (0ms)
			ReleaseScriptingObjects (0ms)
			CreateAndSetChildDomain (2ms)
		EndReloadAssembly (730ms)
			LoadAssemblies (173ms)
			RebuildTransferFunctionScriptingTraits (0ms)
			SetupTypeCache (150ms)
			ReleaseScriptCaches (0ms)
			RebuildScriptCaches (45ms)
			SetupLoadedEditorAssemblies (452ms)
				LogAssemblyErrors (0ms)
				InitializePlatformSupportModulesInManaged (12ms)
				SetLoadedEditorAssemblies (0ms)
				RefreshPlugins (140ms)
				BeforeProcessingInitializeOnLoad (2ms)
				ProcessInitializeOnLoadAttributes (225ms)
				ProcessInitializeOnLoadMethodAttributes (73ms)
				AfterProcessingInitializeOnLoad (0ms)
				EditorAssembliesLoaded (0ms)
			ExecutionOrderSort2 (0ms)
			AwakeInstancesAfterBackupRestoration (0ms)
Platform modules already initialized, skipping
Registering precompiled user dll's ...
Registered in 0.013566 seconds.
Begin MonoManager ReloadAssembly
Native extension for WindowsStandalone target not found
Refreshing native plugins compatible for Editor in 0.81 ms, found 3 plugins.
Preloading 0 native plugins for Editor in 0.00 ms.
Mono: successfully reloaded assembly
- Completed reload, in  1.816 seconds
Domain Reload Profiling:
	ReloadAssembly (1817ms)
		BeginReloadAssembly (190ms)
			ExecutionOrderSort (0ms)
			DisableScriptedObjects (8ms)
			BackupInstance (0ms)
			ReleaseScriptingObjects (0ms)
			CreateAndSetChildDomain (27ms)
		EndReloadAssembly (1379ms)
			LoadAssemblies (164ms)
			RebuildTransferFunctionScriptingTraits (0ms)
			SetupTypeCache (393ms)
			ReleaseScriptCaches (1ms)
			RebuildScriptCaches (81ms)
			SetupLoadedEditorAssemblies (713ms)
				LogAssemblyErrors (0ms)
				InitializePlatformSupportModulesInManaged (8ms)
				SetLoadedEditorAssemblies (1ms)
				RefreshPlugins (1ms)
				BeforeProcessingInitializeOnLoad (161ms)
				ProcessInitializeOnLoadAttributes (436ms)
				ProcessInitializeOnLoadMethodAttributes (80ms)
				AfterProcessingInitializeOnLoad (26ms)
				EditorAssembliesLoaded (0ms)
			ExecutionOrderSort2 (0ms)
			AwakeInstancesAfterBackupRestoration (9ms)
Platform modules already initialized, skipping
========================================================================
Worker process is ready to serve import requests
Launched and connected shader compiler UnityShaderCompiler.exe after 0.07 seconds
Refreshing native plugins compatible for Editor in 1.04 ms, found 3 plugins.
Preloading 0 native plugins for Editor in 0.00 ms.
Unloading 3570 Unused Serialized files (Serialized files now loaded: 0)
Unloading 40 unused Assets / (184.1 KB). Loaded Objects now: 4042.
Memory consumption went from 140.5 MB to 140.4 MB.
Total: 4.822100 ms (FindLiveObjects: 0.404500 ms CreateObjectMapping: 0.201900 ms MarkObjects: 4.013800 ms  DeleteObjects: 0.200100 ms)

AssetImportParameters requested are different than current active one (requested -> active):
  custom:video-decoder-ogg-theora: a1e56fd34408186e4bbccfd4996cb3dc -> 
  custom:container-muxer-webm: aa71ff27fc2769a1b78a27578f13a17b -> 
  custom:container-demuxer-webm: 4f35f7cbe854078d1ac9338744f61a02 -> 
  custom:video-encoder-webm-vp8: eb34c28f22e8b96e1ab97ce403110664 -> 
  custom:audio-encoder-webm-vorbis: bf7c407c2cedff20999df2af8eb42d56 -> 
  custom:framework-win-MediaFoundation: 216162199b28c13a410421893ffa2e32 -> 
  custom:container-demuxer-ogg: 62fdf1f143b41e24485cea50d1cbac27 -> 
  custom:video-decoder-webm-vp8: 9c59270c3fd7afecdb556c50c9e8de78 -> 
  custom:audio-decoder-ogg-vorbis: bf7c407c2cedff20999df2af8eb42d56 -> 
========================================================================
Received Import Request.
  Time since last request: 444154.303477 seconds.
  path: Assets/packAssets/CityVoxelPack/DemoScenes
  artifactKey: Guid(0d2d415bfcff13d45b4fb471b0d1ba3a) Importer(815301076,1909f56bfc062723c751e8b465ee728b)
Start importing Assets/packAssets/CityVoxelPack/DemoScenes using Guid(0d2d415bfcff13d45b4fb471b0d1ba3a) Importer(815301076,1909f56bfc062723c751e8b465ee728b)  -> (artifact id: '96e56a3a291643a0fb5f32b91c1967d7') in 0.017115 seconds 
========================================================================
Received Import Request.
  Time since last request: 6.941510 seconds.
  path: Assets/packAssets/CityVoxelPack/Assets
  artifactKey: Guid(9257627ae19bfb04395c68c2e6c804ef) Importer(815301076,1909f56bfc062723c751e8b465ee728b)
Start importing Assets/packAssets/CityVoxelPack/Assets using Guid(9257627ae19bfb04395c68c2e6c804ef) Importer(815301076,1909f56bfc062723c751e8b465ee728b)  -> (artifact id: '445c5ac596ffb5b14e557bbc6af9d729') in 0.005487 seconds 
========================================================================
Received Import Request.
  Time since last request: 1.111713 seconds.
  path: Assets/packAssets/CityVoxelPack/Assets/roads
  artifactKey: Guid(c6b84609124141f4a9c895d7a1f3d9b9) Importer(815301076,1909f56bfc062723c751e8b465ee728b)
Start importing Assets/packAssets/CityVoxelPack/Assets/roads using Guid(c6b84609124141f4a9c895d7a1f3d9b9) Importer(815301076,1909f56bfc062723c751e8b465ee728b)  -> (artifact id: 'a1d1b2fd6177bb981e347616805cecfd') in 0.003574 seconds 
========================================================================
Received Import Request.
  Time since last request: 2.862304 seconds.
  path: Assets/packAssets/CityVoxelPack/Assets/roads/Textures
  artifactKey: Guid(4130f732e34868740acbb58f62e2c045) Importer(815301076,1909f56bfc062723c751e8b465ee728b)
Start importing Assets/packAssets/CityVoxelPack/Assets/roads/Textures using Guid(4130f732e34868740acbb58f62e2c045) Importer(815301076,1909f56bfc062723c751e8b465ee728b)  -> (artifact id: '2cf7b98a5a711f1997b71a28dc3dd6f2') in 0.013174 seconds 
========================================================================
Received Import Request.
  Time since last request: 0.038811 seconds.
  path: Assets/packAssets/CityVoxelPack/Assets/roads/Textures/roads.png
  artifactKey: Guid(48bdd92bcb84f6442a9fe6d7e347f21f) Importer(815301076,1909f56bfc062723c751e8b465ee728b)
Start importing Assets/packAssets/CityVoxelPack/Assets/roads/Textures/roads.png using Guid(48bdd92bcb84f6442a9fe6d7e347f21f) Importer(815301076,1909f56bfc062723c751e8b465ee728b)  -> (artifact id: '3ff8d0e05255d2a5c30814bc36fbb320') in 0.100605 seconds 
========================================================================
Received Import Request.
  Time since last request: 17.275385 seconds.
  path: Assets/Scenes/tutorial.unity
  artifactKey: Guid(9fc0d4010bbf28b4594072e72b8655ab) Importer(815301076,1909f56bfc062723c751e8b465ee728b)
Start importing Assets/Scenes/tutorial.unity using Guid(9fc0d4010bbf28b4594072e72b8655ab) Importer(815301076,1909f56bfc062723c751e8b465ee728b)  -> (artifact id: 'd1d3f9ce5c9f43035a2d8cff908cb7e0') in 0.003588 seconds 
========================================================================
Received Import Request.
  Time since last request: 23.718296 seconds.
  path: Assets/packAssets/CityVoxelPack/Assets/pavements/Materials
  artifactKey: Guid(589b8cfe43bf8e640995540a1877031e) Importer(815301076,1909f56bfc062723c751e8b465ee728b)
Start importing Assets/packAssets/CityVoxelPack/Assets/pavements/Materials using Guid(589b8cfe43bf8e640995540a1877031e) Importer(815301076,1909f56bfc062723c751e8b465ee728b)  -> (artifact id: 'df87c5f17a0f2b23c82533126131887c') in 0.003943 seconds 
========================================================================
Received Import Request.
  Time since last request: 0.061136 seconds.
  path: Assets/packAssets/CityVoxelPack/Assets/pavements/Materials/pavement1.mat
  artifactKey: Guid(6804e1d61928364449facc32037cf29a) Importer(815301076,1909f56bfc062723c751e8b465ee728b)
Start importing Assets/packAssets/CityVoxelPack/Assets/pavements/Materials/pavement1.mat using Guid(6804e1d61928364449facc32037cf29a) Importer(815301076,1909f56bfc062723c751e8b465ee728b)  -> (artifact id: '96f78097cdbc987a90788cde1ab0f8a2') in 0.129244 seconds 
========================================================================
Received Import Request.
  Time since last request: 17.065081 seconds.
  path: Assets/Materials
  artifactKey: Guid(ee6c04d9bd55ae548ad8f35f377c8057) Importer(815301076,1909f56bfc062723c751e8b465ee728b)
Start importing Assets/Materials using Guid(ee6c04d9bd55ae548ad8f35f377c8057) Importer(815301076,1909f56bfc062723c751e8b465ee728b)  -> (artifact id: '64a6e2747b16169d49614ab69181b4a4') in 0.007329 seconds 
========================================================================
Received Import Request.
  Time since last request: 6.317074 seconds.
  path: Assets/Materials/textures
  artifactKey: Guid(346f5cd4b4a614b47a13571f42915b32) Importer(815301076,1909f56bfc062723c751e8b465ee728b)
Start importing Assets/Materials/textures using Guid(346f5cd4b4a614b47a13571f42915b32) Importer(815301076,1909f56bfc062723c751e8b465ee728b)  -> (artifact id: 'e960c86185ad049132ba3ea68f1d00aa') in 0.006577 seconds 
========================================================================
Received Import Request.
  Time since last request: 7.950804 seconds.
  path: Assets/packAssets/CityVoxelPack/Assets/pavements/Textures/pavement1.png
  artifactKey: Guid(10b11cb5b128bdc46a10576f851cb474) Importer(815301076,1909f56bfc062723c751e8b465ee728b)
Start importing Assets/packAssets/CityVoxelPack/Assets/pavements/Textures/pavement1.png using Guid(10b11cb5b128bdc46a10576f851cb474) Importer(815301076,1909f56bfc062723c751e8b465ee728b)  -> (artifact id: 'e07a0fa9c4556e88c86d38069213e1ea') in 0.011726 seconds 
========================================================================
Received Import Request.
  Time since last request: 103.033441 seconds.
  path: Assets/packAssets/CityVoxelPack/Assets/pavements/Prefabs/pavementCorner1-10.prefab
  artifactKey: Guid(a41391617f3e678419ca6a70f9be7702) Importer(815301076,1909f56bfc062723c751e8b465ee728b)
Start importing Assets/packAssets/CityVoxelPack/Assets/pavements/Prefabs/pavementCorner1-10.prefab using Guid(a41391617f3e678419ca6a70f9be7702) Importer(815301076,1909f56bfc062723c751e8b465ee728b)  -> (artifact id: '089ae640949478d59dcd581acd3cb9bc') in 0.017889 seconds 
========================================================================
Received Import Request.
  Time since last request: 47.215560 seconds.
  path: Assets/packAssets/CityVoxelPack/Assets/pavements/Mesh/pavementCornerCircle(3)1-10.obj
  artifactKey: Guid(3b0ca770a83f92940bbb264980487abb) Importer(815301076,1909f56bfc062723c751e8b465ee728b)
Start importing Assets/packAssets/CityVoxelPack/Assets/pavements/Mesh/pavementCornerCircle(3)1-10.obj using Guid(3b0ca770a83f92940bbb264980487abb) Importer(815301076,1909f56bfc062723c751e8b465ee728b)  -> (artifact id: 'fd3e2b73fa0e12c0de8d32321ae8669e') in 0.102414 seconds 
========================================================================
Received Import Request.
  Time since last request: 25.658830 seconds.
  path: Assets/packAssets/CityVoxelPack/Assets/pavements/Mesh/pavementCorner(3)1-5.obj
  artifactKey: Guid(e36009eadf3d0e346ba04c0692f41d9b) Importer(815301076,1909f56bfc062723c751e8b465ee728b)
Start importing Assets/packAssets/CityVoxelPack/Assets/pavements/Mesh/pavementCorner(3)1-5.obj using Guid(e36009eadf3d0e346ba04c0692f41d9b) Importer(815301076,1909f56bfc062723c751e8b465ee728b)  -> (artifact id: '300138665b0cee8a849078a53dd7706e') in 0.051317 seconds 
========================================================================
Received Import Request.
  Time since last request: 16.656448 seconds.
  path: Assets/packAssets/CityVoxelPack/Assets/pavements/Mesh/pavementCorner(2)1-5.obj
  artifactKey: Guid(395ba182844ad6147a9378f708cc9357) Importer(815301076,1909f56bfc062723c751e8b465ee728b)
Start importing Assets/packAssets/CityVoxelPack/Assets/pavements/Mesh/pavementCorner(2)1-5.obj using Guid(395ba182844ad6147a9378f708cc9357) Importer(815301076,1909f56bfc062723c751e8b465ee728b)  -> (artifact id: '9067c2a1ffaaeb07c6584fd6f7f26d13') in 0.043965 seconds 
========================================================================
Received Import Request.
  Time since last request: 12.527316 seconds.
  path: Assets/packAssets/CityVoxelPack/Assets/pavements/Mesh/pavement1-10.obj
  artifactKey: Guid(09746868085e56943934074de4b69bd7) Importer(815301076,1909f56bfc062723c751e8b465ee728b)
Start importing Assets/packAssets/CityVoxelPack/Assets/pavements/Mesh/pavement1-10.obj using Guid(09746868085e56943934074de4b69bd7) Importer(815301076,1909f56bfc062723c751e8b465ee728b)  -> (artifact id: 'e0cd49aa1eee518d0dd577e78ed6d9d1') in 0.048244 seconds 
========================================================================
Received Import Request.
  Time since last request: 17.168124 seconds.
  path: Assets/packAssets/CityVoxelPack/Assets/pavements/Prefabs/pavement1-5.prefab
  artifactKey: Guid(299bfad09aeccb3408e10c91ecb72d93) Importer(815301076,1909f56bfc062723c751e8b465ee728b)
Start importing Assets/packAssets/CityVoxelPack/Assets/pavements/Prefabs/pavement1-5.prefab using Guid(299bfad09aeccb3408e10c91ecb72d93) Importer(815301076,1909f56bfc062723c751e8b465ee728b)  -> (artifact id: '00b2c8be3946056be5464202d4fc2471') in 0.014301 seconds 
========================================================================
Received Import Request.
  Time since last request: 0.015478 seconds.
  path: Assets/packAssets/CityVoxelPack/Assets/pavements/Prefabs/pavementCorner(3)1-5.prefab
  artifactKey: Guid(c31a511200f320643ab4276ece8280d6) Importer(815301076,1909f56bfc062723c751e8b465ee728b)
Start importing Assets/packAssets/CityVoxelPack/Assets/pavements/Prefabs/pavementCorner(3)1-5.prefab using Guid(c31a511200f320643ab4276ece8280d6) Importer(815301076,1909f56bfc062723c751e8b465ee728b)  -> (artifact id: 'be312a29f438a908ffe884b5227ca5a7') in 0.024905 seconds 
========================================================================
Received Import Request.
  Time since last request: 0.000067 seconds.
  path: Assets/packAssets/CityVoxelPack/Assets/pavements/Prefabs/pavementCornerCircle(3)1-10.prefab
  artifactKey: Guid(6c1589ce79e20c545b3b8f417f6ecc50) Importer(815301076,1909f56bfc062723c751e8b465ee728b)
Start importing Assets/packAssets/CityVoxelPack/Assets/pavements/Prefabs/pavementCornerCircle(3)1-10.prefab using Guid(6c1589ce79e20c545b3b8f417f6ecc50) Importer(815301076,1909f56bfc062723c751e8b465ee728b)  -> (artifact id: 'aa6614b887298bea156a98f172624546') in 0.019092 seconds 
========================================================================
Received Import Request.
  Time since last request: 0.000071 seconds.
  path: Assets/packAssets/CityVoxelPack/Assets/pavements/Prefabs/pavementCorner(2)1-5.prefab
  artifactKey: Guid(5d92172a83edfe945853027f33e47ae6) Importer(815301076,1909f56bfc062723c751e8b465ee728b)
Start importing Assets/packAssets/CityVoxelPack/Assets/pavements/Prefabs/pavementCorner(2)1-5.prefab using Guid(5d92172a83edfe945853027f33e47ae6) Importer(815301076,1909f56bfc062723c751e8b465ee728b)  -> (artifact id: '21dbc46e3b13648d091607ee03532877') in 0.019291 seconds 
Editor requested this worker to shutdown with reason: Scaling down because of idle timeout
AssetImportWorker is now disconnected from the server
Process exiting
Exiting without the bug reporter. Application will terminate with return code 0