Using pre-set license
Built from '2021.3/staging' branch; Version is '2021.3.13f1 (9e7d58001ecf) revision 10386776'; Using compiler version '192829333'; Build Type 'Release'
OS: 'Windows 10  (10.0.19045) 64bit Education' Language: 'en' Physical Memory: 65296 MB
BatchMode: 1, IsHumanControllingUs: 0, StartBugReporterOnCrash: 0, Is64bit: 1, IsPro: 1

COMMAND LINE ARGUMENTS:
C:\Program Files\Unity\Hub\Editor\2021.3.13f1\Editor\Unity.exe
-adb2
-batchMode
-noUpm
-name
AssetImportWorker4
-projectPath
C:/Users/n00210357/Desktop/unitys/ProPacProject/Tank game
-logFile
Logs/AssetImportWorker4.log
-srvPort
56331
Successfully changed project path to: C:/Users/n00210357/Desktop/unitys/ProPacProject/Tank game
C:/Users/n00210357/Desktop/unitys/ProPacProject/Tank game
[UnityMemory] Configuration Parameters - Can be set up in boot.config
    "memorysetup-bucket-allocator-granularity=16"
    "memorysetup-bucket-allocator-bucket-count=8"
    "memorysetup-bucket-allocator-block-size=33554432"
    "memorysetup-bucket-allocator-block-count=8"
    "memorysetup-main-allocator-block-size=16777216"
    "memorysetup-thread-allocator-block-size=16777216"
    "memorysetup-gfx-main-allocator-block-size=16777216"
    "memorysetup-gfx-thread-allocator-block-size=16777216"
    "memorysetup-cache-allocator-block-size=4194304"
    "memorysetup-typetree-allocator-block-size=2097152"
    "memorysetup-profiler-bucket-allocator-granularity=16"
    "memorysetup-profiler-bucket-allocator-bucket-count=8"
    "memorysetup-profiler-bucket-allocator-block-size=33554432"
    "memorysetup-profiler-bucket-allocator-block-count=8"
    "memorysetup-profiler-allocator-block-size=16777216"
    "memorysetup-profiler-editor-allocator-block-size=1048576"
    "memorysetup-temp-allocator-size-main=16777216"
    "memorysetup-job-temp-allocator-block-size=2097152"
    "memorysetup-job-temp-allocator-block-size-background=1048576"
    "memorysetup-job-temp-allocator-reduction-small-platforms=262144"
    "memorysetup-temp-allocator-size-background-worker=32768"
    "memorysetup-temp-allocator-size-job-worker=262144"
    "memorysetup-temp-allocator-size-preload-manager=33554432"
    "memorysetup-temp-allocator-size-nav-mesh-worker=65536"
    "memorysetup-temp-allocator-size-audio-worker=65536"
    "memorysetup-temp-allocator-size-cloud-worker=32768"
    "memorysetup-temp-allocator-size-gi-baking-worker=262144"
    "memorysetup-temp-allocator-size-gfx=262144"
Refreshing native plugins compatible for Editor in 173.38 ms, found 3 plugins.
Preloading 0 native plugins for Editor in 0.00 ms.
Initialize engine version: 2021.3.13f1 (9e7d58001ecf)
[Subsystems] Discovering subsystems at path C:/Program Files/Unity/Hub/Editor/2021.3.13f1/Editor/Data/Resources/UnitySubsystems
[Subsystems] Discovering subsystems at path C:/Users/n00210357/Desktop/unitys/ProPacProject/Tank game/Assets
GfxDevice: creating device client; threaded=0; jobified=0
Direct3D:
    Version:  Direct3D 11.0 [level 11.1]
    Renderer: NVIDIA Quadro M4000 (ID=0x13f1)
    Vendor:   NVIDIA
    VRAM:     8139 MB
    Driver:   31.0.15.3742
Initialize mono
Mono path[0] = 'C:/Program Files/Unity/Hub/Editor/2021.3.13f1/Editor/Data/Managed'
Mono path[1] = 'C:/Program Files/Unity/Hub/Editor/2021.3.13f1/Editor/Data/MonoBleedingEdge/lib/mono/unityjit-win32'
Mono config path = 'C:/Program Files/Unity/Hub/Editor/2021.3.13f1/Editor/Data/MonoBleedingEdge/etc'
Using monoOptions --debugger-agent=transport=dt_socket,embedding=1,server=y,suspend=n,address=127.0.0.1:56384
Begin MonoManager ReloadAssembly
Registering precompiled unity dll's ...
Register platform support module: C:/Program Files/Unity/Hub/Editor/2021.3.13f1/Editor/Data/PlaybackEngines/WindowsStandaloneSupport/UnityEditor.WindowsStandalone.Extensions.dll
Registered in 0.026276 seconds.
Native extension for WindowsStandalone target not found
Refreshing native plugins compatible for Editor in 131.97 ms, found 3 plugins.
Preloading 0 native plugins for Editor in 0.00 ms.
Mono: successfully reloaded assembly
- Completed reload, in  1.218 seconds
Domain Reload Profiling:
	ReloadAssembly (1219ms)
		BeginReloadAssembly (194ms)
			ExecutionOrderSort (0ms)
			DisableScriptedObjects (0ms)
			BackupInstance (0ms)
			ReleaseScriptingObjects (0ms)
			CreateAndSetChildDomain (1ms)
		EndReloadAssembly (787ms)
			LoadAssemblies (186ms)
			RebuildTransferFunctionScriptingTraits (0ms)
			SetupTypeCache (180ms)
			ReleaseScriptCaches (0ms)
			RebuildScriptCaches (54ms)
			SetupLoadedEditorAssemblies (458ms)
				LogAssemblyErrors (0ms)
				InitializePlatformSupportModulesInManaged (18ms)
				SetLoadedEditorAssemblies (0ms)
				RefreshPlugins (132ms)
				BeforeProcessingInitializeOnLoad (2ms)
				ProcessInitializeOnLoadAttributes (225ms)
				ProcessInitializeOnLoadMethodAttributes (81ms)
				AfterProcessingInitializeOnLoad (0ms)
				EditorAssembliesLoaded (0ms)
			ExecutionOrderSort2 (0ms)
			AwakeInstancesAfterBackupRestoration (0ms)
Platform modules already initialized, skipping
Registering precompiled user dll's ...
Registered in 0.034053 seconds.
Begin MonoManager ReloadAssembly
Symbol file LoadedFromMemory doesn't match image C:\Users\n00210357\Desktop\unitys\ProPacProject\Tank game\Library\PackageCache\com.unity.visualscripting@1.7.8\Editor\VisualScripting.Core\Dependencies\YamlDotNet\Unity.VisualScripting.YamlDotNet.dll
Symbol file LoadedFromMemory doesn't match image C:\Users\n00210357\Desktop\unitys\ProPacProject\Tank game\Library\PackageCache\com.unity.visualscripting@1.7.8\Editor\VisualScripting.Core\Dependencies\DotNetZip\Unity.VisualScripting.IonicZip.dll
Native extension for WindowsStandalone target not found
Refreshing native plugins compatible for Editor in 1.09 ms, found 3 plugins.
Preloading 0 native plugins for Editor in 0.00 ms.
Mono: successfully reloaded assembly
- Completed reload, in  1.997 seconds
Domain Reload Profiling:
	ReloadAssembly (1998ms)
		BeginReloadAssembly (252ms)
			ExecutionOrderSort (0ms)
			DisableScriptedObjects (9ms)
			BackupInstance (0ms)
			ReleaseScriptingObjects (0ms)
			CreateAndSetChildDomain (46ms)
		EndReloadAssembly (1505ms)
			LoadAssemblies (223ms)
			RebuildTransferFunctionScriptingTraits (0ms)
			SetupTypeCache (458ms)
			ReleaseScriptCaches (1ms)
			RebuildScriptCaches (97ms)
			SetupLoadedEditorAssemblies (706ms)
				LogAssemblyErrors (0ms)
				InitializePlatformSupportModulesInManaged (11ms)
				SetLoadedEditorAssemblies (1ms)
				RefreshPlugins (1ms)
				BeforeProcessingInitializeOnLoad (150ms)
				ProcessInitializeOnLoadAttributes (472ms)
				ProcessInitializeOnLoadMethodAttributes (44ms)
				AfterProcessingInitializeOnLoad (27ms)
				EditorAssembliesLoaded (0ms)
			ExecutionOrderSort2 (0ms)
			AwakeInstancesAfterBackupRestoration (13ms)
Platform modules already initialized, skipping
========================================================================
Worker process is ready to serve import requests
Launched and connected shader compiler UnityShaderCompiler.exe after 0.11 seconds
Refreshing native plugins compatible for Editor in 1.37 ms, found 3 plugins.
Preloading 0 native plugins for Editor in 0.00 ms.
Unloading 3570 Unused Serialized files (Serialized files now loaded: 0)
Unloading 40 unused Assets / (184.1 KB). Loaded Objects now: 4042.
Memory consumption went from 140.5 MB to 140.3 MB.
Total: 6.615600 ms (FindLiveObjects: 0.460600 ms CreateObjectMapping: 0.206400 ms MarkObjects: 5.750900 ms  DeleteObjects: 0.196400 ms)

AssetImportParameters requested are different than current active one (requested -> active):
  custom:video-decoder-ogg-theora: a1e56fd34408186e4bbccfd4996cb3dc -> 
  custom:container-muxer-webm: aa71ff27fc2769a1b78a27578f13a17b -> 
  custom:container-demuxer-webm: 4f35f7cbe854078d1ac9338744f61a02 -> 
  custom:video-encoder-webm-vp8: eb34c28f22e8b96e1ab97ce403110664 -> 
  custom:audio-encoder-webm-vorbis: bf7c407c2cedff20999df2af8eb42d56 -> 
  custom:framework-win-MediaFoundation: 216162199b28c13a410421893ffa2e32 -> 
  custom:container-demuxer-ogg: 62fdf1f143b41e24485cea50d1cbac27 -> 
  custom:video-decoder-webm-vp8: 9c59270c3fd7afecdb556c50c9e8de78 -> 
  custom:audio-decoder-ogg-vorbis: bf7c407c2cedff20999df2af8eb42d56 -> 
========================================================================
Received Import Request.
  Time since last request: 449253.890243 seconds.
  path: Assets/packAssets/CityVoxelPack/Assets/roads/Textures
  artifactKey: Guid(4130f732e34868740acbb58f62e2c045) Importer(815301076,1909f56bfc062723c751e8b465ee728b)
Start importing Assets/packAssets/CityVoxelPack/Assets/roads/Textures using Guid(4130f732e34868740acbb58f62e2c045) Importer(815301076,1909f56bfc062723c751e8b465ee728b)  -> (artifact id: '5e70da88b8bcee0afc94851d80cbd86e') in 0.036960 seconds 
========================================================================
Received Import Request.
  Time since last request: 0.030742 seconds.
  path: Assets/packAssets/CityVoxelPack/Assets/roads/Textures/roads.png
  artifactKey: Guid(48bdd92bcb84f6442a9fe6d7e347f21f) Importer(815301076,1909f56bfc062723c751e8b465ee728b)
Start importing Assets/packAssets/CityVoxelPack/Assets/roads/Textures/roads.png using Guid(48bdd92bcb84f6442a9fe6d7e347f21f) Importer(815301076,1909f56bfc062723c751e8b465ee728b)  -> (artifact id: '1a6cb04002115449cc7a15e166f095d2') in 0.163145 seconds 
========================================================================
Received Import Request.
  Time since last request: 2.026782 seconds.
  path: Assets/packAssets/CityVoxelPack/Assets/roads/tall
  artifactKey: Guid(ca04eeb5921eb5a4494656d020e02bb8) Importer(815301076,1909f56bfc062723c751e8b465ee728b)
Start importing Assets/packAssets/CityVoxelPack/Assets/roads/tall using Guid(ca04eeb5921eb5a4494656d020e02bb8) Importer(815301076,1909f56bfc062723c751e8b465ee728b)  -> (artifact id: '165bb6ff3c04a4b4d5a8cb6e2f0819a1') in 0.024655 seconds 
========================================================================
Received Import Request.
  Time since last request: 0.975925 seconds.
  path: Assets/packAssets/CityVoxelPack/Assets/roads/tall/Prefabs
  artifactKey: Guid(c2d967ba38ab8174f8c4336c1c00abd6) Importer(815301076,1909f56bfc062723c751e8b465ee728b)
Start importing Assets/packAssets/CityVoxelPack/Assets/roads/tall/Prefabs using Guid(c2d967ba38ab8174f8c4336c1c00abd6) Importer(815301076,1909f56bfc062723c751e8b465ee728b)  -> (artifact id: '2ffaa7aad12d5c35075cf7682f85416a') in 0.024218 seconds 
========================================================================
Received Import Request.
  Time since last request: 0.028413 seconds.
  path: Assets/packAssets/CityVoxelPack/Assets/roads/tall/Prefabs/road10.prefab
  artifactKey: Guid(91eddc39f5fc8c84791530a94c64b16a) Importer(815301076,1909f56bfc062723c751e8b465ee728b)
Start importing Assets/packAssets/CityVoxelPack/Assets/roads/tall/Prefabs/road10.prefab using Guid(91eddc39f5fc8c84791530a94c64b16a) Importer(815301076,1909f56bfc062723c751e8b465ee728b)  -> (artifact id: '6cb05f8c5a4bf0a797310f2ff3eac13a') in 0.144728 seconds 
========================================================================
Received Import Request.
  Time since last request: 0.358879 seconds.
  path: Assets/packAssets/CityVoxelPack/Assets/roads/tall/Prefabs/road12bis.prefab
  artifactKey: Guid(70d9e664f8744574ab6b0493d8f2262d) Importer(815301076,1909f56bfc062723c751e8b465ee728b)
Start importing Assets/packAssets/CityVoxelPack/Assets/roads/tall/Prefabs/road12bis.prefab using Guid(70d9e664f8744574ab6b0493d8f2262d) Importer(815301076,1909f56bfc062723c751e8b465ee728b)  -> (artifact id: '801d2a029433d9e4355fb2f2aeb0f73b') in 0.039797 seconds 
========================================================================
Received Import Request.
  Time since last request: 0.402720 seconds.
  path: Assets/packAssets/CityVoxelPack/Assets/roads/tall/Prefabs/road14bis.prefab
  artifactKey: Guid(6ec0c7cf8b6867b43b5c9d267b7b379d) Importer(815301076,1909f56bfc062723c751e8b465ee728b)
Start importing Assets/packAssets/CityVoxelPack/Assets/roads/tall/Prefabs/road14bis.prefab using Guid(6ec0c7cf8b6867b43b5c9d267b7b379d) Importer(815301076,1909f56bfc062723c751e8b465ee728b)  -> (artifact id: '583d83f0bef596ff71b7bec2ebd7d0dc') in 0.034844 seconds 
========================================================================
Received Import Request.
  Time since last request: 0.000039 seconds.
  path: Assets/packAssets/CityVoxelPack/Assets/roads/tall/Prefabs/road16.prefab
  artifactKey: Guid(120e2e1e64288e343903625fd9f2f97e) Importer(815301076,1909f56bfc062723c751e8b465ee728b)
Start importing Assets/packAssets/CityVoxelPack/Assets/roads/tall/Prefabs/road16.prefab using Guid(120e2e1e64288e343903625fd9f2f97e) Importer(815301076,1909f56bfc062723c751e8b465ee728b)  -> (artifact id: '5d880f9596beff4194ca91c3b7971ab1') in 0.029937 seconds 
========================================================================
Received Import Request.
  Time since last request: 0.000101 seconds.
  path: Assets/packAssets/CityVoxelPack/Assets/roads/tall/Prefabs/road16bisbis.prefab
  artifactKey: Guid(d06046df36b20554da712b2e585e401e) Importer(815301076,1909f56bfc062723c751e8b465ee728b)
Start importing Assets/packAssets/CityVoxelPack/Assets/roads/tall/Prefabs/road16bisbis.prefab using Guid(d06046df36b20554da712b2e585e401e) Importer(815301076,1909f56bfc062723c751e8b465ee728b)  -> (artifact id: '707f911104ae1062a0b65176dfedb585') in 0.022981 seconds 
========================================================================
Received Import Request.
  Time since last request: 0.000032 seconds.
  path: Assets/packAssets/CityVoxelPack/Assets/roads/tall/Prefabs/road16bis.prefab
  artifactKey: Guid(78155e01d435aed44b25dc3a642f47b3) Importer(815301076,1909f56bfc062723c751e8b465ee728b)
Start importing Assets/packAssets/CityVoxelPack/Assets/roads/tall/Prefabs/road16bis.prefab using Guid(78155e01d435aed44b25dc3a642f47b3) Importer(815301076,1909f56bfc062723c751e8b465ee728b)  -> (artifact id: '34af646c01ee0cd697c28c336c544b3d') in 0.022058 seconds 
========================================================================
Received Import Request.
  Time since last request: 0.000032 seconds.
  path: Assets/packAssets/CityVoxelPack/Assets/roads/tall/Prefabs/road14.prefab
  artifactKey: Guid(e1aec9f3e312bd84da1b7399487ddef4) Importer(815301076,1909f56bfc062723c751e8b465ee728b)
Start importing Assets/packAssets/CityVoxelPack/Assets/roads/tall/Prefabs/road14.prefab using Guid(e1aec9f3e312bd84da1b7399487ddef4) Importer(815301076,1909f56bfc062723c751e8b465ee728b)  -> (artifact id: '540a2ef74f547ac7669da062c5d70909') in 0.021834 seconds 
========================================================================
Received Import Request.
  Time since last request: 0.000032 seconds.
  path: Assets/packAssets/CityVoxelPack/Assets/roads/tall/Prefabs/road17.prefab
  artifactKey: Guid(18accf8c94021124ca24842111a549b3) Importer(815301076,1909f56bfc062723c751e8b465ee728b)
Start importing Assets/packAssets/CityVoxelPack/Assets/roads/tall/Prefabs/road17.prefab using Guid(18accf8c94021124ca24842111a549b3) Importer(815301076,1909f56bfc062723c751e8b465ee728b)  -> (artifact id: '506287d6a2871ec8434c653bf3f6b1ad') in 0.022001 seconds 
========================================================================
Received Import Request.
  Time since last request: 8.387528 seconds.
  path: Assets/packAssets/CityVoxelPack/Assets/roads/medium/Prefabs
  artifactKey: Guid(3ecace80c20e32e45942bc65c3ce9c39) Importer(815301076,1909f56bfc062723c751e8b465ee728b)
Start importing Assets/packAssets/CityVoxelPack/Assets/roads/medium/Prefabs using Guid(3ecace80c20e32e45942bc65c3ce9c39) Importer(815301076,1909f56bfc062723c751e8b465ee728b)  -> (artifact id: 'd5f362ce13154a5862bdff2b6ce3db58') in 0.005769 seconds 
========================================================================
Received Import Request.
  Time since last request: 0.056118 seconds.
  path: Assets/packAssets/CityVoxelPack/Assets/roads/medium/Prefabs/road1.prefab
  artifactKey: Guid(aa20547dfc1c8104e9a4bb855c15ca97) Importer(815301076,1909f56bfc062723c751e8b465ee728b)
Start importing Assets/packAssets/CityVoxelPack/Assets/roads/medium/Prefabs/road1.prefab using Guid(aa20547dfc1c8104e9a4bb855c15ca97) Importer(815301076,1909f56bfc062723c751e8b465ee728b)  -> (artifact id: '5e9ea8df400be5a8142ff7c8c82fee5c') in 0.041179 seconds 
========================================================================
Received Import Request.
  Time since last request: 0.000032 seconds.
  path: Assets/packAssets/CityVoxelPack/Assets/roads/medium/Prefabs/road7.prefab
  artifactKey: Guid(fb1c9b2bcdabf6e4a9a78759d032b80f) Importer(815301076,1909f56bfc062723c751e8b465ee728b)
Start importing Assets/packAssets/CityVoxelPack/Assets/roads/medium/Prefabs/road7.prefab using Guid(fb1c9b2bcdabf6e4a9a78759d032b80f) Importer(815301076,1909f56bfc062723c751e8b465ee728b)  -> (artifact id: 'a51c0022542ca9fe10a23f8c33f658d5') in 0.022639 seconds 
========================================================================
Received Import Request.
  Time since last request: 0.000031 seconds.
  path: Assets/packAssets/CityVoxelPack/Assets/roads/medium/Prefabs/road7bis.prefab
  artifactKey: Guid(1c4d653ddfc7a3b4eb623f2625848637) Importer(815301076,1909f56bfc062723c751e8b465ee728b)
Start importing Assets/packAssets/CityVoxelPack/Assets/roads/medium/Prefabs/road7bis.prefab using Guid(1c4d653ddfc7a3b4eb623f2625848637) Importer(815301076,1909f56bfc062723c751e8b465ee728b)  -> (artifact id: '7fed24e5e64e87b1cb9cb4d943a285d2') in 0.029195 seconds 
========================================================================
Received Import Request.
  Time since last request: 0.000031 seconds.
  path: Assets/packAssets/CityVoxelPack/Assets/roads/medium/Prefabs/road4.prefab
  artifactKey: Guid(c913bca7318160546aade0b2fdcfc510) Importer(815301076,1909f56bfc062723c751e8b465ee728b)
Start importing Assets/packAssets/CityVoxelPack/Assets/roads/medium/Prefabs/road4.prefab using Guid(c913bca7318160546aade0b2fdcfc510) Importer(815301076,1909f56bfc062723c751e8b465ee728b)  -> (artifact id: '87b16cb9d642bd3984250e6436c5f684') in 0.026949 seconds 
========================================================================
Received Import Request.
  Time since last request: 0.000044 seconds.
  path: Assets/packAssets/CityVoxelPack/Assets/roads/medium/Prefabs/road6bisbis.prefab
  artifactKey: Guid(1b3bac2b327f28b419c9c5d26f91c2d3) Importer(815301076,1909f56bfc062723c751e8b465ee728b)
Start importing Assets/packAssets/CityVoxelPack/Assets/roads/medium/Prefabs/road6bisbis.prefab using Guid(1b3bac2b327f28b419c9c5d26f91c2d3) Importer(815301076,1909f56bfc062723c751e8b465ee728b)  -> (artifact id: '9b02793d943d3752f87b52b70d38254b') in 0.024885 seconds 
========================================================================
Received Import Request.
  Time since last request: 6.576291 seconds.
  path: Assets/Scenes/tutorial.unity
  artifactKey: Guid(9fc0d4010bbf28b4594072e72b8655ab) Importer(815301076,1909f56bfc062723c751e8b465ee728b)
Start importing Assets/Scenes/tutorial.unity using Guid(9fc0d4010bbf28b4594072e72b8655ab) Importer(815301076,1909f56bfc062723c751e8b465ee728b)  -> (artifact id: '4c2e91685898b8724137f9dfc4478231') in 0.027454 seconds 
========================================================================
Received Import Request.
  Time since last request: 144.236290 seconds.
  path: Assets/Scenes/tutorial.unity
  artifactKey: Guid(9fc0d4010bbf28b4594072e72b8655ab) Importer(815301076,1909f56bfc062723c751e8b465ee728b)
Start importing Assets/Scenes/tutorial.unity using Guid(9fc0d4010bbf28b4594072e72b8655ab) Importer(815301076,1909f56bfc062723c751e8b465ee728b)  -> (artifact id: 'fff80b42b75776c36a82a5f7b7c57fad') in 0.005129 seconds 
========================================================================
Received Prepare
Registering precompiled user dll's ...
Registered in 0.025633 seconds.
Begin MonoManager ReloadAssembly
Symbol file LoadedFromMemory doesn't match image C:\Users\n00210357\Desktop\unitys\ProPacProject\Tank game\Library\PackageCache\com.unity.visualscripting@1.7.8\Editor\VisualScripting.Core\Dependencies\YamlDotNet\Unity.VisualScripting.YamlDotNet.dll
Symbol file LoadedFromMemory doesn't match image C:\Users\n00210357\Desktop\unitys\ProPacProject\Tank game\Library\PackageCache\com.unity.visualscripting@1.7.8\Editor\VisualScripting.Core\Dependencies\DotNetZip\Unity.VisualScripting.IonicZip.dll
Native extension for WindowsStandalone target not found
Refreshing native plugins compatible for Editor in 1.00 ms, found 3 plugins.
Preloading 0 native plugins for Editor in 0.00 ms.
Mono: successfully reloaded assembly
- Completed reload, in  2.098 seconds
Domain Reload Profiling:
	ReloadAssembly (2099ms)
		BeginReloadAssembly (337ms)
			ExecutionOrderSort (0ms)
			DisableScriptedObjects (17ms)
			BackupInstance (0ms)
			ReleaseScriptingObjects (0ms)
			CreateAndSetChildDomain (76ms)
		EndReloadAssembly (1528ms)
			LoadAssemblies (242ms)
			RebuildTransferFunctionScriptingTraits (0ms)
			SetupTypeCache (503ms)
			ReleaseScriptCaches (2ms)
			RebuildScriptCaches (81ms)
			SetupLoadedEditorAssemblies (674ms)
				LogAssemblyErrors (0ms)
				InitializePlatformSupportModulesInManaged (27ms)
				SetLoadedEditorAssemblies (1ms)
				RefreshPlugins (1ms)
				BeforeProcessingInitializeOnLoad (155ms)
				ProcessInitializeOnLoadAttributes (400ms)
				ProcessInitializeOnLoadMethodAttributes (55ms)
				AfterProcessingInitializeOnLoad (35ms)
				EditorAssembliesLoaded (0ms)
			ExecutionOrderSort2 (0ms)
			AwakeInstancesAfterBackupRestoration (15ms)
Platform modules already initialized, skipping
Refreshing native plugins compatible for Editor in 5.40 ms, found 3 plugins.
Preloading 0 native plugins for Editor in 0.00 ms.
Unloading 3552 Unused Serialized files (Serialized files now loaded: 0)
Unloading 21 unused Assets / (150.7 KB). Loaded Objects now: 4067.
Memory consumption went from 143.5 MB to 143.3 MB.
Total: 8.092700 ms (FindLiveObjects: 0.426600 ms CreateObjectMapping: 0.142000 ms MarkObjects: 7.372500 ms  DeleteObjects: 0.149700 ms)

AssetImportParameters requested are different than current active one (requested -> active):
  custom:video-decoder-ogg-theora: a1e56fd34408186e4bbccfd4996cb3dc -> 
  custom:container-muxer-webm: aa71ff27fc2769a1b78a27578f13a17b -> 
  custom:container-demuxer-webm: 4f35f7cbe854078d1ac9338744f61a02 -> 
  custom:video-encoder-webm-vp8: eb34c28f22e8b96e1ab97ce403110664 -> 
  custom:audio-encoder-webm-vorbis: bf7c407c2cedff20999df2af8eb42d56 -> 
  custom:framework-win-MediaFoundation: 216162199b28c13a410421893ffa2e32 -> 
  custom:container-demuxer-ogg: 62fdf1f143b41e24485cea50d1cbac27 -> 
  custom:video-decoder-webm-vp8: 9c59270c3fd7afecdb556c50c9e8de78 -> 
  custom:audio-decoder-ogg-vorbis: bf7c407c2cedff20999df2af8eb42d56 -> 
========================================================================
Received Prepare
Registering precompiled user dll's ...
Registered in 0.026716 seconds.
Begin MonoManager ReloadAssembly
Symbol file LoadedFromMemory doesn't match image C:\Users\n00210357\Desktop\unitys\ProPacProject\Tank game\Library\PackageCache\com.unity.visualscripting@1.7.8\Editor\VisualScripting.Core\Dependencies\YamlDotNet\Unity.VisualScripting.YamlDotNet.dll
Symbol file LoadedFromMemory doesn't match image C:\Users\n00210357\Desktop\unitys\ProPacProject\Tank game\Library\PackageCache\com.unity.visualscripting@1.7.8\Editor\VisualScripting.Core\Dependencies\DotNetZip\Unity.VisualScripting.IonicZip.dll
Native extension for WindowsStandalone target not found
Refreshing native plugins compatible for Editor in 1.11 ms, found 3 plugins.
Preloading 0 native plugins for Editor in 0.00 ms.
Mono: successfully reloaded assembly
- Completed reload, in  2.129 seconds
Domain Reload Profiling:
	ReloadAssembly (2130ms)
		BeginReloadAssembly (322ms)
			ExecutionOrderSort (0ms)
			DisableScriptedObjects (7ms)
			BackupInstance (0ms)
			ReleaseScriptingObjects (0ms)
			CreateAndSetChildDomain (79ms)
		EndReloadAssembly (1574ms)
			LoadAssemblies (250ms)
			RebuildTransferFunctionScriptingTraits (0ms)
			SetupTypeCache (517ms)
			ReleaseScriptCaches (2ms)
			RebuildScriptCaches (79ms)
			SetupLoadedEditorAssemblies (698ms)
				LogAssemblyErrors (0ms)
				InitializePlatformSupportModulesInManaged (26ms)
				SetLoadedEditorAssemblies (1ms)
				RefreshPlugins (1ms)
				BeforeProcessingInitializeOnLoad (156ms)
				ProcessInitializeOnLoadAttributes (422ms)
				ProcessInitializeOnLoadMethodAttributes (56ms)
				AfterProcessingInitializeOnLoad (36ms)
				EditorAssembliesLoaded (0ms)
			ExecutionOrderSort2 (0ms)
			AwakeInstancesAfterBackupRestoration (15ms)
Platform modules already initialized, skipping
Refreshing native plugins compatible for Editor in 4.84 ms, found 3 plugins.
Preloading 0 native plugins for Editor in 0.00 ms.
Unloading 3552 Unused Serialized files (Serialized files now loaded: 0)
Unloading 21 unused Assets / (150.7 KB). Loaded Objects now: 4082.
Memory consumption went from 143.5 MB to 143.3 MB.
Total: 6.948400 ms (FindLiveObjects: 0.382700 ms CreateObjectMapping: 0.188500 ms MarkObjects: 6.240900 ms  DeleteObjects: 0.135100 ms)

AssetImportParameters requested are different than current active one (requested -> active):
  custom:video-decoder-ogg-theora: a1e56fd34408186e4bbccfd4996cb3dc -> 
  custom:container-muxer-webm: aa71ff27fc2769a1b78a27578f13a17b -> 
  custom:container-demuxer-webm: 4f35f7cbe854078d1ac9338744f61a02 -> 
  custom:video-encoder-webm-vp8: eb34c28f22e8b96e1ab97ce403110664 -> 
  custom:audio-encoder-webm-vorbis: bf7c407c2cedff20999df2af8eb42d56 -> 
  custom:framework-win-MediaFoundation: 216162199b28c13a410421893ffa2e32 -> 
  custom:container-demuxer-ogg: 62fdf1f143b41e24485cea50d1cbac27 -> 
  custom:video-decoder-webm-vp8: 9c59270c3fd7afecdb556c50c9e8de78 -> 
  custom:audio-decoder-ogg-vorbis: bf7c407c2cedff20999df2af8eb42d56 -> 
========================================================================
Received Prepare
Registering precompiled user dll's ...
Registered in 0.028388 seconds.
Begin MonoManager ReloadAssembly
Symbol file LoadedFromMemory doesn't match image C:\Users\n00210357\Desktop\unitys\ProPacProject\Tank game\Library\PackageCache\com.unity.visualscripting@1.7.8\Editor\VisualScripting.Core\Dependencies\YamlDotNet\Unity.VisualScripting.YamlDotNet.dll
Symbol file LoadedFromMemory doesn't match image C:\Users\n00210357\Desktop\unitys\ProPacProject\Tank game\Library\PackageCache\com.unity.visualscripting@1.7.8\Editor\VisualScripting.Core\Dependencies\DotNetZip\Unity.VisualScripting.IonicZip.dll
Native extension for WindowsStandalone target not found
Refreshing native plugins compatible for Editor in 1.24 ms, found 3 plugins.
Preloading 0 native plugins for Editor in 0.00 ms.
Mono: successfully reloaded assembly
- Completed reload, in  2.131 seconds
Domain Reload Profiling:
	ReloadAssembly (2132ms)
		BeginReloadAssembly (311ms)
			ExecutionOrderSort (0ms)
			DisableScriptedObjects (9ms)
			BackupInstance (0ms)
			ReleaseScriptingObjects (0ms)
			CreateAndSetChildDomain (70ms)
		EndReloadAssembly (1595ms)
			LoadAssemblies (246ms)
			RebuildTransferFunctionScriptingTraits (0ms)
			SetupTypeCache (495ms)
			ReleaseScriptCaches (2ms)
			RebuildScriptCaches (87ms)
			SetupLoadedEditorAssemblies (715ms)
				LogAssemblyErrors (0ms)
				InitializePlatformSupportModulesInManaged (28ms)
				SetLoadedEditorAssemblies (1ms)
				RefreshPlugins (1ms)
				BeforeProcessingInitializeOnLoad (163ms)
				ProcessInitializeOnLoadAttributes (418ms)
				ProcessInitializeOnLoadMethodAttributes (62ms)
				AfterProcessingInitializeOnLoad (42ms)
				EditorAssembliesLoaded (0ms)
			ExecutionOrderSort2 (0ms)
			AwakeInstancesAfterBackupRestoration (16ms)
Platform modules already initialized, skipping
Refreshing native plugins compatible for Editor in 5.93 ms, found 3 plugins.
Preloading 0 native plugins for Editor in 0.00 ms.
Unloading 3552 Unused Serialized files (Serialized files now loaded: 0)
Unloading 21 unused Assets / (150.7 KB). Loaded Objects now: 4097.
Memory consumption went from 143.5 MB to 143.3 MB.
Total: 7.813200 ms (FindLiveObjects: 0.420000 ms CreateObjectMapping: 0.169000 ms MarkObjects: 7.083700 ms  DeleteObjects: 0.139300 ms)

AssetImportParameters requested are different than current active one (requested -> active):
  custom:video-decoder-ogg-theora: a1e56fd34408186e4bbccfd4996cb3dc -> 
  custom:container-muxer-webm: aa71ff27fc2769a1b78a27578f13a17b -> 
  custom:container-demuxer-webm: 4f35f7cbe854078d1ac9338744f61a02 -> 
  custom:video-encoder-webm-vp8: eb34c28f22e8b96e1ab97ce403110664 -> 
  custom:audio-encoder-webm-vorbis: bf7c407c2cedff20999df2af8eb42d56 -> 
  custom:framework-win-MediaFoundation: 216162199b28c13a410421893ffa2e32 -> 
  custom:container-demuxer-ogg: 62fdf1f143b41e24485cea50d1cbac27 -> 
  custom:video-decoder-webm-vp8: 9c59270c3fd7afecdb556c50c9e8de78 -> 
  custom:audio-decoder-ogg-vorbis: bf7c407c2cedff20999df2af8eb42d56 -> 
========================================================================
Received Import Request.
  Time since last request: 880.095611 seconds.
  path: Assets/packAssets/CityVoxelPack/Assets/buildings/medium/Materials/building1.mat
  artifactKey: Guid(f242548e4848c614ca1825e176f890d4) Importer(815301076,1909f56bfc062723c751e8b465ee728b)
Start importing Assets/packAssets/CityVoxelPack/Assets/buildings/medium/Materials/building1.mat using Guid(f242548e4848c614ca1825e176f890d4) Importer(815301076,1909f56bfc062723c751e8b465ee728b)  -> (artifact id: 'afe18b92574491bf715e3e7cf968fa23') in 0.172745 seconds 
========================================================================
Received Import Request.
  Time since last request: 0.000047 seconds.
  path: Assets/packAssets/CityVoxelPack/Assets/buildings/medium/Materials/building3.mat
  artifactKey: Guid(36443da477f43bf4b8859695294b1f69) Importer(815301076,1909f56bfc062723c751e8b465ee728b)
Start importing Assets/packAssets/CityVoxelPack/Assets/buildings/medium/Materials/building3.mat using Guid(36443da477f43bf4b8859695294b1f69) Importer(815301076,1909f56bfc062723c751e8b465ee728b)  -> (artifact id: 'd21e559a7c58389948d9f3596cfd3b89') in 0.044920 seconds 
========================================================================
Received Import Request.
  Time since last request: 0.489543 seconds.
  path: Assets/packAssets/CityVoxelPack/Assets/buildings/medium/Prefabs/building1.prefab
  artifactKey: Guid(85938fd8fc1494c4f814bbc8350987ba) Importer(815301076,1909f56bfc062723c751e8b465ee728b)
Start importing Assets/packAssets/CityVoxelPack/Assets/buildings/medium/Prefabs/building1.prefab using Guid(85938fd8fc1494c4f814bbc8350987ba) Importer(815301076,1909f56bfc062723c751e8b465ee728b)  -> (artifact id: 'b910e45ba26933a1a622b57b5b3d1b9d') in 0.044071 seconds 
========================================================================
Received Import Request.
  Time since last request: 0.496479 seconds.
  path: Assets/packAssets/CityVoxelPack/Assets/buildings/medium/Prefabs/building2.prefab
  artifactKey: Guid(2f27bf2cfadc6cf45997d1ae68bc75a7) Importer(815301076,1909f56bfc062723c751e8b465ee728b)
Start importing Assets/packAssets/CityVoxelPack/Assets/buildings/medium/Prefabs/building2.prefab using Guid(2f27bf2cfadc6cf45997d1ae68bc75a7) Importer(815301076,1909f56bfc062723c751e8b465ee728b)  -> (artifact id: '6943dd946a0ddf27e172a916c8b94ab3') in 0.038960 seconds 
========================================================================
Received Import Request.
  Time since last request: 0.518847 seconds.
  path: Assets/packAssets/CityVoxelPack/Assets/buildings/medium/Prefabs/building3.prefab
  artifactKey: Guid(f9b2f8e8166d21146bd8fa829f92a477) Importer(815301076,1909f56bfc062723c751e8b465ee728b)
Start importing Assets/packAssets/CityVoxelPack/Assets/buildings/medium/Prefabs/building3.prefab using Guid(f9b2f8e8166d21146bd8fa829f92a477) Importer(815301076,1909f56bfc062723c751e8b465ee728b)  -> (artifact id: '610105e550a1dddfd9630404f36eee85') in 0.042810 seconds 
========================================================================
Received Import Request.
  Time since last request: 0.000044 seconds.
  path: Assets/packAssets/CityVoxelPack/Assets/buildings/medium/Prefabs/building4.prefab
  artifactKey: Guid(c543ff803ae7f2a4aa8c3c9388806042) Importer(815301076,1909f56bfc062723c751e8b465ee728b)
Start importing Assets/packAssets/CityVoxelPack/Assets/buildings/medium/Prefabs/building4.prefab using Guid(c543ff803ae7f2a4aa8c3c9388806042) Importer(815301076,1909f56bfc062723c751e8b465ee728b)  -> (artifact id: '650dd0181244a11583580029abb3827a') in 0.024519 seconds 
========================================================================
Received Import Request.
  Time since last request: 0.000051 seconds.
  path: Assets/packAssets/CityVoxelPack/Assets/buildings/medium/Prefabs/building11.prefab
  artifactKey: Guid(1df2e5260e81d34429cfde376446ab28) Importer(815301076,1909f56bfc062723c751e8b465ee728b)
Start importing Assets/packAssets/CityVoxelPack/Assets/buildings/medium/Prefabs/building11.prefab using Guid(1df2e5260e81d34429cfde376446ab28) Importer(815301076,1909f56bfc062723c751e8b465ee728b)  -> (artifact id: '064f7bda4c58b27dfbdf158cee9145fe') in 0.028824 seconds 
========================================================================
Received Import Request.
  Time since last request: 0.000030 seconds.
  path: Assets/packAssets/CityVoxelPack/Assets/buildings/medium/Prefabs/building6_Var1.prefab
  artifactKey: Guid(e439ea41af242984d9cc2c6aa2d55af7) Importer(815301076,1909f56bfc062723c751e8b465ee728b)
Start importing Assets/packAssets/CityVoxelPack/Assets/buildings/medium/Prefabs/building6_Var1.prefab using Guid(e439ea41af242984d9cc2c6aa2d55af7) Importer(815301076,1909f56bfc062723c751e8b465ee728b)  -> (artifact id: '7e798be47c83553086f351d95acdb05f') in 0.059381 seconds 
========================================================================
Received Import Request.
  Time since last request: 0.000039 seconds.
  path: Assets/packAssets/CityVoxelPack/Assets/buildings/medium/Prefabs/building12.prefab
  artifactKey: Guid(0c2a009a1b3d491499787d8da01b17e1) Importer(815301076,1909f56bfc062723c751e8b465ee728b)
Start importing Assets/packAssets/CityVoxelPack/Assets/buildings/medium/Prefabs/building12.prefab using Guid(0c2a009a1b3d491499787d8da01b17e1) Importer(815301076,1909f56bfc062723c751e8b465ee728b)  -> (artifact id: '03f019765cb21bcd43ee3099234b4f3a') in 0.023823 seconds 
========================================================================
Received Import Request.
  Time since last request: 0.000042 seconds.
  path: Assets/packAssets/CityVoxelPack/Assets/buildings/medium/Prefabs/building4_Var2.prefab
  artifactKey: Guid(3b7bfb560cd0e784fa0b60d32eb2e6e8) Importer(815301076,1909f56bfc062723c751e8b465ee728b)
Start importing Assets/packAssets/CityVoxelPack/Assets/buildings/medium/Prefabs/building4_Var2.prefab using Guid(3b7bfb560cd0e784fa0b60d32eb2e6e8) Importer(815301076,1909f56bfc062723c751e8b465ee728b)  -> (artifact id: '5aafe5a81d669454f64eac55ed324ad4') in 0.044682 seconds 
========================================================================
Received Import Request.
  Time since last request: 0.000031 seconds.
  path: Assets/packAssets/CityVoxelPack/Assets/buildings/medium/Prefabs/building14_Var1.prefab
  artifactKey: Guid(49fadc54066332b4c84e64b1b4f9d157) Importer(815301076,1909f56bfc062723c751e8b465ee728b)
Start importing Assets/packAssets/CityVoxelPack/Assets/buildings/medium/Prefabs/building14_Var1.prefab using Guid(49fadc54066332b4c84e64b1b4f9d157) Importer(815301076,1909f56bfc062723c751e8b465ee728b)  -> (artifact id: '78af388d95cd928c7240cc64a66cb0b7') in 0.048107 seconds 
========================================================================
Received Import Request.
  Time since last request: 0.000043 seconds.
  path: Assets/packAssets/CityVoxelPack/Assets/buildings/medium/Prefabs/building2_Var2.prefab
  artifactKey: Guid(e83422d6ff77a4047900bc557603998d) Importer(815301076,1909f56bfc062723c751e8b465ee728b)
Start importing Assets/packAssets/CityVoxelPack/Assets/buildings/medium/Prefabs/building2_Var2.prefab using Guid(e83422d6ff77a4047900bc557603998d) Importer(815301076,1909f56bfc062723c751e8b465ee728b)  -> (artifact id: '5a8288b69020362009b161d542dc3bf3') in 0.044194 seconds 
========================================================================
Received Import Request.
  Time since last request: 0.000049 seconds.
  path: Assets/packAssets/CityVoxelPack/Assets/buildings/medium/Prefabs/building6.prefab
  artifactKey: Guid(00702717753f4fb498fc2e623f8260c6) Importer(815301076,1909f56bfc062723c751e8b465ee728b)
Start importing Assets/packAssets/CityVoxelPack/Assets/buildings/medium/Prefabs/building6.prefab using Guid(00702717753f4fb498fc2e623f8260c6) Importer(815301076,1909f56bfc062723c751e8b465ee728b)  -> (artifact id: 'a03e61bf59f369c4094861566c362cb6') in 0.026461 seconds 
========================================================================
Received Import Request.
  Time since last request: 0.000041 seconds.
  path: Assets/packAssets/CityVoxelPack/Assets/buildings/medium/Prefabs/building7.prefab
  artifactKey: Guid(6f0ae26b5384ffb4992112c112a5f655) Importer(815301076,1909f56bfc062723c751e8b465ee728b)
Start importing Assets/packAssets/CityVoxelPack/Assets/buildings/medium/Prefabs/building7.prefab using Guid(6f0ae26b5384ffb4992112c112a5f655) Importer(815301076,1909f56bfc062723c751e8b465ee728b)  -> (artifact id: '94d9e144d1011808fdc9cd9530f3f9b1') in 0.032691 seconds 
========================================================================
Received Import Request.
  Time since last request: 0.000034 seconds.
  path: Assets/packAssets/CityVoxelPack/Assets/buildings/medium/Prefabs/building11_Var1.prefab
  artifactKey: Guid(af3556cce1cae2342a726fe60c0692d9) Importer(815301076,1909f56bfc062723c751e8b465ee728b)
Start importing Assets/packAssets/CityVoxelPack/Assets/buildings/medium/Prefabs/building11_Var1.prefab using Guid(af3556cce1cae2342a726fe60c0692d9) Importer(815301076,1909f56bfc062723c751e8b465ee728b)  -> (artifact id: 'ca1350b646d14ec6343fe2720953b1ff') in 0.046474 seconds 
========================================================================
Received Import Request.
  Time since last request: 0.000031 seconds.
  path: Assets/packAssets/CityVoxelPack/Assets/buildings/medium/Prefabs/building9_Var2.prefab
  artifactKey: Guid(43b66af4dcdf2824aac086910ebc3f76) Importer(815301076,1909f56bfc062723c751e8b465ee728b)
Start importing Assets/packAssets/CityVoxelPack/Assets/buildings/medium/Prefabs/building9_Var2.prefab using Guid(43b66af4dcdf2824aac086910ebc3f76) Importer(815301076,1909f56bfc062723c751e8b465ee728b)  -> (artifact id: '3b3a3f3cc8e1e6ee3b6f37ee106272e9') in 0.041170 seconds 
========================================================================
Received Import Request.
  Time since last request: 0.000029 seconds.
  path: Assets/packAssets/CityVoxelPack/Assets/buildings/medium/Prefabs/building8.prefab
  artifactKey: Guid(2067280b38cf2254b881cb6be2dc7c75) Importer(815301076,1909f56bfc062723c751e8b465ee728b)
Start importing Assets/packAssets/CityVoxelPack/Assets/buildings/medium/Prefabs/building8.prefab using Guid(2067280b38cf2254b881cb6be2dc7c75) Importer(815301076,1909f56bfc062723c751e8b465ee728b)  -> (artifact id: 'df14936274a0eadea3c7f9f6ccf5f9a4') in 0.023013 seconds 
========================================================================
Received Import Request.
  Time since last request: 0.000041 seconds.
  path: Assets/packAssets/CityVoxelPack/Assets/buildings/medium/Prefabs/building13_Var1.prefab
  artifactKey: Guid(818ff9dab394c184fab252c49384be07) Importer(815301076,1909f56bfc062723c751e8b465ee728b)
Start importing Assets/packAssets/CityVoxelPack/Assets/buildings/medium/Prefabs/building13_Var1.prefab using Guid(818ff9dab394c184fab252c49384be07) Importer(815301076,1909f56bfc062723c751e8b465ee728b)  -> (artifact id: 'bc16515abcab10b1a93fb626e61995ba') in 0.041696 seconds 
========================================================================
Received Import Request.
  Time since last request: 0.000060 seconds.
  path: Assets/packAssets/CityVoxelPack/Assets/buildings/medium/Prefabs/building8_Var2.prefab
  artifactKey: Guid(dae9001bcf2d6fe4eb865c4db80314f0) Importer(815301076,1909f56bfc062723c751e8b465ee728b)
Start importing Assets/packAssets/CityVoxelPack/Assets/buildings/medium/Prefabs/building8_Var2.prefab using Guid(dae9001bcf2d6fe4eb865c4db80314f0) Importer(815301076,1909f56bfc062723c751e8b465ee728b)  -> (artifact id: '5eced659fe48ce96e92a4c2c895551ee') in 0.045719 seconds 
========================================================================
Received Import Request.
  Time since last request: 0.000030 seconds.
  path: Assets/packAssets/CityVoxelPack/Assets/buildings/medium/Prefabs/building1_Var2.prefab
  artifactKey: Guid(a5bc9c68b6d707a49b7da8448a7df0b9) Importer(815301076,1909f56bfc062723c751e8b465ee728b)
Start importing Assets/packAssets/CityVoxelPack/Assets/buildings/medium/Prefabs/building1_Var2.prefab using Guid(a5bc9c68b6d707a49b7da8448a7df0b9) Importer(815301076,1909f56bfc062723c751e8b465ee728b)  -> (artifact id: '32960aa1a4c452a997536216228b5bfd') in 0.044030 seconds 
========================================================================
Received Import Request.
  Time since last request: 0.000031 seconds.
  path: Assets/packAssets/CityVoxelPack/Assets/buildings/medium/Prefabs/building10.prefab
  artifactKey: Guid(90024e97d7a7ed44a8c663330f434515) Importer(815301076,1909f56bfc062723c751e8b465ee728b)
Start importing Assets/packAssets/CityVoxelPack/Assets/buildings/medium/Prefabs/building10.prefab using Guid(90024e97d7a7ed44a8c663330f434515) Importer(815301076,1909f56bfc062723c751e8b465ee728b)  -> (artifact id: 'c5fa7946c08cae286d224a6ef55d4a4a') in 0.031341 seconds 
========================================================================
Received Import Request.
  Time since last request: 0.000028 seconds.
  path: Assets/packAssets/CityVoxelPack/Assets/buildings/medium/Prefabs/building5.prefab
  artifactKey: Guid(96e58a7e54fb91947a72daaf2b4055fa) Importer(815301076,1909f56bfc062723c751e8b465ee728b)
Start importing Assets/packAssets/CityVoxelPack/Assets/buildings/medium/Prefabs/building5.prefab using Guid(96e58a7e54fb91947a72daaf2b4055fa) Importer(815301076,1909f56bfc062723c751e8b465ee728b)  -> (artifact id: 'c382193ca72a91cdc809dfa1378f0e58') in 0.024264 seconds 
========================================================================
Received Import Request.
  Time since last request: 0.000030 seconds.
  path: Assets/packAssets/CityVoxelPack/Assets/buildings/medium/Prefabs/building6_Var2.prefab
  artifactKey: Guid(fd02965eada2cd64bb903dd8667c16b4) Importer(815301076,1909f56bfc062723c751e8b465ee728b)
Start importing Assets/packAssets/CityVoxelPack/Assets/buildings/medium/Prefabs/building6_Var2.prefab using Guid(fd02965eada2cd64bb903dd8667c16b4) Importer(815301076,1909f56bfc062723c751e8b465ee728b)  -> (artifact id: 'e7f6cedaaf78bc24b31092ecfd9d9b2e') in 0.057953 seconds 
========================================================================
Received Import Request.
  Time since last request: 0.000039 seconds.
  path: Assets/packAssets/CityVoxelPack/Assets/buildings/medium/Prefabs/building9.prefab
  artifactKey: Guid(05105e38d3295164e85a45224def1754) Importer(815301076,1909f56bfc062723c751e8b465ee728b)
Start importing Assets/packAssets/CityVoxelPack/Assets/buildings/medium/Prefabs/building9.prefab using Guid(05105e38d3295164e85a45224def1754) Importer(815301076,1909f56bfc062723c751e8b465ee728b)  -> (artifact id: '50fd0dd4ab11f90dfc659faf421123b6') in 0.028837 seconds 
========================================================================
Received Import Request.
  Time since last request: 0.000046 seconds.
  path: Assets/packAssets/CityVoxelPack/Assets/buildings/medium/Prefabs/building13.prefab
  artifactKey: Guid(e76a7a42a1250b745ba004d987c4b66b) Importer(815301076,1909f56bfc062723c751e8b465ee728b)
Start importing Assets/packAssets/CityVoxelPack/Assets/buildings/medium/Prefabs/building13.prefab using Guid(e76a7a42a1250b745ba004d987c4b66b) Importer(815301076,1909f56bfc062723c751e8b465ee728b)  -> (artifact id: '342e780a2333fcb696bbdf22e6540240') in 0.024288 seconds 
========================================================================
Received Prepare
Registering precompiled user dll's ...
Registered in 0.029509 seconds.
Begin MonoManager ReloadAssembly
Symbol file LoadedFromMemory doesn't match image C:\Users\n00210357\Desktop\unitys\ProPacProject\Tank game\Library\PackageCache\com.unity.visualscripting@1.7.8\Editor\VisualScripting.Core\Dependencies\YamlDotNet\Unity.VisualScripting.YamlDotNet.dll
Symbol file LoadedFromMemory doesn't match image C:\Users\n00210357\Desktop\unitys\ProPacProject\Tank game\Library\PackageCache\com.unity.visualscripting@1.7.8\Editor\VisualScripting.Core\Dependencies\DotNetZip\Unity.VisualScripting.IonicZip.dll
Native extension for WindowsStandalone target not found
Refreshing native plugins compatible for Editor in 1.09 ms, found 3 plugins.
Preloading 0 native plugins for Editor in 0.00 ms.
Mono: successfully reloaded assembly
- Completed reload, in  2.097 seconds
Domain Reload Profiling:
	ReloadAssembly (2098ms)
		BeginReloadAssembly (309ms)
			ExecutionOrderSort (0ms)
			DisableScriptedObjects (11ms)
			BackupInstance (0ms)
			ReleaseScriptingObjects (0ms)
			CreateAndSetChildDomain (65ms)
		EndReloadAssembly (1563ms)
			LoadAssemblies (248ms)
			RebuildTransferFunctionScriptingTraits (0ms)
			SetupTypeCache (509ms)
			ReleaseScriptCaches (3ms)
			RebuildScriptCaches (83ms)
			SetupLoadedEditorAssemblies (688ms)
				LogAssemblyErrors (0ms)
				InitializePlatformSupportModulesInManaged (27ms)
				SetLoadedEditorAssemblies (1ms)
				RefreshPlugins (1ms)
				BeforeProcessingInitializeOnLoad (161ms)
				ProcessInitializeOnLoadAttributes (405ms)
				ProcessInitializeOnLoadMethodAttributes (57ms)
				AfterProcessingInitializeOnLoad (36ms)
				EditorAssembliesLoaded (0ms)
			ExecutionOrderSort2 (0ms)
			AwakeInstancesAfterBackupRestoration (16ms)
Platform modules already initialized, skipping
Refreshing native plugins compatible for Editor in 5.15 ms, found 3 plugins.
Preloading 0 native plugins for Editor in 0.00 ms.
Unloading 3552 Unused Serialized files (Serialized files now loaded: 0)
Unloading 21 unused Assets / (150.8 KB). Loaded Objects now: 4145.
Memory consumption went from 144.0 MB to 143.8 MB.
Total: 7.225400 ms (FindLiveObjects: 0.414400 ms CreateObjectMapping: 0.186900 ms MarkObjects: 6.464000 ms  DeleteObjects: 0.158900 ms)

AssetImportParameters requested are different than current active one (requested -> active):
  custom:video-decoder-ogg-theora: a1e56fd34408186e4bbccfd4996cb3dc -> 
  custom:container-muxer-webm: aa71ff27fc2769a1b78a27578f13a17b -> 
  custom:container-demuxer-webm: 4f35f7cbe854078d1ac9338744f61a02 -> 
  custom:video-encoder-webm-vp8: eb34c28f22e8b96e1ab97ce403110664 -> 
  custom:audio-encoder-webm-vorbis: bf7c407c2cedff20999df2af8eb42d56 -> 
  custom:framework-win-MediaFoundation: 216162199b28c13a410421893ffa2e32 -> 
  custom:container-demuxer-ogg: 62fdf1f143b41e24485cea50d1cbac27 -> 
  custom:video-decoder-webm-vp8: 9c59270c3fd7afecdb556c50c9e8de78 -> 
  custom:audio-decoder-ogg-vorbis: bf7c407c2cedff20999df2af8eb42d56 -> 
Editor requested this worker to shutdown with reason: Scaling down because of idle timeout
AssetImportWorker is now disconnected from the server
Process exiting
Exiting without the bug reporter. Application will terminate with return code 0