Using pre-set license
Built from '2021.3/staging' branch; Version is '2021.3.13f1 (9e7d58001ecf) revision 10386776'; Using compiler version '192829333'; Build Type 'Release'
OS: 'Windows 10  (10.0.19045) 64bit Education' Language: 'en' Physical Memory: 65296 MB
BatchMode: 1, IsHumanControllingUs: 0, StartBugReporterOnCrash: 0, Is64bit: 1, IsPro: 1

COMMAND LINE ARGUMENTS:
C:\Program Files\Unity\Hub\Editor\2021.3.13f1\Editor\Unity.exe
-adb2
-batchMode
-noUpm
-name
AssetImportWorker5
-projectPath
C:/Users/n00210357/Desktop/unitys/ProPacProject/Tank game
-logFile
Logs/AssetImportWorker5.log
-srvPort
56331
Successfully changed project path to: C:/Users/n00210357/Desktop/unitys/ProPacProject/Tank game
C:/Users/n00210357/Desktop/unitys/ProPacProject/Tank game
[UnityMemory] Configuration Parameters - Can be set up in boot.config
    "memorysetup-bucket-allocator-granularity=16"
    "memorysetup-bucket-allocator-bucket-count=8"
    "memorysetup-bucket-allocator-block-size=33554432"
    "memorysetup-bucket-allocator-block-count=8"
    "memorysetup-main-allocator-block-size=16777216"
    "memorysetup-thread-allocator-block-size=16777216"
    "memorysetup-gfx-main-allocator-block-size=16777216"
    "memorysetup-gfx-thread-allocator-block-size=16777216"
    "memorysetup-cache-allocator-block-size=4194304"
    "memorysetup-typetree-allocator-block-size=2097152"
    "memorysetup-profiler-bucket-allocator-granularity=16"
    "memorysetup-profiler-bucket-allocator-bucket-count=8"
    "memorysetup-profiler-bucket-allocator-block-size=33554432"
    "memorysetup-profiler-bucket-allocator-block-count=8"
    "memorysetup-profiler-allocator-block-size=16777216"
    "memorysetup-profiler-editor-allocator-block-size=1048576"
    "memorysetup-temp-allocator-size-main=16777216"
    "memorysetup-job-temp-allocator-block-size=2097152"
    "memorysetup-job-temp-allocator-block-size-background=1048576"
    "memorysetup-job-temp-allocator-reduction-small-platforms=262144"
    "memorysetup-temp-allocator-size-background-worker=32768"
    "memorysetup-temp-allocator-size-job-worker=262144"
    "memorysetup-temp-allocator-size-preload-manager=33554432"
    "memorysetup-temp-allocator-size-nav-mesh-worker=65536"
    "memorysetup-temp-allocator-size-audio-worker=65536"
    "memorysetup-temp-allocator-size-cloud-worker=32768"
    "memorysetup-temp-allocator-size-gi-baking-worker=262144"
    "memorysetup-temp-allocator-size-gfx=262144"
Refreshing native plugins compatible for Editor in 149.25 ms, found 3 plugins.
Preloading 0 native plugins for Editor in 0.00 ms.
Initialize engine version: 2021.3.13f1 (9e7d58001ecf)
[Subsystems] Discovering subsystems at path C:/Program Files/Unity/Hub/Editor/2021.3.13f1/Editor/Data/Resources/UnitySubsystems
[Subsystems] Discovering subsystems at path C:/Users/n00210357/Desktop/unitys/ProPacProject/Tank game/Assets
GfxDevice: creating device client; threaded=0; jobified=0
Direct3D:
    Version:  Direct3D 11.0 [level 11.1]
    Renderer: NVIDIA Quadro M4000 (ID=0x13f1)
    Vendor:   NVIDIA
    VRAM:     8139 MB
    Driver:   31.0.15.3742
Initialize mono
Mono path[0] = 'C:/Program Files/Unity/Hub/Editor/2021.3.13f1/Editor/Data/Managed'
Mono path[1] = 'C:/Program Files/Unity/Hub/Editor/2021.3.13f1/Editor/Data/MonoBleedingEdge/lib/mono/unityjit-win32'
Mono config path = 'C:/Program Files/Unity/Hub/Editor/2021.3.13f1/Editor/Data/MonoBleedingEdge/etc'
Using monoOptions --debugger-agent=transport=dt_socket,embedding=1,server=y,suspend=n,address=127.0.0.1:56532
Begin MonoManager ReloadAssembly
Registering precompiled unity dll's ...
Register platform support module: C:/Program Files/Unity/Hub/Editor/2021.3.13f1/Editor/Data/PlaybackEngines/WindowsStandaloneSupport/UnityEditor.WindowsStandalone.Extensions.dll
Registered in 0.024651 seconds.
Native extension for WindowsStandalone target not found
Refreshing native plugins compatible for Editor in 114.92 ms, found 3 plugins.
Preloading 0 native plugins for Editor in 0.00 ms.
Mono: successfully reloaded assembly
- Completed reload, in  1.254 seconds
Domain Reload Profiling:
	ReloadAssembly (1255ms)
		BeginReloadAssembly (195ms)
			ExecutionOrderSort (0ms)
			DisableScriptedObjects (0ms)
			BackupInstance (0ms)
			ReleaseScriptingObjects (0ms)
			CreateAndSetChildDomain (1ms)
		EndReloadAssembly (837ms)
			LoadAssemblies (187ms)
			RebuildTransferFunctionScriptingTraits (0ms)
			SetupTypeCache (208ms)
			ReleaseScriptCaches (0ms)
			RebuildScriptCaches (44ms)
			SetupLoadedEditorAssemblies (479ms)
				LogAssemblyErrors (0ms)
				InitializePlatformSupportModulesInManaged (16ms)
				SetLoadedEditorAssemblies (0ms)
				RefreshPlugins (115ms)
				BeforeProcessingInitializeOnLoad (2ms)
				ProcessInitializeOnLoadAttributes (246ms)
				ProcessInitializeOnLoadMethodAttributes (99ms)
				AfterProcessingInitializeOnLoad (0ms)
				EditorAssembliesLoaded (0ms)
			ExecutionOrderSort2 (0ms)
			AwakeInstancesAfterBackupRestoration (0ms)
Platform modules already initialized, skipping
Registering precompiled user dll's ...
Registered in 0.032559 seconds.
Begin MonoManager ReloadAssembly
Symbol file LoadedFromMemory doesn't match image C:\Users\n00210357\Desktop\unitys\ProPacProject\Tank game\Library\PackageCache\com.unity.visualscripting@1.7.8\Editor\VisualScripting.Core\Dependencies\YamlDotNet\Unity.VisualScripting.YamlDotNet.dll
Symbol file LoadedFromMemory doesn't match image C:\Users\n00210357\Desktop\unitys\ProPacProject\Tank game\Library\PackageCache\com.unity.visualscripting@1.7.8\Editor\VisualScripting.Core\Dependencies\DotNetZip\Unity.VisualScripting.IonicZip.dll
Native extension for WindowsStandalone target not found
Refreshing native plugins compatible for Editor in 0.75 ms, found 3 plugins.
Preloading 0 native plugins for Editor in 0.00 ms.
Mono: successfully reloaded assembly
- Completed reload, in  1.871 seconds
Domain Reload Profiling:
	ReloadAssembly (1873ms)
		BeginReloadAssembly (227ms)
			ExecutionOrderSort (0ms)
			DisableScriptedObjects (9ms)
			BackupInstance (0ms)
			ReleaseScriptingObjects (0ms)
			CreateAndSetChildDomain (47ms)
		EndReloadAssembly (1429ms)
			LoadAssemblies (184ms)
			RebuildTransferFunctionScriptingTraits (0ms)
			SetupTypeCache (467ms)
			ReleaseScriptCaches (1ms)
			RebuildScriptCaches (81ms)
			SetupLoadedEditorAssemblies (658ms)
				LogAssemblyErrors (0ms)
				InitializePlatformSupportModulesInManaged (11ms)
				SetLoadedEditorAssemblies (1ms)
				RefreshPlugins (1ms)
				BeforeProcessingInitializeOnLoad (151ms)
				ProcessInitializeOnLoadAttributes (425ms)
				ProcessInitializeOnLoadMethodAttributes (44ms)
				AfterProcessingInitializeOnLoad (25ms)
				EditorAssembliesLoaded (0ms)
			ExecutionOrderSort2 (0ms)
			AwakeInstancesAfterBackupRestoration (13ms)
Platform modules already initialized, skipping
========================================================================
Worker process is ready to serve import requests
Launched and connected shader compiler UnityShaderCompiler.exe after 0.11 seconds
Refreshing native plugins compatible for Editor in 1.04 ms, found 3 plugins.
Preloading 0 native plugins for Editor in 0.00 ms.
Unloading 3570 Unused Serialized files (Serialized files now loaded: 0)
Unloading 40 unused Assets / (184.1 KB). Loaded Objects now: 4042.
Memory consumption went from 140.5 MB to 140.3 MB.
Total: 7.778400 ms (FindLiveObjects: 0.545700 ms CreateObjectMapping: 0.259200 ms MarkObjects: 6.752900 ms  DeleteObjects: 0.219300 ms)

AssetImportParameters requested are different than current active one (requested -> active):
  custom:video-decoder-ogg-theora: a1e56fd34408186e4bbccfd4996cb3dc -> 
  custom:container-muxer-webm: aa71ff27fc2769a1b78a27578f13a17b -> 
  custom:container-demuxer-webm: 4f35f7cbe854078d1ac9338744f61a02 -> 
  custom:video-encoder-webm-vp8: eb34c28f22e8b96e1ab97ce403110664 -> 
  custom:audio-encoder-webm-vorbis: bf7c407c2cedff20999df2af8eb42d56 -> 
  custom:framework-win-MediaFoundation: 216162199b28c13a410421893ffa2e32 -> 
  custom:container-demuxer-ogg: 62fdf1f143b41e24485cea50d1cbac27 -> 
  custom:video-decoder-webm-vp8: 9c59270c3fd7afecdb556c50c9e8de78 -> 
  custom:audio-decoder-ogg-vorbis: bf7c407c2cedff20999df2af8eb42d56 -> 
========================================================================
Received Import Request.
  Time since last request: 449253.967539 seconds.
  path: Assets/packAssets/CityVoxelPack/Assets/roads/Textures/roadsBis.png
  artifactKey: Guid(e521f4c46d1d0534f903a5d290410379) Importer(815301076,1909f56bfc062723c751e8b465ee728b)
Start importing Assets/packAssets/CityVoxelPack/Assets/roads/Textures/roadsBis.png using Guid(e521f4c46d1d0534f903a5d290410379) Importer(815301076,1909f56bfc062723c751e8b465ee728b)  -> (artifact id: '6526671bc21b89172af54d4291b6d4ed') in 0.200089 seconds 
========================================================================
Received Import Request.
  Time since last request: 3.059892 seconds.
  path: Assets/packAssets/CityVoxelPack/Assets/roads/tall/Prefabs/road11.prefab
  artifactKey: Guid(0eda6842fdaa54348846dd6f673bf305) Importer(815301076,1909f56bfc062723c751e8b465ee728b)
Start importing Assets/packAssets/CityVoxelPack/Assets/roads/tall/Prefabs/road11.prefab using Guid(0eda6842fdaa54348846dd6f673bf305) Importer(815301076,1909f56bfc062723c751e8b465ee728b)  -> (artifact id: '036d405810385f9bed7139bfc3ddff7c') in 0.141558 seconds 
========================================================================
Received Import Request.
  Time since last request: 0.356911 seconds.
  path: Assets/packAssets/CityVoxelPack/Assets/roads/tall/Prefabs/road12bisbis.prefab
  artifactKey: Guid(a7c817f99f8e97e45acfebfaccc7fe09) Importer(815301076,1909f56bfc062723c751e8b465ee728b)
Start importing Assets/packAssets/CityVoxelPack/Assets/roads/tall/Prefabs/road12bisbis.prefab using Guid(a7c817f99f8e97e45acfebfaccc7fe09) Importer(815301076,1909f56bfc062723c751e8b465ee728b)  -> (artifact id: 'cc7bb5ffde3c4e19544dc49d1ea1586a') in 0.039799 seconds 
========================================================================
Received Import Request.
  Time since last request: 0.401614 seconds.
  path: Assets/packAssets/CityVoxelPack/Assets/roads/tall/Prefabs/road13bis.prefab
  artifactKey: Guid(609a4258914341d49a8240df4cdcef24) Importer(815301076,1909f56bfc062723c751e8b465ee728b)
Start importing Assets/packAssets/CityVoxelPack/Assets/roads/tall/Prefabs/road13bis.prefab using Guid(609a4258914341d49a8240df4cdcef24) Importer(815301076,1909f56bfc062723c751e8b465ee728b)  -> (artifact id: '7486e2ba5e9a4b84942630f03b7a3357') in 0.031787 seconds 
========================================================================
Received Import Request.
  Time since last request: 0.000054 seconds.
  path: Assets/packAssets/CityVoxelPack/Assets/roads/tall/Prefabs/road17bisbis.prefab
  artifactKey: Guid(494abdac02aca0040a2bc3793c98dc13) Importer(815301076,1909f56bfc062723c751e8b465ee728b)
Start importing Assets/packAssets/CityVoxelPack/Assets/roads/tall/Prefabs/road17bisbis.prefab using Guid(494abdac02aca0040a2bc3793c98dc13) Importer(815301076,1909f56bfc062723c751e8b465ee728b)  -> (artifact id: 'f9f454bc21d2f16619836cfe53a908ff') in 0.024703 seconds 
========================================================================
Received Import Request.
  Time since last request: 0.000065 seconds.
  path: Assets/packAssets/CityVoxelPack/Assets/roads/tall/Prefabs/road17bis.prefab
  artifactKey: Guid(77a0b2c135d83e04391f043ba0d4f5d4) Importer(815301076,1909f56bfc062723c751e8b465ee728b)
Start importing Assets/packAssets/CityVoxelPack/Assets/roads/tall/Prefabs/road17bis.prefab using Guid(77a0b2c135d83e04391f043ba0d4f5d4) Importer(815301076,1909f56bfc062723c751e8b465ee728b)  -> (artifact id: 'ecd629085cb4e23b7657c0156018713b') in 0.024733 seconds 
========================================================================
Received Import Request.
  Time since last request: 0.000032 seconds.
  path: Assets/packAssets/CityVoxelPack/Assets/roads/tall/Prefabs/road15.prefab
  artifactKey: Guid(390dc959598a61f41891104c988b6141) Importer(815301076,1909f56bfc062723c751e8b465ee728b)
Start importing Assets/packAssets/CityVoxelPack/Assets/roads/tall/Prefabs/road15.prefab using Guid(390dc959598a61f41891104c988b6141) Importer(815301076,1909f56bfc062723c751e8b465ee728b)  -> (artifact id: '430e57ad0c3af4ea2852d5f9d9e914d5') in 0.025771 seconds 
========================================================================
Received Import Request.
  Time since last request: 0.000029 seconds.
  path: Assets/packAssets/CityVoxelPack/Assets/roads/tall/Prefabs/road14bisbis.prefab
  artifactKey: Guid(6d550d31a1332d146a14cc1c43ca3b85) Importer(815301076,1909f56bfc062723c751e8b465ee728b)
Start importing Assets/packAssets/CityVoxelPack/Assets/roads/tall/Prefabs/road14bisbis.prefab using Guid(6d550d31a1332d146a14cc1c43ca3b85) Importer(815301076,1909f56bfc062723c751e8b465ee728b)  -> (artifact id: 'b951b4e86cf130fbd66173c188e38dbc') in 0.021347 seconds 
========================================================================
Received Import Request.
  Time since last request: 0.000032 seconds.
  path: Assets/packAssets/CityVoxelPack/Assets/roads/tall/Prefabs/road12.prefab
  artifactKey: Guid(dcfeeca86a09f5d40a4c5ae00673d8fa) Importer(815301076,1909f56bfc062723c751e8b465ee728b)
Start importing Assets/packAssets/CityVoxelPack/Assets/roads/tall/Prefabs/road12.prefab using Guid(dcfeeca86a09f5d40a4c5ae00673d8fa) Importer(815301076,1909f56bfc062723c751e8b465ee728b)  -> (artifact id: '85d1da93f06d2149e467abad8f9e41c1') in 0.023910 seconds 
========================================================================
Received Import Request.
  Time since last request: 0.000041 seconds.
  path: Assets/packAssets/CityVoxelPack/Assets/roads/tall/Prefabs/road13.prefab
  artifactKey: Guid(5584b606ff5fd854a9a5846d073d2fc3) Importer(815301076,1909f56bfc062723c751e8b465ee728b)
Start importing Assets/packAssets/CityVoxelPack/Assets/roads/tall/Prefabs/road13.prefab using Guid(5584b606ff5fd854a9a5846d073d2fc3) Importer(815301076,1909f56bfc062723c751e8b465ee728b)  -> (artifact id: 'd0460dab075288d5fe5d3d038b3f4762') in 0.023547 seconds 
========================================================================
Received Import Request.
  Time since last request: 8.435945 seconds.
  path: Assets/packAssets/CityVoxelPack/Assets/roads/medium/Prefabs/road3.prefab
  artifactKey: Guid(044bacb8960e9c8448cd7aba3a4dad6d) Importer(815301076,1909f56bfc062723c751e8b465ee728b)
Start importing Assets/packAssets/CityVoxelPack/Assets/roads/medium/Prefabs/road3.prefab using Guid(044bacb8960e9c8448cd7aba3a4dad6d) Importer(815301076,1909f56bfc062723c751e8b465ee728b)  -> (artifact id: '09901b913ac77e7571edc38d2eed903a') in 0.034428 seconds 
========================================================================
Received Import Request.
  Time since last request: 0.000048 seconds.
  path: Assets/packAssets/CityVoxelPack/Assets/roads/medium/Prefabs/road6.prefab
  artifactKey: Guid(7c648947d00d08049bf9af26d1bc3db8) Importer(815301076,1909f56bfc062723c751e8b465ee728b)
Start importing Assets/packAssets/CityVoxelPack/Assets/roads/medium/Prefabs/road6.prefab using Guid(7c648947d00d08049bf9af26d1bc3db8) Importer(815301076,1909f56bfc062723c751e8b465ee728b)  -> (artifact id: '990c5eddbd417de2ecf939ab01af5ea8') in 0.023576 seconds 
========================================================================
Received Import Request.
  Time since last request: 0.000033 seconds.
  path: Assets/packAssets/CityVoxelPack/Assets/roads/medium/Prefabs/road7bisbis.prefab
  artifactKey: Guid(12de98d7c6980b0439e891c283293129) Importer(815301076,1909f56bfc062723c751e8b465ee728b)
Start importing Assets/packAssets/CityVoxelPack/Assets/roads/medium/Prefabs/road7bisbis.prefab using Guid(12de98d7c6980b0439e891c283293129) Importer(815301076,1909f56bfc062723c751e8b465ee728b)  -> (artifact id: '45de48b35268555ce5a69fc7eef6fa12') in 0.023356 seconds 
========================================================================
Received Import Request.
  Time since last request: 0.000029 seconds.
  path: Assets/packAssets/CityVoxelPack/Assets/roads/medium/Prefabs/road5.prefab
  artifactKey: Guid(4b6feb3cb4202be47b3ede6863227ce7) Importer(815301076,1909f56bfc062723c751e8b465ee728b)
Start importing Assets/packAssets/CityVoxelPack/Assets/roads/medium/Prefabs/road5.prefab using Guid(4b6feb3cb4202be47b3ede6863227ce7) Importer(815301076,1909f56bfc062723c751e8b465ee728b)  -> (artifact id: '694bf1425853d00a0171db8c67a00804') in 0.027931 seconds 
========================================================================
Received Import Request.
  Time since last request: 0.000030 seconds.
  path: Assets/packAssets/CityVoxelPack/Assets/roads/medium/Prefabs/road6bis.prefab
  artifactKey: Guid(86e3f703ef449184faa4162711b382b3) Importer(815301076,1909f56bfc062723c751e8b465ee728b)
Start importing Assets/packAssets/CityVoxelPack/Assets/roads/medium/Prefabs/road6bis.prefab using Guid(86e3f703ef449184faa4162711b382b3) Importer(815301076,1909f56bfc062723c751e8b465ee728b)  -> (artifact id: '8aa0e4995770e2419372d9c20ca786fc') in 0.027754 seconds 
Editor requested this worker to shutdown with reason: Scaling down because of idle timeout
AssetImportWorker is now disconnected from the server
Process exiting
Exiting without the bug reporter. Application will terminate with return code 0