Using pre-set license
Built from '2021.3/staging' branch; Version is '2021.3.13f1 (9e7d58001ecf) revision 10386776'; Using compiler version '192829333'; Build Type 'Release'
OS: 'Windows 10  (10.0.19045) 64bit Education' Language: 'en' Physical Memory: 65296 MB
BatchMode: 1, IsHumanControllingUs: 0, StartBugReporterOnCrash: 0, Is64bit: 1, IsPro: 1

COMMAND LINE ARGUMENTS:
C:\Program Files\Unity\Hub\Editor\2021.3.13f1\Editor\Unity.exe
-adb2
-batchMode
-noUpm
-name
AssetImportWorker8
-projectPath
C:/Users/n00210357/Desktop/unitys/ProPacProject/Tank game
-logFile
Logs/AssetImportWorker8.log
-srvPort
56331
Successfully changed project path to: C:/Users/n00210357/Desktop/unitys/ProPacProject/Tank game
C:/Users/n00210357/Desktop/unitys/ProPacProject/Tank game
[UnityMemory] Configuration Parameters - Can be set up in boot.config
    "memorysetup-bucket-allocator-granularity=16"
    "memorysetup-bucket-allocator-bucket-count=8"
    "memorysetup-bucket-allocator-block-size=33554432"
    "memorysetup-bucket-allocator-block-count=8"
    "memorysetup-main-allocator-block-size=16777216"
    "memorysetup-thread-allocator-block-size=16777216"
    "memorysetup-gfx-main-allocator-block-size=16777216"
    "memorysetup-gfx-thread-allocator-block-size=16777216"
    "memorysetup-cache-allocator-block-size=4194304"
    "memorysetup-typetree-allocator-block-size=2097152"
    "memorysetup-profiler-bucket-allocator-granularity=16"
    "memorysetup-profiler-bucket-allocator-bucket-count=8"
    "memorysetup-profiler-bucket-allocator-block-size=33554432"
    "memorysetup-profiler-bucket-allocator-block-count=8"
    "memorysetup-profiler-allocator-block-size=16777216"
    "memorysetup-profiler-editor-allocator-block-size=1048576"
    "memorysetup-temp-allocator-size-main=16777216"
    "memorysetup-job-temp-allocator-block-size=2097152"
    "memorysetup-job-temp-allocator-block-size-background=1048576"
    "memorysetup-job-temp-allocator-reduction-small-platforms=262144"
    "memorysetup-temp-allocator-size-background-worker=32768"
    "memorysetup-temp-allocator-size-job-worker=262144"
    "memorysetup-temp-allocator-size-preload-manager=33554432"
    "memorysetup-temp-allocator-size-nav-mesh-worker=65536"
    "memorysetup-temp-allocator-size-audio-worker=65536"
    "memorysetup-temp-allocator-size-cloud-worker=32768"
    "memorysetup-temp-allocator-size-gi-baking-worker=262144"
    "memorysetup-temp-allocator-size-gfx=262144"
Refreshing native plugins compatible for Editor in 197.88 ms, found 3 plugins.
Preloading 0 native plugins for Editor in 0.00 ms.
Initialize engine version: 2021.3.13f1 (9e7d58001ecf)
[Subsystems] Discovering subsystems at path C:/Program Files/Unity/Hub/Editor/2021.3.13f1/Editor/Data/Resources/UnitySubsystems
[Subsystems] Discovering subsystems at path C:/Users/n00210357/Desktop/unitys/ProPacProject/Tank game/Assets
GfxDevice: creating device client; threaded=0; jobified=0
Direct3D:
    Version:  Direct3D 11.0 [level 11.1]
    Renderer: NVIDIA Quadro M4000 (ID=0x13f1)
    Vendor:   NVIDIA
    VRAM:     8139 MB
    Driver:   31.0.15.3742
Initialize mono
Mono path[0] = 'C:/Program Files/Unity/Hub/Editor/2021.3.13f1/Editor/Data/Managed'
Mono path[1] = 'C:/Program Files/Unity/Hub/Editor/2021.3.13f1/Editor/Data/MonoBleedingEdge/lib/mono/unityjit-win32'
Mono config path = 'C:/Program Files/Unity/Hub/Editor/2021.3.13f1/Editor/Data/MonoBleedingEdge/etc'
Using monoOptions --debugger-agent=transport=dt_socket,embedding=1,server=y,suspend=n,address=127.0.0.1:56956
Begin MonoManager ReloadAssembly
Registering precompiled unity dll's ...
Register platform support module: C:/Program Files/Unity/Hub/Editor/2021.3.13f1/Editor/Data/PlaybackEngines/WindowsStandaloneSupport/UnityEditor.WindowsStandalone.Extensions.dll
Registered in 0.027359 seconds.
Native extension for WindowsStandalone target not found
Refreshing native plugins compatible for Editor in 137.01 ms, found 3 plugins.
Preloading 0 native plugins for Editor in 0.00 ms.
Mono: successfully reloaded assembly
- Completed reload, in  1.175 seconds
Domain Reload Profiling:
	ReloadAssembly (1176ms)
		BeginReloadAssembly (184ms)
			ExecutionOrderSort (0ms)
			DisableScriptedObjects (0ms)
			BackupInstance (0ms)
			ReleaseScriptingObjects (0ms)
			CreateAndSetChildDomain (1ms)
		EndReloadAssembly (771ms)
			LoadAssemblies (177ms)
			RebuildTransferFunctionScriptingTraits (0ms)
			SetupTypeCache (175ms)
			ReleaseScriptCaches (0ms)
			RebuildScriptCaches (43ms)
			SetupLoadedEditorAssemblies (463ms)
				LogAssemblyErrors (0ms)
				InitializePlatformSupportModulesInManaged (16ms)
				SetLoadedEditorAssemblies (0ms)
				RefreshPlugins (137ms)
				BeforeProcessingInitializeOnLoad (2ms)
				ProcessInitializeOnLoadAttributes (228ms)
				ProcessInitializeOnLoadMethodAttributes (79ms)
				AfterProcessingInitializeOnLoad (0ms)
				EditorAssembliesLoaded (0ms)
			ExecutionOrderSort2 (0ms)
			AwakeInstancesAfterBackupRestoration (0ms)
Platform modules already initialized, skipping
Registering precompiled user dll's ...
Registered in 0.035700 seconds.
Begin MonoManager ReloadAssembly
Symbol file LoadedFromMemory doesn't match image C:\Users\n00210357\Desktop\unitys\ProPacProject\Tank game\Library\PackageCache\com.unity.visualscripting@1.7.8\Editor\VisualScripting.Core\Dependencies\YamlDotNet\Unity.VisualScripting.YamlDotNet.dll
Symbol file LoadedFromMemory doesn't match image C:\Users\n00210357\Desktop\unitys\ProPacProject\Tank game\Library\PackageCache\com.unity.visualscripting@1.7.8\Editor\VisualScripting.Core\Dependencies\DotNetZip\Unity.VisualScripting.IonicZip.dll
Native extension for WindowsStandalone target not found
Refreshing native plugins compatible for Editor in 0.99 ms, found 3 plugins.
Preloading 0 native plugins for Editor in 0.00 ms.
Mono: successfully reloaded assembly
- Completed reload, in  1.979 seconds
Domain Reload Profiling:
	ReloadAssembly (1980ms)
		BeginReloadAssembly (256ms)
			ExecutionOrderSort (0ms)
			DisableScriptedObjects (11ms)
			BackupInstance (0ms)
			ReleaseScriptingObjects (0ms)
			CreateAndSetChildDomain (37ms)
		EndReloadAssembly (1513ms)
			LoadAssemblies (222ms)
			RebuildTransferFunctionScriptingTraits (0ms)
			SetupTypeCache (459ms)
			ReleaseScriptCaches (1ms)
			RebuildScriptCaches (84ms)
			SetupLoadedEditorAssemblies (718ms)
				LogAssemblyErrors (0ms)
				InitializePlatformSupportModulesInManaged (14ms)
				SetLoadedEditorAssemblies (1ms)
				RefreshPlugins (1ms)
				BeforeProcessingInitializeOnLoad (172ms)
				ProcessInitializeOnLoadAttributes (433ms)
				ProcessInitializeOnLoadMethodAttributes (62ms)
				AfterProcessingInitializeOnLoad (36ms)
				EditorAssembliesLoaded (0ms)
			ExecutionOrderSort2 (0ms)
			AwakeInstancesAfterBackupRestoration (16ms)
Platform modules already initialized, skipping
========================================================================
Worker process is ready to serve import requests
Launched and connected shader compiler UnityShaderCompiler.exe after 0.12 seconds
Refreshing native plugins compatible for Editor in 0.90 ms, found 3 plugins.
Preloading 0 native plugins for Editor in 0.00 ms.
Unloading 3570 Unused Serialized files (Serialized files now loaded: 0)
Unloading 40 unused Assets / (184.1 KB). Loaded Objects now: 4042.
Memory consumption went from 140.5 MB to 140.3 MB.
Total: 15.124700 ms (FindLiveObjects: 0.613200 ms CreateObjectMapping: 0.465300 ms MarkObjects: 13.694300 ms  DeleteObjects: 0.349400 ms)

AssetImportParameters requested are different than current active one (requested -> active):
  custom:video-decoder-ogg-theora: a1e56fd34408186e4bbccfd4996cb3dc -> 
  custom:container-muxer-webm: aa71ff27fc2769a1b78a27578f13a17b -> 
  custom:container-demuxer-webm: 4f35f7cbe854078d1ac9338744f61a02 -> 
  custom:video-encoder-webm-vp8: eb34c28f22e8b96e1ab97ce403110664 -> 
  custom:audio-encoder-webm-vorbis: bf7c407c2cedff20999df2af8eb42d56 -> 
  custom:framework-win-MediaFoundation: 216162199b28c13a410421893ffa2e32 -> 
  custom:container-demuxer-ogg: 62fdf1f143b41e24485cea50d1cbac27 -> 
  custom:video-decoder-webm-vp8: 9c59270c3fd7afecdb556c50c9e8de78 -> 
  custom:audio-decoder-ogg-vorbis: bf7c407c2cedff20999df2af8eb42d56 -> 
========================================================================
Received Prepare
Registering precompiled user dll's ...
Registered in 0.038502 seconds.
Begin MonoManager ReloadAssembly
Symbol file LoadedFromMemory doesn't match image C:\Users\n00210357\Desktop\unitys\ProPacProject\Tank game\Library\PackageCache\com.unity.visualscripting@1.7.8\Editor\VisualScripting.Core\Dependencies\YamlDotNet\Unity.VisualScripting.YamlDotNet.dll
Symbol file LoadedFromMemory doesn't match image C:\Users\n00210357\Desktop\unitys\ProPacProject\Tank game\Library\PackageCache\com.unity.visualscripting@1.7.8\Editor\VisualScripting.Core\Dependencies\DotNetZip\Unity.VisualScripting.IonicZip.dll
Native extension for WindowsStandalone target not found
Refreshing native plugins compatible for Editor in 1.09 ms, found 3 plugins.
Preloading 0 native plugins for Editor in 0.00 ms.
Mono: successfully reloaded assembly
- Completed reload, in  2.124 seconds
Domain Reload Profiling:
	ReloadAssembly (2125ms)
		BeginReloadAssembly (300ms)
			ExecutionOrderSort (0ms)
			DisableScriptedObjects (9ms)
			BackupInstance (0ms)
			ReleaseScriptingObjects (0ms)
			CreateAndSetChildDomain (63ms)
		EndReloadAssembly (1599ms)
			LoadAssemblies (237ms)
			RebuildTransferFunctionScriptingTraits (0ms)
			SetupTypeCache (520ms)
			ReleaseScriptCaches (2ms)
			RebuildScriptCaches (88ms)
			SetupLoadedEditorAssemblies (707ms)
				LogAssemblyErrors (0ms)
				InitializePlatformSupportModulesInManaged (28ms)
				SetLoadedEditorAssemblies (1ms)
				RefreshPlugins (1ms)
				BeforeProcessingInitializeOnLoad (161ms)
				ProcessInitializeOnLoadAttributes (417ms)
				ProcessInitializeOnLoadMethodAttributes (62ms)
				AfterProcessingInitializeOnLoad (38ms)
				EditorAssembliesLoaded (0ms)
			ExecutionOrderSort2 (0ms)
			AwakeInstancesAfterBackupRestoration (16ms)
Platform modules already initialized, skipping
Refreshing native plugins compatible for Editor in 5.23 ms, found 3 plugins.
Preloading 0 native plugins for Editor in 0.00 ms.
Unloading 3552 Unused Serialized files (Serialized files now loaded: 0)
Unloading 21 unused Assets / (150.8 KB). Loaded Objects now: 4057.
Memory consumption went from 139.0 MB to 138.9 MB.
Total: 8.359700 ms (FindLiveObjects: 0.396300 ms CreateObjectMapping: 0.155700 ms MarkObjects: 7.654200 ms  DeleteObjects: 0.152200 ms)

AssetImportParameters requested are different than current active one (requested -> active):
  custom:video-decoder-ogg-theora: a1e56fd34408186e4bbccfd4996cb3dc -> 
  custom:container-muxer-webm: aa71ff27fc2769a1b78a27578f13a17b -> 
  custom:container-demuxer-webm: 4f35f7cbe854078d1ac9338744f61a02 -> 
  custom:video-encoder-webm-vp8: eb34c28f22e8b96e1ab97ce403110664 -> 
  custom:audio-encoder-webm-vorbis: bf7c407c2cedff20999df2af8eb42d56 -> 
  custom:framework-win-MediaFoundation: 216162199b28c13a410421893ffa2e32 -> 
  custom:container-demuxer-ogg: 62fdf1f143b41e24485cea50d1cbac27 -> 
  custom:video-decoder-webm-vp8: 9c59270c3fd7afecdb556c50c9e8de78 -> 
  custom:audio-decoder-ogg-vorbis: bf7c407c2cedff20999df2af8eb42d56 -> 
========================================================================
Received Prepare
Registering precompiled user dll's ...
Registered in 0.032168 seconds.
Begin MonoManager ReloadAssembly
Symbol file LoadedFromMemory doesn't match image C:\Users\n00210357\Desktop\unitys\ProPacProject\Tank game\Library\PackageCache\com.unity.visualscripting@1.7.8\Editor\VisualScripting.Core\Dependencies\YamlDotNet\Unity.VisualScripting.YamlDotNet.dll
Symbol file LoadedFromMemory doesn't match image C:\Users\n00210357\Desktop\unitys\ProPacProject\Tank game\Library\PackageCache\com.unity.visualscripting@1.7.8\Editor\VisualScripting.Core\Dependencies\DotNetZip\Unity.VisualScripting.IonicZip.dll
Native extension for WindowsStandalone target not found
Refreshing native plugins compatible for Editor in 0.86 ms, found 3 plugins.
Preloading 0 native plugins for Editor in 0.00 ms.
Mono: successfully reloaded assembly
- Completed reload, in  2.076 seconds
Domain Reload Profiling:
	ReloadAssembly (2077ms)
		BeginReloadAssembly (300ms)
			ExecutionOrderSort (0ms)
			DisableScriptedObjects (9ms)
			BackupInstance (0ms)
			ReleaseScriptingObjects (0ms)
			CreateAndSetChildDomain (68ms)
		EndReloadAssembly (1560ms)
			LoadAssemblies (248ms)
			RebuildTransferFunctionScriptingTraits (0ms)
			SetupTypeCache (513ms)
			ReleaseScriptCaches (3ms)
			RebuildScriptCaches (91ms)
			SetupLoadedEditorAssemblies (666ms)
				LogAssemblyErrors (0ms)
				InitializePlatformSupportModulesInManaged (30ms)
				SetLoadedEditorAssemblies (1ms)
				RefreshPlugins (1ms)
				BeforeProcessingInitializeOnLoad (155ms)
				ProcessInitializeOnLoadAttributes (391ms)
				ProcessInitializeOnLoadMethodAttributes (54ms)
				AfterProcessingInitializeOnLoad (35ms)
				EditorAssembliesLoaded (0ms)
			ExecutionOrderSort2 (0ms)
			AwakeInstancesAfterBackupRestoration (16ms)
Platform modules already initialized, skipping
Refreshing native plugins compatible for Editor in 5.02 ms, found 3 plugins.
Preloading 0 native plugins for Editor in 0.00 ms.
Unloading 3552 Unused Serialized files (Serialized files now loaded: 0)
Unloading 21 unused Assets / (150.8 KB). Loaded Objects now: 4072.
Memory consumption went from 139.0 MB to 138.9 MB.
Total: 6.962500 ms (FindLiveObjects: 0.440200 ms CreateObjectMapping: 0.146400 ms MarkObjects: 6.180900 ms  DeleteObjects: 0.193300 ms)

AssetImportParameters requested are different than current active one (requested -> active):
  custom:video-decoder-ogg-theora: a1e56fd34408186e4bbccfd4996cb3dc -> 
  custom:container-muxer-webm: aa71ff27fc2769a1b78a27578f13a17b -> 
  custom:container-demuxer-webm: 4f35f7cbe854078d1ac9338744f61a02 -> 
  custom:video-encoder-webm-vp8: eb34c28f22e8b96e1ab97ce403110664 -> 
  custom:audio-encoder-webm-vorbis: bf7c407c2cedff20999df2af8eb42d56 -> 
  custom:framework-win-MediaFoundation: 216162199b28c13a410421893ffa2e32 -> 
  custom:container-demuxer-ogg: 62fdf1f143b41e24485cea50d1cbac27 -> 
  custom:video-decoder-webm-vp8: 9c59270c3fd7afecdb556c50c9e8de78 -> 
  custom:audio-decoder-ogg-vorbis: bf7c407c2cedff20999df2af8eb42d56 -> 
========================================================================
Received Prepare
Registering precompiled user dll's ...
Registered in 0.028261 seconds.
Begin MonoManager ReloadAssembly
Symbol file LoadedFromMemory doesn't match image C:\Users\n00210357\Desktop\unitys\ProPacProject\Tank game\Library\PackageCache\com.unity.visualscripting@1.7.8\Editor\VisualScripting.Core\Dependencies\YamlDotNet\Unity.VisualScripting.YamlDotNet.dll
Symbol file LoadedFromMemory doesn't match image C:\Users\n00210357\Desktop\unitys\ProPacProject\Tank game\Library\PackageCache\com.unity.visualscripting@1.7.8\Editor\VisualScripting.Core\Dependencies\DotNetZip\Unity.VisualScripting.IonicZip.dll
Native extension for WindowsStandalone target not found
Refreshing native plugins compatible for Editor in 1.21 ms, found 3 plugins.
Preloading 0 native plugins for Editor in 0.00 ms.
Mono: successfully reloaded assembly
- Completed reload, in  2.162 seconds
Domain Reload Profiling:
	ReloadAssembly (2163ms)
		BeginReloadAssembly (325ms)
			ExecutionOrderSort (0ms)
			DisableScriptedObjects (9ms)
			BackupInstance (0ms)
			ReleaseScriptingObjects (0ms)
			CreateAndSetChildDomain (75ms)
		EndReloadAssembly (1619ms)
			LoadAssemblies (243ms)
			RebuildTransferFunctionScriptingTraits (0ms)
			SetupTypeCache (529ms)
			ReleaseScriptCaches (3ms)
			RebuildScriptCaches (96ms)
			SetupLoadedEditorAssemblies (699ms)
				LogAssemblyErrors (0ms)
				InitializePlatformSupportModulesInManaged (27ms)
				SetLoadedEditorAssemblies (1ms)
				RefreshPlugins (1ms)
				BeforeProcessingInitializeOnLoad (166ms)
				ProcessInitializeOnLoadAttributes (412ms)
				ProcessInitializeOnLoadMethodAttributes (57ms)
				AfterProcessingInitializeOnLoad (35ms)
				EditorAssembliesLoaded (0ms)
			ExecutionOrderSort2 (0ms)
			AwakeInstancesAfterBackupRestoration (15ms)
Platform modules already initialized, skipping
Refreshing native plugins compatible for Editor in 5.96 ms, found 3 plugins.
Preloading 0 native plugins for Editor in 0.00 ms.
Unloading 3552 Unused Serialized files (Serialized files now loaded: 0)
Unloading 21 unused Assets / (150.6 KB). Loaded Objects now: 4087.
Memory consumption went from 139.1 MB to 138.9 MB.
Total: 6.753400 ms (FindLiveObjects: 0.400900 ms CreateObjectMapping: 0.158200 ms MarkObjects: 6.057800 ms  DeleteObjects: 0.135100 ms)

AssetImportParameters requested are different than current active one (requested -> active):
  custom:video-decoder-ogg-theora: a1e56fd34408186e4bbccfd4996cb3dc -> 
  custom:container-muxer-webm: aa71ff27fc2769a1b78a27578f13a17b -> 
  custom:container-demuxer-webm: 4f35f7cbe854078d1ac9338744f61a02 -> 
  custom:video-encoder-webm-vp8: eb34c28f22e8b96e1ab97ce403110664 -> 
  custom:audio-encoder-webm-vorbis: bf7c407c2cedff20999df2af8eb42d56 -> 
  custom:framework-win-MediaFoundation: 216162199b28c13a410421893ffa2e32 -> 
  custom:container-demuxer-ogg: 62fdf1f143b41e24485cea50d1cbac27 -> 
  custom:video-decoder-webm-vp8: 9c59270c3fd7afecdb556c50c9e8de78 -> 
  custom:audio-decoder-ogg-vorbis: bf7c407c2cedff20999df2af8eb42d56 -> 
========================================================================
Received Import Request.
  Time since last request: 450732.904883 seconds.
  path: Assets/prefabs
  artifactKey: Guid(8f1eebaca82c6b247847c0cb7b91c917) Importer(815301076,1909f56bfc062723c751e8b465ee728b)
Start importing Assets/prefabs using Guid(8f1eebaca82c6b247847c0cb7b91c917) Importer(815301076,1909f56bfc062723c751e8b465ee728b)  -> (artifact id: '2d0ab85f66b83b96348b0c1b54403e8a') in 0.035605 seconds 
========================================================================
Received Import Request.
  Time since last request: 10.947524 seconds.
  path: Assets/prefabs/particles
  artifactKey: Guid(a671e118dbac0654bb286fb0b7eb4fb4) Importer(815301076,1909f56bfc062723c751e8b465ee728b)
Start importing Assets/prefabs/particles using Guid(a671e118dbac0654bb286fb0b7eb4fb4) Importer(815301076,1909f56bfc062723c751e8b465ee728b)  -> (artifact id: '4418bd209c9917a9e703a838758a7a39') in 0.022250 seconds 
========================================================================
Received Import Request.
  Time since last request: 8.715980 seconds.
  path: Assets/prefabs/props
  artifactKey: Guid(7c7bc1befb69d684b8c580a0797f2184) Importer(815301076,1909f56bfc062723c751e8b465ee728b)
Start importing Assets/prefabs/props using Guid(7c7bc1befb69d684b8c580a0797f2184) Importer(815301076,1909f56bfc062723c751e8b465ee728b)  -> (artifact id: '7bea15c58c0f24b481e4fbda6977d1fa') in 0.020618 seconds 
========================================================================
Received Import Request.
  Time since last request: 6.359671 seconds.
  path: Assets/prefabs/bullets
  artifactKey: Guid(7a4c0b25c1d03054ea9b5dd157d7a661) Importer(815301076,1909f56bfc062723c751e8b465ee728b)
Start importing Assets/prefabs/bullets using Guid(7a4c0b25c1d03054ea9b5dd157d7a661) Importer(815301076,1909f56bfc062723c751e8b465ee728b)  -> (artifact id: '4aab3ee28d055b0b4c8dc192d9baf067') in 0.006858 seconds 
========================================================================
Received Import Request.
  Time since last request: 7.198072 seconds.
  path: Assets/prefabs/structures
  artifactKey: Guid(386420859100504489a9814e18f2d201) Importer(815301076,1909f56bfc062723c751e8b465ee728b)
Start importing Assets/prefabs/structures using Guid(386420859100504489a9814e18f2d201) Importer(815301076,1909f56bfc062723c751e8b465ee728b)  -> (artifact id: '65988705a057df31c64870134cedc0bb') in 0.023273 seconds 
========================================================================
Received Import Request.
  Time since last request: 3.554946 seconds.
  path: Assets/prefabs/structures/basicRoadPiece.prefab
  artifactKey: Guid(56ff438b17b7e304e8eee8f00a4def3a) Importer(815301076,1909f56bfc062723c751e8b465ee728b)
Start importing Assets/prefabs/structures/basicRoadPiece.prefab using Guid(56ff438b17b7e304e8eee8f00a4def3a) Importer(815301076,1909f56bfc062723c751e8b465ee728b)  -> (artifact id: 'f29a981ce331531d59f539d3f34fc071') in 0.308963 seconds 
========================================================================
Received Import Request.
  Time since last request: 157.855669 seconds.
  path: Assets/Scenes/tutorial.unity
  artifactKey: Guid(9fc0d4010bbf28b4594072e72b8655ab) Importer(815301076,1909f56bfc062723c751e8b465ee728b)
Start importing Assets/Scenes/tutorial.unity using Guid(9fc0d4010bbf28b4594072e72b8655ab) Importer(815301076,1909f56bfc062723c751e8b465ee728b)  -> (artifact id: 'a90d7b1e707856a32a1a87e9ae480dc7') in 0.035539 seconds 
========================================================================
Received Import Request.
  Time since last request: 348.172444 seconds.
  path: Assets/Scenes/tutorial.unity
  artifactKey: Guid(9fc0d4010bbf28b4594072e72b8655ab) Importer(815301076,1909f56bfc062723c751e8b465ee728b)
Start importing Assets/Scenes/tutorial.unity using Guid(9fc0d4010bbf28b4594072e72b8655ab) Importer(815301076,1909f56bfc062723c751e8b465ee728b)  -> (artifact id: '07e76b5d8fd7ffa5e882a3eeed35a399') in 0.006640 seconds 
========================================================================
Received Import Request.
  Time since last request: 224.913789 seconds.
  path: Assets/Scenes/tutorial.unity
  artifactKey: Guid(9fc0d4010bbf28b4594072e72b8655ab) Importer(815301076,1909f56bfc062723c751e8b465ee728b)
Start importing Assets/Scenes/tutorial.unity using Guid(9fc0d4010bbf28b4594072e72b8655ab) Importer(815301076,1909f56bfc062723c751e8b465ee728b)  -> (artifact id: 'd027ec95aeeef7a164b02dd863c607e1') in 0.005752 seconds 
========================================================================
Received Prepare
Registering precompiled user dll's ...
Registered in 0.028049 seconds.
Begin MonoManager ReloadAssembly
Symbol file LoadedFromMemory doesn't match image C:\Users\n00210357\Desktop\unitys\ProPacProject\Tank game\Library\PackageCache\com.unity.visualscripting@1.7.8\Editor\VisualScripting.Core\Dependencies\YamlDotNet\Unity.VisualScripting.YamlDotNet.dll
Symbol file LoadedFromMemory doesn't match image C:\Users\n00210357\Desktop\unitys\ProPacProject\Tank game\Library\PackageCache\com.unity.visualscripting@1.7.8\Editor\VisualScripting.Core\Dependencies\DotNetZip\Unity.VisualScripting.IonicZip.dll
Native extension for WindowsStandalone target not found
Refreshing native plugins compatible for Editor in 1.20 ms, found 3 plugins.
Preloading 0 native plugins for Editor in 0.00 ms.
Mono: successfully reloaded assembly
- Completed reload, in  2.061 seconds
Domain Reload Profiling:
	ReloadAssembly (2062ms)
		BeginReloadAssembly (306ms)
			ExecutionOrderSort (0ms)
			DisableScriptedObjects (9ms)
			BackupInstance (0ms)
			ReleaseScriptingObjects (0ms)
			CreateAndSetChildDomain (72ms)
		EndReloadAssembly (1544ms)
			LoadAssemblies (244ms)
			RebuildTransferFunctionScriptingTraits (0ms)
			SetupTypeCache (505ms)
			ReleaseScriptCaches (2ms)
			RebuildScriptCaches (80ms)
			SetupLoadedEditorAssemblies (680ms)
				LogAssemblyErrors (0ms)
				InitializePlatformSupportModulesInManaged (27ms)
				SetLoadedEditorAssemblies (1ms)
				RefreshPlugins (1ms)
				BeforeProcessingInitializeOnLoad (157ms)
				ProcessInitializeOnLoadAttributes (403ms)
				ProcessInitializeOnLoadMethodAttributes (56ms)
				AfterProcessingInitializeOnLoad (34ms)
				EditorAssembliesLoaded (0ms)
			ExecutionOrderSort2 (0ms)
			AwakeInstancesAfterBackupRestoration (15ms)
Platform modules already initialized, skipping
Refreshing native plugins compatible for Editor in 5.35 ms, found 3 plugins.
Preloading 0 native plugins for Editor in 0.00 ms.
Unloading 3552 Unused Serialized files (Serialized files now loaded: 0)
Unloading 21 unused Assets / (150.9 KB). Loaded Objects now: 4110.
Memory consumption went from 143.5 MB to 143.3 MB.
Total: 6.260700 ms (FindLiveObjects: 0.424000 ms CreateObjectMapping: 0.148100 ms MarkObjects: 5.544100 ms  DeleteObjects: 0.143100 ms)

AssetImportParameters requested are different than current active one (requested -> active):
  custom:video-decoder-ogg-theora: a1e56fd34408186e4bbccfd4996cb3dc -> 
  custom:container-muxer-webm: aa71ff27fc2769a1b78a27578f13a17b -> 
  custom:container-demuxer-webm: 4f35f7cbe854078d1ac9338744f61a02 -> 
  custom:video-encoder-webm-vp8: eb34c28f22e8b96e1ab97ce403110664 -> 
  custom:audio-encoder-webm-vorbis: bf7c407c2cedff20999df2af8eb42d56 -> 
  custom:framework-win-MediaFoundation: 216162199b28c13a410421893ffa2e32 -> 
  custom:container-demuxer-ogg: 62fdf1f143b41e24485cea50d1cbac27 -> 
  custom:video-decoder-webm-vp8: 9c59270c3fd7afecdb556c50c9e8de78 -> 
  custom:audio-decoder-ogg-vorbis: bf7c407c2cedff20999df2af8eb42d56 -> 
========================================================================
Received Import Request.
  Time since last request: 886.553093 seconds.
  path: Assets/prefabs/structures/4WayRoad.prefab
  artifactKey: Guid(4da73ac7921e31f4db53cf680c824d82) Importer(815301076,1909f56bfc062723c751e8b465ee728b)
Start importing Assets/prefabs/structures/4WayRoad.prefab using Guid(4da73ac7921e31f4db53cf680c824d82) Importer(815301076,1909f56bfc062723c751e8b465ee728b)  -> (artifact id: '00371b93c10e50ace40095162fd4ddee') in 0.147430 seconds 
========================================================================
Received Prepare
Registering precompiled user dll's ...
Registered in 0.027858 seconds.
Begin MonoManager ReloadAssembly
Symbol file LoadedFromMemory doesn't match image C:\Users\n00210357\Desktop\unitys\ProPacProject\Tank game\Library\PackageCache\com.unity.visualscripting@1.7.8\Editor\VisualScripting.Core\Dependencies\YamlDotNet\Unity.VisualScripting.YamlDotNet.dll
Symbol file LoadedFromMemory doesn't match image C:\Users\n00210357\Desktop\unitys\ProPacProject\Tank game\Library\PackageCache\com.unity.visualscripting@1.7.8\Editor\VisualScripting.Core\Dependencies\DotNetZip\Unity.VisualScripting.IonicZip.dll
Native extension for WindowsStandalone target not found
Refreshing native plugins compatible for Editor in 0.97 ms, found 3 plugins.
Preloading 0 native plugins for Editor in 0.00 ms.
Mono: successfully reloaded assembly
- Completed reload, in  2.110 seconds
Domain Reload Profiling:
	ReloadAssembly (2112ms)
		BeginReloadAssembly (318ms)
			ExecutionOrderSort (0ms)
			DisableScriptedObjects (7ms)
			BackupInstance (0ms)
			ReleaseScriptingObjects (0ms)
			CreateAndSetChildDomain (70ms)
		EndReloadAssembly (1571ms)
			LoadAssemblies (259ms)
			RebuildTransferFunctionScriptingTraits (0ms)
			SetupTypeCache (507ms)
			ReleaseScriptCaches (3ms)
			RebuildScriptCaches (87ms)
			SetupLoadedEditorAssemblies (691ms)
				LogAssemblyErrors (0ms)
				InitializePlatformSupportModulesInManaged (27ms)
				SetLoadedEditorAssemblies (1ms)
				RefreshPlugins (1ms)
				BeforeProcessingInitializeOnLoad (161ms)
				ProcessInitializeOnLoadAttributes (409ms)
				ProcessInitializeOnLoadMethodAttributes (56ms)
				AfterProcessingInitializeOnLoad (35ms)
				EditorAssembliesLoaded (0ms)
			ExecutionOrderSort2 (0ms)
			AwakeInstancesAfterBackupRestoration (15ms)
Platform modules already initialized, skipping
Refreshing native plugins compatible for Editor in 5.33 ms, found 3 plugins.
Preloading 0 native plugins for Editor in 0.00 ms.
Unloading 3552 Unused Serialized files (Serialized files now loaded: 0)
Unloading 21 unused Assets / (150.8 KB). Loaded Objects now: 4125.
Memory consumption went from 143.5 MB to 143.4 MB.
Total: 6.949200 ms (FindLiveObjects: 0.475300 ms CreateObjectMapping: 0.301400 ms MarkObjects: 6.024400 ms  DeleteObjects: 0.146400 ms)

AssetImportParameters requested are different than current active one (requested -> active):
  custom:video-decoder-ogg-theora: a1e56fd34408186e4bbccfd4996cb3dc -> 
  custom:container-muxer-webm: aa71ff27fc2769a1b78a27578f13a17b -> 
  custom:container-demuxer-webm: 4f35f7cbe854078d1ac9338744f61a02 -> 
  custom:video-encoder-webm-vp8: eb34c28f22e8b96e1ab97ce403110664 -> 
  custom:audio-encoder-webm-vorbis: bf7c407c2cedff20999df2af8eb42d56 -> 
  custom:framework-win-MediaFoundation: 216162199b28c13a410421893ffa2e32 -> 
  custom:container-demuxer-ogg: 62fdf1f143b41e24485cea50d1cbac27 -> 
  custom:video-decoder-webm-vp8: 9c59270c3fd7afecdb556c50c9e8de78 -> 
  custom:audio-decoder-ogg-vorbis: bf7c407c2cedff20999df2af8eb42d56 -> 
========================================================================
Received Import Request.
  Time since last request: 330.110164 seconds.
  path: Assets/prefabs/structures/4WayRoad.prefab
  artifactKey: Guid(4da73ac7921e31f4db53cf680c824d82) Importer(815301076,1909f56bfc062723c751e8b465ee728b)
Start importing Assets/prefabs/structures/4WayRoad.prefab using Guid(4da73ac7921e31f4db53cf680c824d82) Importer(815301076,1909f56bfc062723c751e8b465ee728b)  -> (artifact id: '5d24ea9fcf0f5c0308a0a84b74aa1c59') in 0.123322 seconds 
========================================================================
Received Import Request.
  Time since last request: 2.541269 seconds.
  path: Assets/prefabs/structures/4WayRoad.prefab
  artifactKey: Guid(4da73ac7921e31f4db53cf680c824d82) Importer(815301076,1909f56bfc062723c751e8b465ee728b)
Start importing Assets/prefabs/structures/4WayRoad.prefab using Guid(4da73ac7921e31f4db53cf680c824d82) Importer(815301076,1909f56bfc062723c751e8b465ee728b)  -> (artifact id: '5a6c9ac5d3f0caa5a7e8e4ab736747c0') in 0.037365 seconds 
========================================================================
Received Import Request.
  Time since last request: 8.894438 seconds.
  path: Assets/prefabs/structures/basicRoadPiece.prefab
  artifactKey: Guid(56ff438b17b7e304e8eee8f00a4def3a) Importer(815301076,1909f56bfc062723c751e8b465ee728b)
Start importing Assets/prefabs/structures/basicRoadPiece.prefab using Guid(56ff438b17b7e304e8eee8f00a4def3a) Importer(815301076,1909f56bfc062723c751e8b465ee728b)  -> (artifact id: 'f19685528d7bc5d165e893f40b0b2729') in 0.026145 seconds 
========================================================================
Received Import Request.
  Time since last request: 8.692743 seconds.
  path: Assets/prefabs/structures/4WayRoad.prefab
  artifactKey: Guid(4da73ac7921e31f4db53cf680c824d82) Importer(815301076,1909f56bfc062723c751e8b465ee728b)
Start importing Assets/prefabs/structures/4WayRoad.prefab using Guid(4da73ac7921e31f4db53cf680c824d82) Importer(815301076,1909f56bfc062723c751e8b465ee728b)  -> (artifact id: 'b265f69f6744397beea6a15693955b25') in 0.025757 seconds 
========================================================================
Received Import Request.
  Time since last request: 3.127974 seconds.
  path: Assets/prefabs/structures/4WayRoad.prefab
  artifactKey: Guid(4da73ac7921e31f4db53cf680c824d82) Importer(815301076,1909f56bfc062723c751e8b465ee728b)
Start importing Assets/prefabs/structures/4WayRoad.prefab using Guid(4da73ac7921e31f4db53cf680c824d82) Importer(815301076,1909f56bfc062723c751e8b465ee728b)  -> (artifact id: '1fc44fac097ec4f40b879e434f0eb350') in 0.036748 seconds 
========================================================================
Received Import Request.
  Time since last request: 1.612130 seconds.
  path: Assets/prefabs/structures/4WayRoad.prefab
  artifactKey: Guid(4da73ac7921e31f4db53cf680c824d82) Importer(815301076,1909f56bfc062723c751e8b465ee728b)
Start importing Assets/prefabs/structures/4WayRoad.prefab using Guid(4da73ac7921e31f4db53cf680c824d82) Importer(815301076,1909f56bfc062723c751e8b465ee728b)  -> (artifact id: '6308436878657a7a5a8e5d94174c8a7c') in 0.025353 seconds 
========================================================================
Received Import Request.
  Time since last request: 19.821410 seconds.
  path: Assets/prefabs/structures/4WayRoad.prefab
  artifactKey: Guid(4da73ac7921e31f4db53cf680c824d82) Importer(815301076,1909f56bfc062723c751e8b465ee728b)
Start importing Assets/prefabs/structures/4WayRoad.prefab using Guid(4da73ac7921e31f4db53cf680c824d82) Importer(815301076,1909f56bfc062723c751e8b465ee728b)  -> (artifact id: '07fa44a5cf694df76cf5e08c957ad8be') in 0.025264 seconds 
========================================================================
Received Import Request.
  Time since last request: 17.358666 seconds.
  path: Assets/prefabs/structures/4WayRoad.prefab
  artifactKey: Guid(4da73ac7921e31f4db53cf680c824d82) Importer(815301076,1909f56bfc062723c751e8b465ee728b)
Start importing Assets/prefabs/structures/4WayRoad.prefab using Guid(4da73ac7921e31f4db53cf680c824d82) Importer(815301076,1909f56bfc062723c751e8b465ee728b)  -> (artifact id: '49d66ff81b7d53a3fca6b785ea9d10a8') in 0.028522 seconds 
========================================================================
Received Import Request.
  Time since last request: 8.175208 seconds.
  path: Assets/prefabs/structures/4WayRoad.prefab
  artifactKey: Guid(4da73ac7921e31f4db53cf680c824d82) Importer(815301076,1909f56bfc062723c751e8b465ee728b)
Start importing Assets/prefabs/structures/4WayRoad.prefab using Guid(4da73ac7921e31f4db53cf680c824d82) Importer(815301076,1909f56bfc062723c751e8b465ee728b)  -> (artifact id: '9749fd3b6d811f36182267db684e3082') in 0.026832 seconds 
========================================================================
Received Import Request.
  Time since last request: 7.065394 seconds.
  path: Assets/prefabs/structures/4WayRoad.prefab
  artifactKey: Guid(4da73ac7921e31f4db53cf680c824d82) Importer(815301076,1909f56bfc062723c751e8b465ee728b)
Start importing Assets/prefabs/structures/4WayRoad.prefab using Guid(4da73ac7921e31f4db53cf680c824d82) Importer(815301076,1909f56bfc062723c751e8b465ee728b)  -> (artifact id: '0d98cac5269b9f99e3e98c6d6d24cabd') in 0.024590 seconds 
========================================================================
Received Import Request.
  Time since last request: 1.823792 seconds.
  path: Assets/prefabs/structures/4WayRoad.prefab
  artifactKey: Guid(4da73ac7921e31f4db53cf680c824d82) Importer(815301076,1909f56bfc062723c751e8b465ee728b)
Start importing Assets/prefabs/structures/4WayRoad.prefab using Guid(4da73ac7921e31f4db53cf680c824d82) Importer(815301076,1909f56bfc062723c751e8b465ee728b)  -> (artifact id: '5d44e00c2c04d4b6f4443003c235a741') in 0.033744 seconds 
========================================================================
Received Import Request.
  Time since last request: 5.478660 seconds.
  path: Assets/prefabs/structures/4WayRoad.prefab
  artifactKey: Guid(4da73ac7921e31f4db53cf680c824d82) Importer(815301076,1909f56bfc062723c751e8b465ee728b)
Start importing Assets/prefabs/structures/4WayRoad.prefab using Guid(4da73ac7921e31f4db53cf680c824d82) Importer(815301076,1909f56bfc062723c751e8b465ee728b)  -> (artifact id: 'b34483bf46a5c12437ed44f133efa133') in 0.036389 seconds 
========================================================================
Received Import Request.
  Time since last request: 0.993485 seconds.
  path: Assets/prefabs/structures/4WayRoad.prefab
  artifactKey: Guid(4da73ac7921e31f4db53cf680c824d82) Importer(815301076,1909f56bfc062723c751e8b465ee728b)
Start importing Assets/prefabs/structures/4WayRoad.prefab using Guid(4da73ac7921e31f4db53cf680c824d82) Importer(815301076,1909f56bfc062723c751e8b465ee728b)  -> (artifact id: '54997b950533dec644f2fa9181161742') in 0.026973 seconds 
========================================================================
Received Import Request.
  Time since last request: 3.407599 seconds.
  path: Assets/prefabs/structures/4WayRoad.prefab
  artifactKey: Guid(4da73ac7921e31f4db53cf680c824d82) Importer(815301076,1909f56bfc062723c751e8b465ee728b)
Start importing Assets/prefabs/structures/4WayRoad.prefab using Guid(4da73ac7921e31f4db53cf680c824d82) Importer(815301076,1909f56bfc062723c751e8b465ee728b)  -> (artifact id: '3bf1b252d5ca53bcbd6aabc0e24b105a') in 0.024085 seconds 
========================================================================
Received Import Request.
  Time since last request: 5.208426 seconds.
  path: Assets/prefabs/structures/4WayRoad.prefab
  artifactKey: Guid(4da73ac7921e31f4db53cf680c824d82) Importer(815301076,1909f56bfc062723c751e8b465ee728b)
Start importing Assets/prefabs/structures/4WayRoad.prefab using Guid(4da73ac7921e31f4db53cf680c824d82) Importer(815301076,1909f56bfc062723c751e8b465ee728b)  -> (artifact id: '2d0806f56ebe1d0f1994d2949d5057b6') in 0.024969 seconds 
========================================================================
Received Import Request.
  Time since last request: 1.212886 seconds.
  path: Assets/prefabs/structures/4WayRoad.prefab
  artifactKey: Guid(4da73ac7921e31f4db53cf680c824d82) Importer(815301076,1909f56bfc062723c751e8b465ee728b)
Start importing Assets/prefabs/structures/4WayRoad.prefab using Guid(4da73ac7921e31f4db53cf680c824d82) Importer(815301076,1909f56bfc062723c751e8b465ee728b)  -> (artifact id: '1600c646820aa405c96c6c980c95ab58') in 0.025295 seconds 
========================================================================
Received Import Request.
  Time since last request: 27.760188 seconds.
  path: Assets/prefabs/structures/basicRoadPiece.prefab
  artifactKey: Guid(56ff438b17b7e304e8eee8f00a4def3a) Importer(815301076,1909f56bfc062723c751e8b465ee728b)
Start importing Assets/prefabs/structures/basicRoadPiece.prefab using Guid(56ff438b17b7e304e8eee8f00a4def3a) Importer(815301076,1909f56bfc062723c751e8b465ee728b)  -> (artifact id: 'f52aa9266e142973e8a49ceb1f75fe8c') in 0.021179 seconds 
========================================================================
Received Import Request.
  Time since last request: 7.897502 seconds.
  path: Assets/prefabs/structures/4WayRoad.prefab
  artifactKey: Guid(4da73ac7921e31f4db53cf680c824d82) Importer(815301076,1909f56bfc062723c751e8b465ee728b)
Start importing Assets/prefabs/structures/4WayRoad.prefab using Guid(4da73ac7921e31f4db53cf680c824d82) Importer(815301076,1909f56bfc062723c751e8b465ee728b)  -> (artifact id: '33632babeffc37a1ec1e688dc4c49f59') in 0.029008 seconds 
========================================================================
Received Import Request.
  Time since last request: 40.700439 seconds.
  path: Assets/prefabs/structures/4WayRoad.prefab
  artifactKey: Guid(4da73ac7921e31f4db53cf680c824d82) Importer(815301076,1909f56bfc062723c751e8b465ee728b)
Start importing Assets/prefabs/structures/4WayRoad.prefab using Guid(4da73ac7921e31f4db53cf680c824d82) Importer(815301076,1909f56bfc062723c751e8b465ee728b)  -> (artifact id: '2c139defd5b8f5efb1951c0a1d316fd4') in 0.030066 seconds 
========================================================================
Received Import Request.
  Time since last request: 7.505190 seconds.
  path: Assets/prefabs/structures/4WayRoad.prefab
  artifactKey: Guid(4da73ac7921e31f4db53cf680c824d82) Importer(815301076,1909f56bfc062723c751e8b465ee728b)
Start importing Assets/prefabs/structures/4WayRoad.prefab using Guid(4da73ac7921e31f4db53cf680c824d82) Importer(815301076,1909f56bfc062723c751e8b465ee728b)  -> (artifact id: '703a4f9221e51209a2e63713370cef83') in 0.025362 seconds 
========================================================================
Received Import Request.
  Time since last request: 7.265180 seconds.
  path: Assets/prefabs/structures/4WayRoad.prefab
  artifactKey: Guid(4da73ac7921e31f4db53cf680c824d82) Importer(815301076,1909f56bfc062723c751e8b465ee728b)
Start importing Assets/prefabs/structures/4WayRoad.prefab using Guid(4da73ac7921e31f4db53cf680c824d82) Importer(815301076,1909f56bfc062723c751e8b465ee728b)  -> (artifact id: '53171c1a52def26d4bf6a2b23fcc03c8') in 0.025970 seconds 
========================================================================
Received Import Request.
  Time since last request: 9.261240 seconds.
  path: Assets/prefabs/structures/4WayRoad.prefab
  artifactKey: Guid(4da73ac7921e31f4db53cf680c824d82) Importer(815301076,1909f56bfc062723c751e8b465ee728b)
Start importing Assets/prefabs/structures/4WayRoad.prefab using Guid(4da73ac7921e31f4db53cf680c824d82) Importer(815301076,1909f56bfc062723c751e8b465ee728b)  -> (artifact id: 'c31fa3931b68e815544e0f06a0f133c2') in 0.028613 seconds 
========================================================================
Received Import Request.
  Time since last request: 2.625026 seconds.
  path: Assets/prefabs/structures/4WayRoad.prefab
  artifactKey: Guid(4da73ac7921e31f4db53cf680c824d82) Importer(815301076,1909f56bfc062723c751e8b465ee728b)
Start importing Assets/prefabs/structures/4WayRoad.prefab using Guid(4da73ac7921e31f4db53cf680c824d82) Importer(815301076,1909f56bfc062723c751e8b465ee728b)  -> (artifact id: '25732e54233ecb7617e686f78c2eaa3c') in 0.034966 seconds 
========================================================================
Received Import Request.
  Time since last request: 29.917689 seconds.
  path: Assets/prefabs/structures/4WayRoad.prefab
  artifactKey: Guid(4da73ac7921e31f4db53cf680c824d82) Importer(815301076,1909f56bfc062723c751e8b465ee728b)
Start importing Assets/prefabs/structures/4WayRoad.prefab using Guid(4da73ac7921e31f4db53cf680c824d82) Importer(815301076,1909f56bfc062723c751e8b465ee728b)  -> (artifact id: 'ef4ced13a0bf0c7d9a5bf1c288203387') in 0.025844 seconds 
========================================================================
Received Import Request.
  Time since last request: 9.315166 seconds.
  path: Assets/prefabs/structures/4WayRoad.prefab
  artifactKey: Guid(4da73ac7921e31f4db53cf680c824d82) Importer(815301076,1909f56bfc062723c751e8b465ee728b)
Start importing Assets/prefabs/structures/4WayRoad.prefab using Guid(4da73ac7921e31f4db53cf680c824d82) Importer(815301076,1909f56bfc062723c751e8b465ee728b)  -> (artifact id: 'f211177e399aa4815756b2d03e3a105c') in 0.024404 seconds 
========================================================================
Received Import Request.
  Time since last request: 14.151662 seconds.
  path: Assets/prefabs/structures/4WayRoad.prefab
  artifactKey: Guid(4da73ac7921e31f4db53cf680c824d82) Importer(815301076,1909f56bfc062723c751e8b465ee728b)
Start importing Assets/prefabs/structures/4WayRoad.prefab using Guid(4da73ac7921e31f4db53cf680c824d82) Importer(815301076,1909f56bfc062723c751e8b465ee728b)  -> (artifact id: '2027deeb59f03fbd00196c0e8919e23a') in 0.043425 seconds 
========================================================================
Received Import Request.
  Time since last request: 5.354017 seconds.
  path: Assets/prefabs/structures/4WayRoad.prefab
  artifactKey: Guid(4da73ac7921e31f4db53cf680c824d82) Importer(815301076,1909f56bfc062723c751e8b465ee728b)
Start importing Assets/prefabs/structures/4WayRoad.prefab using Guid(4da73ac7921e31f4db53cf680c824d82) Importer(815301076,1909f56bfc062723c751e8b465ee728b)  -> (artifact id: '5f168754422f6faeb14f627b82baaa2c') in 0.043196 seconds 
========================================================================
Received Import Request.
  Time since last request: 11.273423 seconds.
  path: Assets/prefabs/structures/4WayRoad.prefab
  artifactKey: Guid(4da73ac7921e31f4db53cf680c824d82) Importer(815301076,1909f56bfc062723c751e8b465ee728b)
Start importing Assets/prefabs/structures/4WayRoad.prefab using Guid(4da73ac7921e31f4db53cf680c824d82) Importer(815301076,1909f56bfc062723c751e8b465ee728b)  -> (artifact id: '4d828c6f255001d648e1111b464f39c8') in 0.025299 seconds 
========================================================================
Received Import Request.
  Time since last request: 1.619666 seconds.
  path: Assets/prefabs/structures/4WayRoad.prefab
  artifactKey: Guid(4da73ac7921e31f4db53cf680c824d82) Importer(815301076,1909f56bfc062723c751e8b465ee728b)
Start importing Assets/prefabs/structures/4WayRoad.prefab using Guid(4da73ac7921e31f4db53cf680c824d82) Importer(815301076,1909f56bfc062723c751e8b465ee728b)  -> (artifact id: '65e195dcc45a8bf5bd797785c9f0063d') in 0.026072 seconds 
========================================================================
Received Import Request.
  Time since last request: 1.820572 seconds.
  path: Assets/prefabs/structures/4WayRoad.prefab
  artifactKey: Guid(4da73ac7921e31f4db53cf680c824d82) Importer(815301076,1909f56bfc062723c751e8b465ee728b)
Start importing Assets/prefabs/structures/4WayRoad.prefab using Guid(4da73ac7921e31f4db53cf680c824d82) Importer(815301076,1909f56bfc062723c751e8b465ee728b)  -> (artifact id: '519e2de4c1918df8917e5e8b26e129d3') in 0.026218 seconds 
========================================================================
Received Import Request.
  Time since last request: 2.006668 seconds.
  path: Assets/prefabs/structures/4WayRoad.prefab
  artifactKey: Guid(4da73ac7921e31f4db53cf680c824d82) Importer(815301076,1909f56bfc062723c751e8b465ee728b)
Start importing Assets/prefabs/structures/4WayRoad.prefab using Guid(4da73ac7921e31f4db53cf680c824d82) Importer(815301076,1909f56bfc062723c751e8b465ee728b)  -> (artifact id: '8a11c5a5202fb0467530064a7fe5f437') in 0.028008 seconds 
========================================================================
Received Import Request.
  Time since last request: 14.380685 seconds.
  path: Assets/prefabs/structures/4WayRoad.prefab
  artifactKey: Guid(4da73ac7921e31f4db53cf680c824d82) Importer(815301076,1909f56bfc062723c751e8b465ee728b)
Start importing Assets/prefabs/structures/4WayRoad.prefab using Guid(4da73ac7921e31f4db53cf680c824d82) Importer(815301076,1909f56bfc062723c751e8b465ee728b)  -> (artifact id: '54183bb9aaec892692d6a951d51f0612') in 0.024850 seconds 
========================================================================
Received Import Request.
  Time since last request: 22.702151 seconds.
  path: Assets/prefabs/structures/4WayRoad.prefab
  artifactKey: Guid(4da73ac7921e31f4db53cf680c824d82) Importer(815301076,1909f56bfc062723c751e8b465ee728b)
Start importing Assets/prefabs/structures/4WayRoad.prefab using Guid(4da73ac7921e31f4db53cf680c824d82) Importer(815301076,1909f56bfc062723c751e8b465ee728b)  -> (artifact id: 'd2107392e69ab212e6c1f5b42e2ce62f') in 0.025927 seconds 
========================================================================
Received Import Request.
  Time since last request: 118.892951 seconds.
  path: Assets/prefabs/structures/4WayRoad.prefab
  artifactKey: Guid(4da73ac7921e31f4db53cf680c824d82) Importer(815301076,1909f56bfc062723c751e8b465ee728b)
Start importing Assets/prefabs/structures/4WayRoad.prefab using Guid(4da73ac7921e31f4db53cf680c824d82) Importer(815301076,1909f56bfc062723c751e8b465ee728b)  -> (artifact id: '52e921b2ac87aaadffbe5ff8c7627a70') in 0.026630 seconds 
========================================================================
Received Import Request.
  Time since last request: 5.247580 seconds.
  path: Assets/prefabs/structures/4WayRoad.prefab
  artifactKey: Guid(4da73ac7921e31f4db53cf680c824d82) Importer(815301076,1909f56bfc062723c751e8b465ee728b)
Start importing Assets/prefabs/structures/4WayRoad.prefab using Guid(4da73ac7921e31f4db53cf680c824d82) Importer(815301076,1909f56bfc062723c751e8b465ee728b)  -> (artifact id: '8df615e3342a10dbc973199eef6a982d') in 0.025624 seconds 
========================================================================
Received Import Request.
  Time since last request: 7.252006 seconds.
  path: Assets/prefabs/structures/4WayRoad.prefab
  artifactKey: Guid(4da73ac7921e31f4db53cf680c824d82) Importer(815301076,1909f56bfc062723c751e8b465ee728b)
Start importing Assets/prefabs/structures/4WayRoad.prefab using Guid(4da73ac7921e31f4db53cf680c824d82) Importer(815301076,1909f56bfc062723c751e8b465ee728b)  -> (artifact id: 'cd2526fc7d5b5dc5a94cc8551883a5df') in 0.025205 seconds 
========================================================================
Received Import Request.
  Time since last request: 2.524684 seconds.
  path: Assets/prefabs/structures/4WayRoad.prefab
  artifactKey: Guid(4da73ac7921e31f4db53cf680c824d82) Importer(815301076,1909f56bfc062723c751e8b465ee728b)
Start importing Assets/prefabs/structures/4WayRoad.prefab using Guid(4da73ac7921e31f4db53cf680c824d82) Importer(815301076,1909f56bfc062723c751e8b465ee728b)  -> (artifact id: '003a564d17f34648f17221ea2a67c648') in 0.033738 seconds 
========================================================================
Received Import Request.
  Time since last request: 7.879852 seconds.
  path: Assets/prefabs/structures/4WayRoad.prefab
  artifactKey: Guid(4da73ac7921e31f4db53cf680c824d82) Importer(815301076,1909f56bfc062723c751e8b465ee728b)
Start importing Assets/prefabs/structures/4WayRoad.prefab using Guid(4da73ac7921e31f4db53cf680c824d82) Importer(815301076,1909f56bfc062723c751e8b465ee728b)  -> (artifact id: '2e225194e2acd07bba250688ef49e3b0') in 0.026476 seconds 
========================================================================
Received Prepare
Registering precompiled user dll's ...
Registered in 0.033366 seconds.
Begin MonoManager ReloadAssembly
Symbol file LoadedFromMemory doesn't match image C:\Users\n00210357\Desktop\unitys\ProPacProject\Tank game\Library\PackageCache\com.unity.visualscripting@1.7.8\Editor\VisualScripting.Core\Dependencies\YamlDotNet\Unity.VisualScripting.YamlDotNet.dll
Symbol file LoadedFromMemory doesn't match image C:\Users\n00210357\Desktop\unitys\ProPacProject\Tank game\Library\PackageCache\com.unity.visualscripting@1.7.8\Editor\VisualScripting.Core\Dependencies\DotNetZip\Unity.VisualScripting.IonicZip.dll
Native extension for WindowsStandalone target not found
Refreshing native plugins compatible for Editor in 1.18 ms, found 3 plugins.
Preloading 0 native plugins for Editor in 0.00 ms.
Mono: successfully reloaded assembly
- Completed reload, in  2.132 seconds
Domain Reload Profiling:
	ReloadAssembly (2133ms)
		BeginReloadAssembly (304ms)
			ExecutionOrderSort (0ms)
			DisableScriptedObjects (10ms)
			BackupInstance (0ms)
			ReleaseScriptingObjects (0ms)
			CreateAndSetChildDomain (71ms)
		EndReloadAssembly (1609ms)
			LoadAssemblies (237ms)
			RebuildTransferFunctionScriptingTraits (0ms)
			SetupTypeCache (538ms)
			ReleaseScriptCaches (3ms)
			RebuildScriptCaches (89ms)
			SetupLoadedEditorAssemblies (696ms)
				LogAssemblyErrors (0ms)
				InitializePlatformSupportModulesInManaged (27ms)
				SetLoadedEditorAssemblies (1ms)
				RefreshPlugins (1ms)
				BeforeProcessingInitializeOnLoad (158ms)
				ProcessInitializeOnLoadAttributes (416ms)
				ProcessInitializeOnLoadMethodAttributes (59ms)
				AfterProcessingInitializeOnLoad (33ms)
				EditorAssembliesLoaded (0ms)
			ExecutionOrderSort2 (0ms)
			AwakeInstancesAfterBackupRestoration (16ms)
Platform modules already initialized, skipping
Refreshing native plugins compatible for Editor in 5.25 ms, found 3 plugins.
Preloading 0 native plugins for Editor in 0.00 ms.
Unloading 3552 Unused Serialized files (Serialized files now loaded: 0)
Unloading 21 unused Assets / (150.7 KB). Loaded Objects now: 4140.
Memory consumption went from 143.6 MB to 143.5 MB.
Total: 7.499800 ms (FindLiveObjects: 0.446800 ms CreateObjectMapping: 0.238200 ms MarkObjects: 6.677000 ms  DeleteObjects: 0.136000 ms)

AssetImportParameters requested are different than current active one (requested -> active):
  custom:video-decoder-ogg-theora: a1e56fd34408186e4bbccfd4996cb3dc -> 
  custom:container-muxer-webm: aa71ff27fc2769a1b78a27578f13a17b -> 
  custom:container-demuxer-webm: 4f35f7cbe854078d1ac9338744f61a02 -> 
  custom:video-encoder-webm-vp8: eb34c28f22e8b96e1ab97ce403110664 -> 
  custom:audio-encoder-webm-vorbis: bf7c407c2cedff20999df2af8eb42d56 -> 
  custom:framework-win-MediaFoundation: 216162199b28c13a410421893ffa2e32 -> 
  custom:container-demuxer-ogg: 62fdf1f143b41e24485cea50d1cbac27 -> 
  custom:video-decoder-webm-vp8: 9c59270c3fd7afecdb556c50c9e8de78 -> 
  custom:audio-decoder-ogg-vorbis: bf7c407c2cedff20999df2af8eb42d56 -> 
========================================================================
Received Import Request.
  Time since last request: 308.480346 seconds.
  path: Assets/Scenes/tutorial.unity
  artifactKey: Guid(9fc0d4010bbf28b4594072e72b8655ab) Importer(815301076,1909f56bfc062723c751e8b465ee728b)
Start importing Assets/Scenes/tutorial.unity using Guid(9fc0d4010bbf28b4594072e72b8655ab) Importer(815301076,1909f56bfc062723c751e8b465ee728b)  -> (artifact id: 'dbcb48ab974cdec54335afef6e9a16c1') in 0.018915 seconds 
========================================================================
Received Import Request.
  Time since last request: 275.727928 seconds.
  path: Assets/Scenes/tutorial.unity
  artifactKey: Guid(9fc0d4010bbf28b4594072e72b8655ab) Importer(815301076,1909f56bfc062723c751e8b465ee728b)
Start importing Assets/Scenes/tutorial.unity using Guid(9fc0d4010bbf28b4594072e72b8655ab) Importer(815301076,1909f56bfc062723c751e8b465ee728b)  -> (artifact id: 'd82f1f0cad8be468d8a57e337d1f2f0b') in 0.007005 seconds 
========================================================================
Received Prepare
Registering precompiled user dll's ...
Registered in 0.029734 seconds.
Begin MonoManager ReloadAssembly
Symbol file LoadedFromMemory doesn't match image C:\Users\n00210357\Desktop\unitys\ProPacProject\Tank game\Library\PackageCache\com.unity.visualscripting@1.7.8\Editor\VisualScripting.Core\Dependencies\YamlDotNet\Unity.VisualScripting.YamlDotNet.dll
Symbol file LoadedFromMemory doesn't match image C:\Users\n00210357\Desktop\unitys\ProPacProject\Tank game\Library\PackageCache\com.unity.visualscripting@1.7.8\Editor\VisualScripting.Core\Dependencies\DotNetZip\Unity.VisualScripting.IonicZip.dll
Native extension for WindowsStandalone target not found
Refreshing native plugins compatible for Editor in 1.21 ms, found 3 plugins.
Preloading 0 native plugins for Editor in 0.00 ms.
Mono: successfully reloaded assembly
- Completed reload, in  2.107 seconds
Domain Reload Profiling:
	ReloadAssembly (2108ms)
		BeginReloadAssembly (318ms)
			ExecutionOrderSort (0ms)
			DisableScriptedObjects (7ms)
			BackupInstance (0ms)
			ReleaseScriptingObjects (0ms)
			CreateAndSetChildDomain (81ms)
		EndReloadAssembly (1559ms)
			LoadAssemblies (251ms)
			RebuildTransferFunctionScriptingTraits (0ms)
			SetupTypeCache (501ms)
			ReleaseScriptCaches (3ms)
			RebuildScriptCaches (84ms)
			SetupLoadedEditorAssemblies (693ms)
				LogAssemblyErrors (0ms)
				InitializePlatformSupportModulesInManaged (27ms)
				SetLoadedEditorAssemblies (1ms)
				RefreshPlugins (1ms)
				BeforeProcessingInitializeOnLoad (159ms)
				ProcessInitializeOnLoadAttributes (414ms)
				ProcessInitializeOnLoadMethodAttributes (57ms)
				AfterProcessingInitializeOnLoad (34ms)
				EditorAssembliesLoaded (0ms)
			ExecutionOrderSort2 (0ms)
			AwakeInstancesAfterBackupRestoration (16ms)
Platform modules already initialized, skipping
Refreshing native plugins compatible for Editor in 5.77 ms, found 3 plugins.
Preloading 0 native plugins for Editor in 0.00 ms.
Unloading 3552 Unused Serialized files (Serialized files now loaded: 0)
Unloading 21 unused Assets / (150.8 KB). Loaded Objects now: 4155.
Memory consumption went from 143.6 MB to 143.5 MB.
Total: 8.323000 ms (FindLiveObjects: 0.440700 ms CreateObjectMapping: 0.222100 ms MarkObjects: 7.496800 ms  DeleteObjects: 0.161800 ms)

AssetImportParameters requested are different than current active one (requested -> active):
  custom:video-decoder-ogg-theora: a1e56fd34408186e4bbccfd4996cb3dc -> 
  custom:container-muxer-webm: aa71ff27fc2769a1b78a27578f13a17b -> 
  custom:container-demuxer-webm: 4f35f7cbe854078d1ac9338744f61a02 -> 
  custom:video-encoder-webm-vp8: eb34c28f22e8b96e1ab97ce403110664 -> 
  custom:audio-encoder-webm-vorbis: bf7c407c2cedff20999df2af8eb42d56 -> 
  custom:framework-win-MediaFoundation: 216162199b28c13a410421893ffa2e32 -> 
  custom:container-demuxer-ogg: 62fdf1f143b41e24485cea50d1cbac27 -> 
  custom:video-decoder-webm-vp8: 9c59270c3fd7afecdb556c50c9e8de78 -> 
  custom:audio-decoder-ogg-vorbis: bf7c407c2cedff20999df2af8eb42d56 -> 
========================================================================
Received Prepare
Registering precompiled user dll's ...
Registered in 0.026986 seconds.
Begin MonoManager ReloadAssembly
Symbol file LoadedFromMemory doesn't match image C:\Users\n00210357\Desktop\unitys\ProPacProject\Tank game\Library\PackageCache\com.unity.visualscripting@1.7.8\Editor\VisualScripting.Core\Dependencies\YamlDotNet\Unity.VisualScripting.YamlDotNet.dll
Symbol file LoadedFromMemory doesn't match image C:\Users\n00210357\Desktop\unitys\ProPacProject\Tank game\Library\PackageCache\com.unity.visualscripting@1.7.8\Editor\VisualScripting.Core\Dependencies\DotNetZip\Unity.VisualScripting.IonicZip.dll
Native extension for WindowsStandalone target not found
Refreshing native plugins compatible for Editor in 1.13 ms, found 3 plugins.
Preloading 0 native plugins for Editor in 0.00 ms.
Mono: successfully reloaded assembly
- Completed reload, in  2.114 seconds
Domain Reload Profiling:
	ReloadAssembly (2115ms)
		BeginReloadAssembly (291ms)
			ExecutionOrderSort (0ms)
			DisableScriptedObjects (8ms)
			BackupInstance (0ms)
			ReleaseScriptingObjects (0ms)
			CreateAndSetChildDomain (68ms)
		EndReloadAssembly (1606ms)
			LoadAssemblies (239ms)
			RebuildTransferFunctionScriptingTraits (0ms)
			SetupTypeCache (534ms)
			ReleaseScriptCaches (3ms)
			RebuildScriptCaches (95ms)
			SetupLoadedEditorAssemblies (687ms)
				LogAssemblyErrors (0ms)
				InitializePlatformSupportModulesInManaged (28ms)
				SetLoadedEditorAssemblies (1ms)
				RefreshPlugins (1ms)
				BeforeProcessingInitializeOnLoad (162ms)
				ProcessInitializeOnLoadAttributes (404ms)
				ProcessInitializeOnLoadMethodAttributes (57ms)
				AfterProcessingInitializeOnLoad (34ms)
				EditorAssembliesLoaded (0ms)
			ExecutionOrderSort2 (0ms)
			AwakeInstancesAfterBackupRestoration (15ms)
Platform modules already initialized, skipping
Refreshing native plugins compatible for Editor in 5.25 ms, found 3 plugins.
Preloading 0 native plugins for Editor in 0.00 ms.
Unloading 3552 Unused Serialized files (Serialized files now loaded: 0)
Unloading 21 unused Assets / (150.7 KB). Loaded Objects now: 4170.
Memory consumption went from 143.6 MB to 143.5 MB.
Total: 7.203500 ms (FindLiveObjects: 0.467800 ms CreateObjectMapping: 0.195800 ms MarkObjects: 6.359900 ms  DeleteObjects: 0.178300 ms)

AssetImportParameters requested are different than current active one (requested -> active):
  custom:video-decoder-ogg-theora: a1e56fd34408186e4bbccfd4996cb3dc -> 
  custom:container-muxer-webm: aa71ff27fc2769a1b78a27578f13a17b -> 
  custom:container-demuxer-webm: 4f35f7cbe854078d1ac9338744f61a02 -> 
  custom:video-encoder-webm-vp8: eb34c28f22e8b96e1ab97ce403110664 -> 
  custom:audio-encoder-webm-vorbis: bf7c407c2cedff20999df2af8eb42d56 -> 
  custom:framework-win-MediaFoundation: 216162199b28c13a410421893ffa2e32 -> 
  custom:container-demuxer-ogg: 62fdf1f143b41e24485cea50d1cbac27 -> 
  custom:video-decoder-webm-vp8: 9c59270c3fd7afecdb556c50c9e8de78 -> 
  custom:audio-decoder-ogg-vorbis: bf7c407c2cedff20999df2af8eb42d56 -> 
========================================================================
Received Prepare
Registering precompiled user dll's ...
Registered in 0.028318 seconds.
Begin MonoManager ReloadAssembly
Symbol file LoadedFromMemory doesn't match image C:\Users\n00210357\Desktop\unitys\ProPacProject\Tank game\Library\PackageCache\com.unity.visualscripting@1.7.8\Editor\VisualScripting.Core\Dependencies\YamlDotNet\Unity.VisualScripting.YamlDotNet.dll
Symbol file LoadedFromMemory doesn't match image C:\Users\n00210357\Desktop\unitys\ProPacProject\Tank game\Library\PackageCache\com.unity.visualscripting@1.7.8\Editor\VisualScripting.Core\Dependencies\DotNetZip\Unity.VisualScripting.IonicZip.dll
Native extension for WindowsStandalone target not found
Refreshing native plugins compatible for Editor in 1.13 ms, found 3 plugins.
Preloading 0 native plugins for Editor in 0.00 ms.
Mono: successfully reloaded assembly
- Completed reload, in  2.028 seconds
Domain Reload Profiling:
	ReloadAssembly (2030ms)
		BeginReloadAssembly (293ms)
			ExecutionOrderSort (0ms)
			DisableScriptedObjects (7ms)
			BackupInstance (0ms)
			ReleaseScriptingObjects (0ms)
			CreateAndSetChildDomain (57ms)
		EndReloadAssembly (1530ms)
			LoadAssemblies (235ms)
			RebuildTransferFunctionScriptingTraits (0ms)
			SetupTypeCache (476ms)
			ReleaseScriptCaches (3ms)
			RebuildScriptCaches (88ms)
			SetupLoadedEditorAssemblies (689ms)
				LogAssemblyErrors (0ms)
				InitializePlatformSupportModulesInManaged (26ms)
				SetLoadedEditorAssemblies (1ms)
				RefreshPlugins (1ms)
				BeforeProcessingInitializeOnLoad (159ms)
				ProcessInitializeOnLoadAttributes (412ms)
				ProcessInitializeOnLoadMethodAttributes (56ms)
				AfterProcessingInitializeOnLoad (33ms)
				EditorAssembliesLoaded (0ms)
			ExecutionOrderSort2 (0ms)
			AwakeInstancesAfterBackupRestoration (15ms)
Platform modules already initialized, skipping
Refreshing native plugins compatible for Editor in 5.48 ms, found 3 plugins.
Preloading 0 native plugins for Editor in 0.00 ms.
Unloading 3552 Unused Serialized files (Serialized files now loaded: 0)
Unloading 21 unused Assets / (150.7 KB). Loaded Objects now: 4185.
Memory consumption went from 143.6 MB to 143.5 MB.
Total: 6.754000 ms (FindLiveObjects: 0.527400 ms CreateObjectMapping: 0.190200 ms MarkObjects: 5.870200 ms  DeleteObjects: 0.164600 ms)

AssetImportParameters requested are different than current active one (requested -> active):
  custom:video-decoder-ogg-theora: a1e56fd34408186e4bbccfd4996cb3dc -> 
  custom:container-muxer-webm: aa71ff27fc2769a1b78a27578f13a17b -> 
  custom:container-demuxer-webm: 4f35f7cbe854078d1ac9338744f61a02 -> 
  custom:video-encoder-webm-vp8: eb34c28f22e8b96e1ab97ce403110664 -> 
  custom:audio-encoder-webm-vorbis: bf7c407c2cedff20999df2af8eb42d56 -> 
  custom:framework-win-MediaFoundation: 216162199b28c13a410421893ffa2e32 -> 
  custom:container-demuxer-ogg: 62fdf1f143b41e24485cea50d1cbac27 -> 
  custom:video-decoder-webm-vp8: 9c59270c3fd7afecdb556c50c9e8de78 -> 
  custom:audio-decoder-ogg-vorbis: bf7c407c2cedff20999df2af8eb42d56 -> 
========================================================================
Received Prepare
Registering precompiled user dll's ...
Registered in 0.028219 seconds.
Begin MonoManager ReloadAssembly
Symbol file LoadedFromMemory doesn't match image C:\Users\n00210357\Desktop\unitys\ProPacProject\Tank game\Library\PackageCache\com.unity.visualscripting@1.7.8\Editor\VisualScripting.Core\Dependencies\YamlDotNet\Unity.VisualScripting.YamlDotNet.dll
Symbol file LoadedFromMemory doesn't match image C:\Users\n00210357\Desktop\unitys\ProPacProject\Tank game\Library\PackageCache\com.unity.visualscripting@1.7.8\Editor\VisualScripting.Core\Dependencies\DotNetZip\Unity.VisualScripting.IonicZip.dll
Native extension for WindowsStandalone target not found
Refreshing native plugins compatible for Editor in 1.26 ms, found 3 plugins.
Preloading 0 native plugins for Editor in 0.00 ms.
Mono: successfully reloaded assembly
- Completed reload, in  2.103 seconds
Domain Reload Profiling:
	ReloadAssembly (2104ms)
		BeginReloadAssembly (327ms)
			ExecutionOrderSort (0ms)
			DisableScriptedObjects (8ms)
			BackupInstance (0ms)
			ReleaseScriptingObjects (0ms)
			CreateAndSetChildDomain (75ms)
		EndReloadAssembly (1552ms)
			LoadAssemblies (254ms)
			RebuildTransferFunctionScriptingTraits (0ms)
			SetupTypeCache (495ms)
			ReleaseScriptCaches (3ms)
			RebuildScriptCaches (89ms)
			SetupLoadedEditorAssemblies (677ms)
				LogAssemblyErrors (0ms)
				InitializePlatformSupportModulesInManaged (27ms)
				SetLoadedEditorAssemblies (1ms)
				RefreshPlugins (1ms)
				BeforeProcessingInitializeOnLoad (155ms)
				ProcessInitializeOnLoadAttributes (400ms)
				ProcessInitializeOnLoadMethodAttributes (57ms)
				AfterProcessingInitializeOnLoad (35ms)
				EditorAssembliesLoaded (0ms)
			ExecutionOrderSort2 (0ms)
			AwakeInstancesAfterBackupRestoration (20ms)
Platform modules already initialized, skipping
Refreshing native plugins compatible for Editor in 5.01 ms, found 3 plugins.
Preloading 0 native plugins for Editor in 0.00 ms.
Unloading 3552 Unused Serialized files (Serialized files now loaded: 0)
Unloading 21 unused Assets / (150.7 KB). Loaded Objects now: 4200.
Memory consumption went from 143.8 MB to 143.6 MB.
Total: 7.824000 ms (FindLiveObjects: 0.521500 ms CreateObjectMapping: 0.208300 ms MarkObjects: 6.939400 ms  DeleteObjects: 0.153000 ms)

AssetImportParameters requested are different than current active one (requested -> active):
  custom:video-decoder-ogg-theora: a1e56fd34408186e4bbccfd4996cb3dc -> 
  custom:container-muxer-webm: aa71ff27fc2769a1b78a27578f13a17b -> 
  custom:container-demuxer-webm: 4f35f7cbe854078d1ac9338744f61a02 -> 
  custom:video-encoder-webm-vp8: eb34c28f22e8b96e1ab97ce403110664 -> 
  custom:audio-encoder-webm-vorbis: bf7c407c2cedff20999df2af8eb42d56 -> 
  custom:framework-win-MediaFoundation: 216162199b28c13a410421893ffa2e32 -> 
  custom:container-demuxer-ogg: 62fdf1f143b41e24485cea50d1cbac27 -> 
  custom:video-decoder-webm-vp8: 9c59270c3fd7afecdb556c50c9e8de78 -> 
  custom:audio-decoder-ogg-vorbis: bf7c407c2cedff20999df2af8eb42d56 -> 
========================================================================
Received Prepare
Registering precompiled user dll's ...
Registered in 0.028465 seconds.
Begin MonoManager ReloadAssembly
Symbol file LoadedFromMemory doesn't match image C:\Users\n00210357\Desktop\unitys\ProPacProject\Tank game\Library\PackageCache\com.unity.visualscripting@1.7.8\Editor\VisualScripting.Core\Dependencies\YamlDotNet\Unity.VisualScripting.YamlDotNet.dll
Symbol file LoadedFromMemory doesn't match image C:\Users\n00210357\Desktop\unitys\ProPacProject\Tank game\Library\PackageCache\com.unity.visualscripting@1.7.8\Editor\VisualScripting.Core\Dependencies\DotNetZip\Unity.VisualScripting.IonicZip.dll
Native extension for WindowsStandalone target not found
Refreshing native plugins compatible for Editor in 1.31 ms, found 3 plugins.
Preloading 0 native plugins for Editor in 0.00 ms.
Mono: successfully reloaded assembly
- Completed reload, in  1.979 seconds
Domain Reload Profiling:
	ReloadAssembly (1980ms)
		BeginReloadAssembly (293ms)
			ExecutionOrderSort (0ms)
			DisableScriptedObjects (8ms)
			BackupInstance (0ms)
			ReleaseScriptingObjects (0ms)
			CreateAndSetChildDomain (72ms)
		EndReloadAssembly (1468ms)
			LoadAssemblies (236ms)
			RebuildTransferFunctionScriptingTraits (0ms)
			SetupTypeCache (452ms)
			ReleaseScriptCaches (3ms)
			RebuildScriptCaches (77ms)
			SetupLoadedEditorAssemblies (653ms)
				LogAssemblyErrors (0ms)
				InitializePlatformSupportModulesInManaged (25ms)
				SetLoadedEditorAssemblies (1ms)
				RefreshPlugins (1ms)
				BeforeProcessingInitializeOnLoad (152ms)
				ProcessInitializeOnLoadAttributes (396ms)
				ProcessInitializeOnLoadMethodAttributes (48ms)
				AfterProcessingInitializeOnLoad (30ms)
				EditorAssembliesLoaded (0ms)
			ExecutionOrderSort2 (0ms)
			AwakeInstancesAfterBackupRestoration (13ms)
Platform modules already initialized, skipping
Refreshing native plugins compatible for Editor in 4.77 ms, found 3 plugins.
Preloading 0 native plugins for Editor in 0.00 ms.
Unloading 3552 Unused Serialized files (Serialized files now loaded: 0)
Unloading 21 unused Assets / (150.6 KB). Loaded Objects now: 4215.
Memory consumption went from 143.8 MB to 143.6 MB.
Total: 6.166200 ms (FindLiveObjects: 0.496100 ms CreateObjectMapping: 0.181100 ms MarkObjects: 5.341100 ms  DeleteObjects: 0.146500 ms)

AssetImportParameters requested are different than current active one (requested -> active):
  custom:video-decoder-ogg-theora: a1e56fd34408186e4bbccfd4996cb3dc -> 
  custom:container-muxer-webm: aa71ff27fc2769a1b78a27578f13a17b -> 
  custom:container-demuxer-webm: 4f35f7cbe854078d1ac9338744f61a02 -> 
  custom:video-encoder-webm-vp8: eb34c28f22e8b96e1ab97ce403110664 -> 
  custom:audio-encoder-webm-vorbis: bf7c407c2cedff20999df2af8eb42d56 -> 
  custom:framework-win-MediaFoundation: 216162199b28c13a410421893ffa2e32 -> 
  custom:container-demuxer-ogg: 62fdf1f143b41e24485cea50d1cbac27 -> 
  custom:video-decoder-webm-vp8: 9c59270c3fd7afecdb556c50c9e8de78 -> 
  custom:audio-decoder-ogg-vorbis: bf7c407c2cedff20999df2af8eb42d56 -> 
========================================================================
Received Prepare
Registering precompiled user dll's ...
Registered in 0.030540 seconds.
Begin MonoManager ReloadAssembly
Symbol file LoadedFromMemory doesn't match image C:\Users\n00210357\Desktop\unitys\ProPacProject\Tank game\Library\PackageCache\com.unity.visualscripting@1.7.8\Editor\VisualScripting.Core\Dependencies\YamlDotNet\Unity.VisualScripting.YamlDotNet.dll
Symbol file LoadedFromMemory doesn't match image C:\Users\n00210357\Desktop\unitys\ProPacProject\Tank game\Library\PackageCache\com.unity.visualscripting@1.7.8\Editor\VisualScripting.Core\Dependencies\DotNetZip\Unity.VisualScripting.IonicZip.dll
Native extension for WindowsStandalone target not found
Refreshing native plugins compatible for Editor in 1.28 ms, found 3 plugins.
Preloading 0 native plugins for Editor in 0.00 ms.
Mono: successfully reloaded assembly
- Completed reload, in  2.164 seconds
Domain Reload Profiling:
	ReloadAssembly (2165ms)
		BeginReloadAssembly (322ms)
			ExecutionOrderSort (0ms)
			DisableScriptedObjects (7ms)
			BackupInstance (0ms)
			ReleaseScriptingObjects (0ms)
			CreateAndSetChildDomain (84ms)
		EndReloadAssembly (1628ms)
			LoadAssemblies (240ms)
			RebuildTransferFunctionScriptingTraits (0ms)
			SetupTypeCache (504ms)
			ReleaseScriptCaches (3ms)
			RebuildScriptCaches (107ms)
			SetupLoadedEditorAssemblies (729ms)
				LogAssemblyErrors (0ms)
				InitializePlatformSupportModulesInManaged (28ms)
				SetLoadedEditorAssemblies (1ms)
				RefreshPlugins (1ms)
				BeforeProcessingInitializeOnLoad (168ms)
				ProcessInitializeOnLoadAttributes (440ms)
				ProcessInitializeOnLoadMethodAttributes (56ms)
				AfterProcessingInitializeOnLoad (34ms)
				EditorAssembliesLoaded (0ms)
			ExecutionOrderSort2 (0ms)
			AwakeInstancesAfterBackupRestoration (15ms)
Platform modules already initialized, skipping
Refreshing native plugins compatible for Editor in 5.19 ms, found 3 plugins.
Preloading 0 native plugins for Editor in 0.00 ms.
Unloading 3552 Unused Serialized files (Serialized files now loaded: 0)
Unloading 21 unused Assets / (150.8 KB). Loaded Objects now: 4230.
Memory consumption went from 143.8 MB to 143.7 MB.
Total: 8.055400 ms (FindLiveObjects: 0.500300 ms CreateObjectMapping: 0.167600 ms MarkObjects: 7.222400 ms  DeleteObjects: 0.163800 ms)

AssetImportParameters requested are different than current active one (requested -> active):
  custom:video-decoder-ogg-theora: a1e56fd34408186e4bbccfd4996cb3dc -> 
  custom:container-muxer-webm: aa71ff27fc2769a1b78a27578f13a17b -> 
  custom:container-demuxer-webm: 4f35f7cbe854078d1ac9338744f61a02 -> 
  custom:video-encoder-webm-vp8: eb34c28f22e8b96e1ab97ce403110664 -> 
  custom:audio-encoder-webm-vorbis: bf7c407c2cedff20999df2af8eb42d56 -> 
  custom:framework-win-MediaFoundation: 216162199b28c13a410421893ffa2e32 -> 
  custom:container-demuxer-ogg: 62fdf1f143b41e24485cea50d1cbac27 -> 
  custom:video-decoder-webm-vp8: 9c59270c3fd7afecdb556c50c9e8de78 -> 
  custom:audio-decoder-ogg-vorbis: bf7c407c2cedff20999df2af8eb42d56 -> 
========================================================================
Received Prepare
Registering precompiled user dll's ...
Registered in 0.026964 seconds.
Begin MonoManager ReloadAssembly
Symbol file LoadedFromMemory doesn't match image C:\Users\n00210357\Desktop\unitys\ProPacProject\Tank game\Library\PackageCache\com.unity.visualscripting@1.7.8\Editor\VisualScripting.Core\Dependencies\YamlDotNet\Unity.VisualScripting.YamlDotNet.dll
Symbol file LoadedFromMemory doesn't match image C:\Users\n00210357\Desktop\unitys\ProPacProject\Tank game\Library\PackageCache\com.unity.visualscripting@1.7.8\Editor\VisualScripting.Core\Dependencies\DotNetZip\Unity.VisualScripting.IonicZip.dll
Native extension for WindowsStandalone target not found
Refreshing native plugins compatible for Editor in 0.97 ms, found 3 plugins.
Preloading 0 native plugins for Editor in 0.00 ms.
Mono: successfully reloaded assembly
- Completed reload, in  2.163 seconds
Domain Reload Profiling:
	ReloadAssembly (2164ms)
		BeginReloadAssembly (315ms)
			ExecutionOrderSort (0ms)
			DisableScriptedObjects (10ms)
			BackupInstance (0ms)
			ReleaseScriptingObjects (0ms)
			CreateAndSetChildDomain (72ms)
		EndReloadAssembly (1620ms)
			LoadAssemblies (246ms)
			RebuildTransferFunctionScriptingTraits (0ms)
			SetupTypeCache (548ms)
			ReleaseScriptCaches (4ms)
			RebuildScriptCaches (91ms)
			SetupLoadedEditorAssemblies (691ms)
				LogAssemblyErrors (0ms)
				InitializePlatformSupportModulesInManaged (26ms)
				SetLoadedEditorAssemblies (1ms)
				RefreshPlugins (1ms)
				BeforeProcessingInitializeOnLoad (166ms)
				ProcessInitializeOnLoadAttributes (408ms)
				ProcessInitializeOnLoadMethodAttributes (55ms)
				AfterProcessingInitializeOnLoad (34ms)
				EditorAssembliesLoaded (0ms)
			ExecutionOrderSort2 (0ms)
			AwakeInstancesAfterBackupRestoration (15ms)
Platform modules already initialized, skipping
Refreshing native plugins compatible for Editor in 9.66 ms, found 3 plugins.
Preloading 0 native plugins for Editor in 0.00 ms.
Unloading 3552 Unused Serialized files (Serialized files now loaded: 0)
Unloading 21 unused Assets / (150.7 KB). Loaded Objects now: 4245.
Memory consumption went from 143.8 MB to 143.7 MB.
Total: 8.553400 ms (FindLiveObjects: 0.450900 ms CreateObjectMapping: 0.166700 ms MarkObjects: 7.786100 ms  DeleteObjects: 0.148300 ms)

AssetImportParameters requested are different than current active one (requested -> active):
  custom:video-decoder-ogg-theora: a1e56fd34408186e4bbccfd4996cb3dc -> 
  custom:container-muxer-webm: aa71ff27fc2769a1b78a27578f13a17b -> 
  custom:container-demuxer-webm: 4f35f7cbe854078d1ac9338744f61a02 -> 
  custom:video-encoder-webm-vp8: eb34c28f22e8b96e1ab97ce403110664 -> 
  custom:audio-encoder-webm-vorbis: bf7c407c2cedff20999df2af8eb42d56 -> 
  custom:framework-win-MediaFoundation: 216162199b28c13a410421893ffa2e32 -> 
  custom:container-demuxer-ogg: 62fdf1f143b41e24485cea50d1cbac27 -> 
  custom:video-decoder-webm-vp8: 9c59270c3fd7afecdb556c50c9e8de78 -> 
  custom:audio-decoder-ogg-vorbis: bf7c407c2cedff20999df2af8eb42d56 -> 
========================================================================
Received Prepare
Registering precompiled user dll's ...
Registered in 0.031399 seconds.
Begin MonoManager ReloadAssembly
Symbol file LoadedFromMemory doesn't match image C:\Users\n00210357\Desktop\unitys\ProPacProject\Tank game\Library\PackageCache\com.unity.visualscripting@1.7.8\Editor\VisualScripting.Core\Dependencies\YamlDotNet\Unity.VisualScripting.YamlDotNet.dll
Symbol file LoadedFromMemory doesn't match image C:\Users\n00210357\Desktop\unitys\ProPacProject\Tank game\Library\PackageCache\com.unity.visualscripting@1.7.8\Editor\VisualScripting.Core\Dependencies\DotNetZip\Unity.VisualScripting.IonicZip.dll
Native extension for WindowsStandalone target not found
Refreshing native plugins compatible for Editor in 0.91 ms, found 3 plugins.
Preloading 0 native plugins for Editor in 0.00 ms.
Mono: successfully reloaded assembly
- Completed reload, in  1.927 seconds
Domain Reload Profiling:
	ReloadAssembly (1928ms)
		BeginReloadAssembly (288ms)
			ExecutionOrderSort (0ms)
			DisableScriptedObjects (9ms)
			BackupInstance (0ms)
			ReleaseScriptingObjects (0ms)
			CreateAndSetChildDomain (58ms)
		EndReloadAssembly (1425ms)
			LoadAssemblies (238ms)
			RebuildTransferFunctionScriptingTraits (0ms)
			SetupTypeCache (470ms)
			ReleaseScriptCaches (3ms)
			RebuildScriptCaches (79ms)
			SetupLoadedEditorAssemblies (609ms)
				LogAssemblyErrors (0ms)
				InitializePlatformSupportModulesInManaged (24ms)
				SetLoadedEditorAssemblies (1ms)
				RefreshPlugins (1ms)
				BeforeProcessingInitializeOnLoad (143ms)
				ProcessInitializeOnLoadAttributes (361ms)
				ProcessInitializeOnLoadMethodAttributes (47ms)
				AfterProcessingInitializeOnLoad (31ms)
				EditorAssembliesLoaded (0ms)
			ExecutionOrderSort2 (0ms)
			AwakeInstancesAfterBackupRestoration (14ms)
Platform modules already initialized, skipping
Refreshing native plugins compatible for Editor in 5.61 ms, found 3 plugins.
Preloading 0 native plugins for Editor in 0.00 ms.
Unloading 3552 Unused Serialized files (Serialized files now loaded: 0)
Unloading 21 unused Assets / (150.7 KB). Loaded Objects now: 4260.
Memory consumption went from 143.8 MB to 143.7 MB.
Total: 7.436200 ms (FindLiveObjects: 0.525900 ms CreateObjectMapping: 0.195000 ms MarkObjects: 6.568200 ms  DeleteObjects: 0.145400 ms)

AssetImportParameters requested are different than current active one (requested -> active):
  custom:video-decoder-ogg-theora: a1e56fd34408186e4bbccfd4996cb3dc -> 
  custom:container-muxer-webm: aa71ff27fc2769a1b78a27578f13a17b -> 
  custom:container-demuxer-webm: 4f35f7cbe854078d1ac9338744f61a02 -> 
  custom:video-encoder-webm-vp8: eb34c28f22e8b96e1ab97ce403110664 -> 
  custom:audio-encoder-webm-vorbis: bf7c407c2cedff20999df2af8eb42d56 -> 
  custom:framework-win-MediaFoundation: 216162199b28c13a410421893ffa2e32 -> 
  custom:container-demuxer-ogg: 62fdf1f143b41e24485cea50d1cbac27 -> 
  custom:video-decoder-webm-vp8: 9c59270c3fd7afecdb556c50c9e8de78 -> 
  custom:audio-decoder-ogg-vorbis: bf7c407c2cedff20999df2af8eb42d56 -> 
========================================================================
Received Prepare
Registering precompiled user dll's ...
Registered in 0.028279 seconds.
Begin MonoManager ReloadAssembly
Symbol file LoadedFromMemory doesn't match image C:\Users\n00210357\Desktop\unitys\ProPacProject\Tank game\Library\PackageCache\com.unity.visualscripting@1.7.8\Editor\VisualScripting.Core\Dependencies\YamlDotNet\Unity.VisualScripting.YamlDotNet.dll
Symbol file LoadedFromMemory doesn't match image C:\Users\n00210357\Desktop\unitys\ProPacProject\Tank game\Library\PackageCache\com.unity.visualscripting@1.7.8\Editor\VisualScripting.Core\Dependencies\DotNetZip\Unity.VisualScripting.IonicZip.dll
Native extension for WindowsStandalone target not found
Refreshing native plugins compatible for Editor in 1.08 ms, found 3 plugins.
Preloading 0 native plugins for Editor in 0.00 ms.
Mono: successfully reloaded assembly
- Completed reload, in  2.053 seconds
Domain Reload Profiling:
	ReloadAssembly (2055ms)
		BeginReloadAssembly (291ms)
			ExecutionOrderSort (0ms)
			DisableScriptedObjects (8ms)
			BackupInstance (0ms)
			ReleaseScriptingObjects (0ms)
			CreateAndSetChildDomain (60ms)
		EndReloadAssembly (1556ms)
			LoadAssemblies (240ms)
			RebuildTransferFunctionScriptingTraits (0ms)
			SetupTypeCache (500ms)
			ReleaseScriptCaches (3ms)
			RebuildScriptCaches (88ms)
			SetupLoadedEditorAssemblies (684ms)
				LogAssemblyErrors (0ms)
				InitializePlatformSupportModulesInManaged (27ms)
				SetLoadedEditorAssemblies (1ms)
				RefreshPlugins (1ms)
				BeforeProcessingInitializeOnLoad (155ms)
				ProcessInitializeOnLoadAttributes (409ms)
				ProcessInitializeOnLoadMethodAttributes (57ms)
				AfterProcessingInitializeOnLoad (34ms)
				EditorAssembliesLoaded (0ms)
			ExecutionOrderSort2 (0ms)
			AwakeInstancesAfterBackupRestoration (15ms)
Platform modules already initialized, skipping
Refreshing native plugins compatible for Editor in 5.30 ms, found 3 plugins.
Preloading 0 native plugins for Editor in 0.00 ms.
Unloading 3552 Unused Serialized files (Serialized files now loaded: 0)
Unloading 21 unused Assets / (150.7 KB). Loaded Objects now: 4275.
Memory consumption went from 143.8 MB to 143.7 MB.
Total: 7.711100 ms (FindLiveObjects: 0.496100 ms CreateObjectMapping: 0.169500 ms MarkObjects: 6.904600 ms  DeleteObjects: 0.139500 ms)

AssetImportParameters requested are different than current active one (requested -> active):
  custom:video-decoder-ogg-theora: a1e56fd34408186e4bbccfd4996cb3dc -> 
  custom:container-muxer-webm: aa71ff27fc2769a1b78a27578f13a17b -> 
  custom:container-demuxer-webm: 4f35f7cbe854078d1ac9338744f61a02 -> 
  custom:video-encoder-webm-vp8: eb34c28f22e8b96e1ab97ce403110664 -> 
  custom:audio-encoder-webm-vorbis: bf7c407c2cedff20999df2af8eb42d56 -> 
  custom:framework-win-MediaFoundation: 216162199b28c13a410421893ffa2e32 -> 
  custom:container-demuxer-ogg: 62fdf1f143b41e24485cea50d1cbac27 -> 
  custom:video-decoder-webm-vp8: 9c59270c3fd7afecdb556c50c9e8de78 -> 
  custom:audio-decoder-ogg-vorbis: bf7c407c2cedff20999df2af8eb42d56 -> 
========================================================================
Received Import Request.
  Time since last request: 728.722736 seconds.
  path: Assets/Scenes/tutorial.unity
  artifactKey: Guid(9fc0d4010bbf28b4594072e72b8655ab) Importer(815301076,1909f56bfc062723c751e8b465ee728b)
Start importing Assets/Scenes/tutorial.unity using Guid(9fc0d4010bbf28b4594072e72b8655ab) Importer(815301076,1909f56bfc062723c751e8b465ee728b)  -> (artifact id: '8ba55c42ef4955039e03fa0cd3fd2dc5') in 0.051120 seconds 
========================================================================
Received Import Request.
  Time since last request: 62.694636 seconds.
  path: Assets/Scenes/tutorial.unity
  artifactKey: Guid(9fc0d4010bbf28b4594072e72b8655ab) Importer(815301076,1909f56bfc062723c751e8b465ee728b)
Start importing Assets/Scenes/tutorial.unity using Guid(9fc0d4010bbf28b4594072e72b8655ab) Importer(815301076,1909f56bfc062723c751e8b465ee728b)  -> (artifact id: 'bba2d840810aa75e93a7365cf6f07f47') in 0.006662 seconds 
